
[TRACE] 22-05-2019 04:48:12.012 CONTROLLER-MAHASISWA - ADD
[TRACE] 22-05-2019 04:48:12.012 SERVICE-MAHASISWA - Service ADD
[TRACE] 22-05-2019 04:48:12.012 SERVICE-MAHASISWA - Service ADD NIM not exist
[TRACE] 22-05-2019 04:48:12.012 SERVICE-MAHASISWA - Service ADD MHS Body 5555
[TRACE] 22-05-2019 04:48:12.012 SERVICE-MAHASISWA - Service ADD MHS Body 68
[TRACE] 22-05-2019 04:48:12.012 SERVICE-MAHASISWA - Masuk Error Code: SIA-51-500

[TRACE] 22-05-2019 04:50:59.059 CONTROLLER-MAHASISWA - ADD
[TRACE] 22-05-2019 04:50:59.059 SERVICE-MAHASISWA - Service ADD
[TRACE] 22-05-2019 04:51:00.000 SERVICE-MAHASISWA - Service ADD NIM not exist
[TRACE] 22-05-2019 04:51:00.000 SERVICE-MAHASISWA - Service ADD MHS Body 5555
[TRACE] 22-05-2019 04:51:00.000 SERVICE-MAHASISWA - Service ADD MHS Body 68
[TRACE] 22-05-2019 04:51:00.000 SERVICE-MAHASISWA - Masuk Error Code: SIA-51-500

[TRACE] 22-05-2019 04:53:00.000 CONTROLLER-MAHASISWA - ADD
[TRACE] 22-05-2019 04:53:00.000 SERVICE-MAHASISWA - Service ADD
[TRACE] 22-05-2019 04:53:00.000 SERVICE-MAHASISWA - Service ADD NIM not exist
[TRACE] 22-05-2019 04:53:00.000 SERVICE-MAHASISWA - Service ADD MHS Body 5555
[TRACE] 22-05-2019 04:53:00.000 SERVICE-MAHASISWA - Service ADD MHS Body 68
[TRACE] 22-05-2019 04:53:00.000 SERVICE-MAHASISWA - Masuk Error Code: SIA-51-500

[TRACE] 22-05-2019 04:55:25.025 CONTROLLER-MAHASISWA - ADD
[TRACE] 22-05-2019 04:55:25.025 SERVICE-MAHASISWA - Service ADD
[TRACE] 22-05-2019 04:55:25.025 SERVICE-MAHASISWA - Service ADD NIM not exist
[TRACE] 22-05-2019 04:55:25.025 SERVICE-MAHASISWA - Service ADD MHS Body 5555
[TRACE] 22-05-2019 04:55:25.025 SERVICE-MAHASISWA - Service ADD MHS Body 68
[TRACE] 22-05-2019 04:55:26.026 SERVICE-MAHASISWA - Success ADD Mahasiswa
[TRACE] 22-05-2019 04:55:26.026 SERVICE-MAHASISWA - Masuk Error Code: SIA-01-200

[TRACE] 22-05-2019 04:55:50.050 CONTROLLER-MAHASISWA - ADD
[TRACE] 22-05-2019 04:55:50.050 SERVICE-MAHASISWA - Service ADD
[TRACE] 22-05-2019 04:55:50.050 SERVICE-MAHASISWA - Service ADD NIM not exist
[TRACE] 22-05-2019 04:55:50.050 SERVICE-MAHASISWA - Service ADD MHS Body 5555
[TRACE] 22-05-2019 04:55:50.050 SERVICE-MAHASISWA - Service ADD MHS Body 68
[TRACE] 22-05-2019 04:55:50.050 SERVICE-MAHASISWA - Success ADD Mahasiswa
[TRACE] 22-05-2019 04:55:50.050 SERVICE-MAHASISWA - Masuk Error Code: SIA-01-200

[TRACE] 22-05-2019 05:04:13.013 CONTROLLER-MAHASISWA - SEARCH Header Client : siapti Param Nim : 67 Param nama : 67
[TRACE] 22-05-2019 05:04:13.013 SERVICE-MAHASISWA - Service Show : 
[TRACE] 22-05-2019 05:04:13.013 SERVICE-MAHASISWA - Masuk Error Code: SIA-01-200

[TRACE] 22-05-2019 06:06:56.056 CONTROLLER-MAHASISWA - FindByWali Param Nim : 5555
[TRACE] 22-05-2019 06:06:56.056 SERVICE-MAHASISWA - MASUK SERVICE DAFTAR MHS BY WALI 5555
[TRACE] 22-05-2019 06:06:56.056 SERVICE-MAHASISWA - Masuk Error Code: SIA-01-200

[TRACE] 28-05-2019 11:56:26.026 CONTROLLER-MAHASISWA - FIND ALL Header Client : siapti Param Pageable : Page request [number: 0, size 10, sort: nim: ASC]
[TRACE] 28-05-2019 11:56:26.026 SERVICE-MAHASISWA - Masuk Error Code: SIA-01-200

[TRACE] 28-05-2019 11:56:28.028 CONTROLLER-MAHASISWA - DETAIL Header Client : siapti Param Nim : aa
[TRACE] 28-05-2019 11:56:28.028 SERVICE-MAHASISWA - DETAIL
[ERROR] 28-05-2019 11:56:28.028 SERVICE-MAHASISWA - DETAIL ERROR : SIA-01-404
[TRACE] 28-05-2019 11:56:28.028 SERVICE-MAHASISWA - Masuk Error Code: SIA-01-404

[TRACE] 28-05-2019 11:57:26.026 CONTROLLER-MAHASISWA - FIND ALL Header Client : siapti Param Pageable : Page request [number: 0, size 10, sort: nim: ASC]
[TRACE] 28-05-2019 11:57:26.026 SERVICE-MAHASISWA - Masuk Error Code: SIA-01-200

[TRACE] 28-05-2019 11:57:28.028 CONTROLLER-MAHASISWA - DETAIL Header Client : siapti Param Nim : 672015053
[TRACE] 28-05-2019 11:57:28.028 SERVICE-MAHASISWA - DETAIL
[INFO ] 28-05-2019 11:57:28.028 SERVICE-MAHASISWA - DETAIL SUKSES
[TRACE] 28-05-2019 11:57:28.028 SERVICE-MAHASISWA - Masuk Error Code: SIA-01-200

[TRACE] 28-05-2019 11:57:31.031 CONTROLLER-MAHASISWA - SEARCH Header Client : siapti Param Nim : a Param nama : a
[TRACE] 28-05-2019 11:57:31.031 SERVICE-MAHASISWA - Service Show : 
[TRACE] 28-05-2019 11:57:31.031 SERVICE-MAHASISWA - Masuk Error Code: SIA-01-200

[TRACE] 28-05-2019 11:57:32.032 CONTROLLER-MAHASISWA - FIND ALL Header Client : siapti Param Pageable : Page request [number: 0, size 10, sort: nim: ASC]
[TRACE] 28-05-2019 11:57:32.032 SERVICE-MAHASISWA - Masuk Error Code: SIA-01-200

[TRACE] 28-05-2019 11:57:34.034 CONTROLLER-MAHASISWA - SEARCH Header Client : siapti Param Nim : 6 Param nama : 6
[TRACE] 28-05-2019 11:57:34.034 SERVICE-MAHASISWA - Service Show : 
[TRACE] 28-05-2019 11:57:34.034 SERVICE-MAHASISWA - Masuk Error Code: SIA-01-200

[TRACE] 28-05-2019 11:57:34.034 CONTROLLER-MAHASISWA - SEARCH Header Client : siapti Param Nim : 67 Param nama : 67
[TRACE] 28-05-2019 11:57:34.034 SERVICE-MAHASISWA - Service Show : 
[TRACE] 28-05-2019 11:57:34.034 SERVICE-MAHASISWA - Masuk Error Code: SIA-01-200

[TRACE] 28-05-2019 11:57:35.035 CONTROLLER-MAHASISWA - SEARCH Header Client : siapti Param Nim : 6 Param nama : 6
[TRACE] 28-05-2019 11:57:35.035 SERVICE-MAHASISWA - Service Show : 
[TRACE] 28-05-2019 11:57:35.035 SERVICE-MAHASISWA - Masuk Error Code: SIA-01-200

[TRACE] 28-05-2019 11:57:35.035 CONTROLLER-MAHASISWA - FIND ALL Header Client : siapti Param Pageable : Page request [number: 0, size 10, sort: nim: ASC]
[TRACE] 28-05-2019 11:57:35.035 SERVICE-MAHASISWA - Masuk Error Code: SIA-01-200

[TRACE] 28-05-2019 11:57:41.041 CONTROLLER-MAHASISWA - DETAIL Header Client : siapti Param Nim : 6724110
[TRACE] 28-05-2019 11:57:41.041 SERVICE-MAHASISWA - DETAIL
[INFO ] 28-05-2019 11:57:41.041 SERVICE-MAHASISWA - DETAIL SUKSES
[TRACE] 28-05-2019 11:57:41.041 SERVICE-MAHASISWA - Masuk Error Code: SIA-01-200

[TRACE] 28-05-2019 11:57:49.049 CONTROLLER-MAHASISWA - CONTROLLER DELETE Param Nim : 6724110
[TRACE] 28-05-2019 11:57:49.049 SERVICE-MAHASISWA - Service DELETE
[TRACE] 28-05-2019 11:57:49.049 SERVICE-MAHASISWA - Service DELETE NIM : 6724110
[TRACE] 28-05-2019 11:57:49.049 SERVICE-MAHASISWA - Service DELETE NIM Exist
[TRACE] 28-05-2019 11:57:49.049 SERVICE-MAHASISWA - Repo Delete Mahasiswa 6724110

[TRACE] 28-05-2019 11:57:50.050 CONTROLLER-MAHASISWA - FIND ALL Header Client : siapti Param Pageable : Page request [number: 0, size 10, sort: nim: ASC]
[TRACE] 28-05-2019 11:57:50.050 SERVICE-MAHASISWA - Masuk Error Code: SIA-01-200
[TRACE] 28-05-2019 11:57:50.050 SERVICE-MAHASISWA - Service DELETE Berhasil
[TRACE] 28-05-2019 11:57:50.050 SERVICE-MAHASISWA - Masuk Error Code: SIA-01-200

[TRACE] 28-05-2019 11:57:53.053 CONTROLLER-MAHASISWA - FIND ALL Header Client : siapti Param Pageable : Page request [number: 0, size 10, sort: nim: ASC]
[TRACE] 28-05-2019 11:57:53.053 SERVICE-MAHASISWA - Masuk Error Code: SIA-01-200

[TRACE] 28-05-2019 11:58:14.014 CONTROLLER-MAHASISWA - FIND ALL Header Client : siapti Param Pageable : Page request [number: 0, size 10, sort: nim: ASC]
[TRACE] 28-05-2019 11:58:14.014 SERVICE-MAHASISWA - Masuk Error Code: SIA-01-200

[TRACE] 28-05-2019 11:58:49.049 CONTROLLER-MAHASISWA - DETAIL Header Client : siapti Param Nim : 672015052
[TRACE] 28-05-2019 11:58:49.049 SERVICE-MAHASISWA - DETAIL
[INFO ] 28-05-2019 11:58:49.049 SERVICE-MAHASISWA - DETAIL SUKSES
[TRACE] 28-05-2019 11:58:49.049 SERVICE-MAHASISWA - Masuk Error Code: SIA-01-200

[TRACE] 29-05-2019 12:03:00.000 CONTROLLER-MAHASISWA - FIND ALL Header Client : siapti Param Pageable : Page request [number: 0, size 10, sort: nim: ASC]
[TRACE] 29-05-2019 12:03:00.000 SERVICE-MAHASISWA - Masuk Error Code: SIA-01-200

[TRACE] 29-05-2019 12:03:10.010 CONTROLLER-MAHASISWA - FIND ALL Header Client : siapti Param Pageable : Page request [number: 0, size 10, sort: nim: ASC]
[TRACE] 29-05-2019 12:03:10.010 SERVICE-MAHASISWA - Masuk Error Code: SIA-01-200

[TRACE] 29-05-2019 12:03:19.019 CONTROLLER-MAHASISWA - FIND ALL Header Client : siapti Param Pageable : Page request [number: 0, size 10, sort: nim: ASC]
[TRACE] 29-05-2019 12:03:19.019 SERVICE-MAHASISWA - Masuk Error Code: SIA-01-200

[TRACE] 29-05-2019 12:03:33.033 CONTROLLER-MAHASISWA - FIND ALL Header Client : siapti Param Pageable : Page request [number: 0, size 10, sort: nim: ASC]
[TRACE] 29-05-2019 12:03:33.033 SERVICE-MAHASISWA - Masuk Error Code: SIA-01-200

[TRACE] 29-05-2019 12:04:02.002 CONTROLLER-MAHASISWA - FIND ALL Header Client : siapti Param Pageable : Page request [number: 0, size 10, sort: nim: ASC]
[TRACE] 29-05-2019 12:04:02.002 SERVICE-MAHASISWA - Masuk Error Code: SIA-01-200

[TRACE] 29-05-2019 12:04:57.057 CONTROLLER-MAHASISWA - FIND ALL Header Client : siapti Param Pageable : Page request [number: 0, size 10, sort: nim: ASC]
[TRACE] 29-05-2019 12:04:57.057 SERVICE-MAHASISWA - Masuk Error Code: SIA-01-200

[TRACE] 29-05-2019 12:05:06.006 CONTROLLER-MAHASISWA - FIND ALL Header Client : siapti Param Pageable : Page request [number: 0, size 10, sort: nim: ASC]
[TRACE] 29-05-2019 12:05:06.006 SERVICE-MAHASISWA - Masuk Error Code: SIA-01-200

[TRACE] 29-05-2019 12:05:11.011 CONTROLLER-MAHASISWA - DETAIL Header Client : siapti Param Nim : 68192
[TRACE] 29-05-2019 12:05:11.011 SERVICE-MAHASISWA - DETAIL
[INFO ] 29-05-2019 12:05:11.011 SERVICE-MAHASISWA - DETAIL SUKSES
[TRACE] 29-05-2019 12:05:11.011 SERVICE-MAHASISWA - Masuk Error Code: SIA-01-200

[TRACE] 29-05-2019 12:05:16.016 CONTROLLER-MAHASISWA - FIND ALL Header Client : siapti Param Pageable : Page request [number: 0, size 10, sort: nim: ASC]
[TRACE] 29-05-2019 12:05:16.016 SERVICE-MAHASISWA - Masuk Error Code: SIA-01-200

[TRACE] 29-05-2019 12:05:29.029 CONTROLLER-MAHASISWA - FIND ALL Header Client : siapti Param Pageable : Page request [number: 0, size 10, sort: nim: ASC]
[TRACE] 29-05-2019 12:05:29.029 SERVICE-MAHASISWA - Masuk Error Code: SIA-01-200

[TRACE] 29-05-2019 12:06:00.000 CONTROLLER-MAHASISWA - FIND ALL Header Client : siapti Param Pageable : Page request [number: 0, size 10, sort: nim: ASC]
[TRACE] 29-05-2019 12:06:00.000 SERVICE-MAHASISWA - Masuk Error Code: SIA-01-200

[TRACE] 29-05-2019 12:06:05.005 CONTROLLER-MAHASISWA - FIND ALL Header Client : siapti Param Pageable : Page request [number: 0, size 10, sort: nim: ASC]
[TRACE] 29-05-2019 12:06:05.005 SERVICE-MAHASISWA - Masuk Error Code: SIA-01-200

[TRACE] 29-05-2019 12:06:20.020 CONTROLLER-MAHASISWA - FIND ALL Header Client : siapti Param Pageable : Page request [number: 0, size 10, sort: nim: ASC]
[TRACE] 29-05-2019 12:06:20.020 SERVICE-MAHASISWA - Masuk Error Code: SIA-01-200

[TRACE] 29-05-2019 12:07:02.002 CONTROLLER-MAHASISWA - FIND ALL Header Client : siapti Param Pageable : Page request [number: 0, size 10, sort: nim: ASC]
[TRACE] 29-05-2019 12:07:02.002 SERVICE-MAHASISWA - Masuk Error Code: SIA-01-200

[TRACE] 29-05-2019 12:07:38.038 CONTROLLER-MAHASISWA - FIND ALL Header Client : siapti Param Pageable : Page request [number: 0, size 10, sort: nim: ASC]
[TRACE] 29-05-2019 12:07:38.038 SERVICE-MAHASISWA - Masuk Error Code: SIA-01-200

[TRACE] 29-05-2019 12:07:41.041 CONTROLLER-MAHASISWA - FIND ALL Header Client : siapti Param Pageable : Page request [number: 0, size 10, sort: nim: ASC]
[TRACE] 29-05-2019 12:07:41.041 SERVICE-MAHASISWA - Masuk Error Code: SIA-01-200

[TRACE] 29-05-2019 12:07:45.045 CONTROLLER-MAHASISWA - FIND ALL Header Client : siapti Param Pageable : Page request [number: 0, size 10, sort: nim: ASC]
[TRACE] 29-05-2019 12:07:46.046 SERVICE-MAHASISWA - Masuk Error Code: SIA-01-200

[TRACE] 29-05-2019 12:08:07.007 CONTROLLER-MAHASISWA - FIND ALL Header Client : siapti Param Pageable : Page request [number: 0, size 10, sort: nim: ASC]
[TRACE] 29-05-2019 12:08:07.007 SERVICE-MAHASISWA - Masuk Error Code: SIA-01-200

[TRACE] 29-05-2019 12:08:08.008 CONTROLLER-MAHASISWA - FIND ALL Header Client : siapti Param Pageable : Page request [number: 0, size 10, sort: nim: ASC]
[TRACE] 29-05-2019 12:08:08.008 SERVICE-MAHASISWA - Masuk Error Code: SIA-01-200

[TRACE] 29-05-2019 12:08:11.011 CONTROLLER-MAHASISWA - FIND ALL Header Client : siapti Param Pageable : Page request [number: 0, size 10, sort: nim: ASC]
[TRACE] 29-05-2019 12:08:11.011 SERVICE-MAHASISWA - Masuk Error Code: SIA-01-200

[TRACE] 29-05-2019 12:08:25.025 CONTROLLER-MAHASISWA - FIND ALL Header Client : siapti Param Pageable : Page request [number: 0, size 10, sort: nim: ASC]
[TRACE] 29-05-2019 12:08:25.025 SERVICE-MAHASISWA - Masuk Error Code: SIA-01-200

[TRACE] 29-05-2019 12:08:29.029 CONTROLLER-MAHASISWA - FIND ALL Header Client : siapti Param Pageable : Page request [number: 0, size 10, sort: nim: ASC]
[TRACE] 29-05-2019 12:08:29.029 SERVICE-MAHASISWA - Masuk Error Code: SIA-01-200

[TRACE] 29-05-2019 12:10:06.006 CONTROLLER-MAHASISWA - FIND ALL Header Client : siapti Param Pageable : Page request [number: 0, size 10, sort: nim: ASC]
[TRACE] 29-05-2019 12:10:06.006 SERVICE-MAHASISWA - Masuk Error Code: SIA-01-200

[TRACE] 29-05-2019 12:10:37.037 CONTROLLER-MAHASISWA - FIND ALL Header Client : siapti Param Pageable : Page request [number: 0, size 10, sort: nim: ASC]
[TRACE] 29-05-2019 12:10:37.037 SERVICE-MAHASISWA - Masuk Error Code: SIA-01-200

[TRACE] 29-05-2019 12:10:43.043 CONTROLLER-MAHASISWA - FIND ALL Header Client : siapti Param Pageable : Page request [number: 0, size 10, sort: nim: ASC]
[TRACE] 29-05-2019 12:10:44.044 SERVICE-MAHASISWA - Masuk Error Code: SIA-01-200

[TRACE] 29-05-2019 12:10:44.044 CONTROLLER-MAHASISWA - DETAIL Header Client : siapti Param Nim : 672015052
[TRACE] 29-05-2019 12:10:44.044 SERVICE-MAHASISWA - DETAIL
[INFO ] 29-05-2019 12:10:44.044 SERVICE-MAHASISWA - DETAIL SUKSES
[TRACE] 29-05-2019 12:10:44.044 SERVICE-MAHASISWA - Masuk Error Code: SIA-01-200

[TRACE] 29-05-2019 12:10:49.049 CONTROLLER-MAHASISWA - FIND ALL Header Client : siapti Param Pageable : Page request [number: 0, size 10, sort: nim: ASC]
[TRACE] 29-05-2019 12:10:49.049 SERVICE-MAHASISWA - Masuk Error Code: SIA-01-200

[TRACE] 29-05-2019 12:10:50.050 CONTROLLER-MAHASISWA - DETAIL Header Client : siapti Param Nim : 68194
[TRACE] 29-05-2019 12:10:50.050 SERVICE-MAHASISWA - DETAIL
[INFO ] 29-05-2019 12:10:50.050 SERVICE-MAHASISWA - DETAIL SUKSES
[TRACE] 29-05-2019 12:10:50.050 SERVICE-MAHASISWA - Masuk Error Code: SIA-01-200

[TRACE] 29-05-2019 12:11:07.007 CONTROLLER-MAHASISWA - DETAIL Header Client : siapti Param Nim : 68194
[TRACE] 29-05-2019 12:11:07.007 SERVICE-MAHASISWA - DETAIL
[INFO ] 29-05-2019 12:11:07.007 SERVICE-MAHASISWA - DETAIL SUKSES
[TRACE] 29-05-2019 12:11:07.007 SERVICE-MAHASISWA - Masuk Error Code: SIA-01-200

[TRACE] 29-05-2019 12:11:35.035 CONTROLLER-MAHASISWA - FIND ALL Header Client : siapti Param Pageable : Page request [number: 0, size 10, sort: nim: ASC]
[TRACE] 29-05-2019 12:11:35.035 SERVICE-MAHASISWA - Masuk Error Code: SIA-01-200

[TRACE] 29-05-2019 12:11:58.058 CONTROLLER-MAHASISWA - FIND ALL Header Client : siapti Param Pageable : Page request [number: 0, size 10, sort: nim: ASC]
[TRACE] 29-05-2019 12:11:58.058 SERVICE-MAHASISWA - Masuk Error Code: SIA-01-200

[TRACE] 29-05-2019 12:12:29.029 CONTROLLER-MAHASISWA - FIND ALL Header Client : siapti Param Pageable : Page request [number: 0, size 10, sort: nim: ASC]
[TRACE] 29-05-2019 12:12:29.029 SERVICE-MAHASISWA - Masuk Error Code: SIA-01-200

[TRACE] 29-05-2019 12:13:14.014 CONTROLLER-MAHASISWA - FIND ALL Header Client : siapti Param Pageable : Page request [number: 0, size 10, sort: nim: ASC]
[TRACE] 29-05-2019 12:13:14.014 SERVICE-MAHASISWA - Masuk Error Code: SIA-01-200

[TRACE] 29-05-2019 12:13:47.047 CONTROLLER-MAHASISWA - ADD
[TRACE] 29-05-2019 12:13:47.047 SERVICE-MAHASISWA - Service ADD
[TRACE] 29-05-2019 12:13:47.047 SERVICE-MAHASISWA - Service ADD NIM not exist
[TRACE] 29-05-2019 12:13:47.047 SERVICE-MAHASISWA - Repo ADD MHS Body 1111
[TRACE] 29-05-2019 12:13:47.047 SERVICE-MAHASISWA - Repo ADD MHS Body 59

[TRACE] 29-05-2019 12:13:47.047 CONTROLLER-MAHASISWA - FIND ALL Header Client : siapti Param Pageable : Page request [number: 0, size 10, sort: nim: ASC]
[TRACE] 29-05-2019 12:13:47.047 SERVICE-MAHASISWA - Masuk Error Code: SIA-01-200
[TRACE] 29-05-2019 12:13:47.047 SERVICE-MAHASISWA - Success ADD Mahasiswa
[TRACE] 29-05-2019 12:13:47.047 SERVICE-MAHASISWA - Masuk Error Code: SIA-01-200

[TRACE] 29-05-2019 12:14:14.014 CONTROLLER-MAHASISWA - FIND ALL Header Client : siapti Param Pageable : Page request [number: 0, size 10, sort: nim: ASC]
[TRACE] 29-05-2019 12:14:14.014 SERVICE-MAHASISWA - Masuk Error Code: SIA-01-200

[TRACE] 29-05-2019 12:14:24.024 CONTROLLER-MAHASISWA - SEARCH Header Client : siapti Param Nim : h Param nama : h
[TRACE] 29-05-2019 12:14:24.024 SERVICE-MAHASISWA - Service Show : 
[TRACE] 29-05-2019 12:14:24.024 SERVICE-MAHASISWA - Masuk Error Code: SIA-01-200

[TRACE] 29-05-2019 12:14:24.024 CONTROLLER-MAHASISWA - SEARCH Header Client : siapti Param Nim : ha Param nama : ha
[TRACE] 29-05-2019 12:14:24.024 SERVICE-MAHASISWA - Service Show : 
[TRACE] 29-05-2019 12:14:24.024 SERVICE-MAHASISWA - Masuk Error Code: SIA-01-200

[TRACE] 29-05-2019 12:14:25.025 CONTROLLER-MAHASISWA - SEARCH Header Client : siapti Param Nim : han Param nama : han
[TRACE] 29-05-2019 12:14:25.025 SERVICE-MAHASISWA - Service Show : 
[TRACE] 29-05-2019 12:14:25.025 SERVICE-MAHASISWA - Masuk Error Code: SIA-01-200

[TRACE] 29-05-2019 12:14:26.026 CONTROLLER-MAHASISWA - SEARCH Header Client : siapti Param Nim : ha Param nama : ha
[TRACE] 29-05-2019 12:14:26.026 SERVICE-MAHASISWA - Service Show : 
[TRACE] 29-05-2019 12:14:26.026 SERVICE-MAHASISWA - Masuk Error Code: SIA-01-200

[TRACE] 29-05-2019 12:14:29.029 CONTROLLER-MAHASISWA - SEARCH Header Client : siapti Param Nim : h Param nama : h
[TRACE] 29-05-2019 12:14:29.029 SERVICE-MAHASISWA - Service Show : 
[TRACE] 29-05-2019 12:14:29.029 SERVICE-MAHASISWA - Masuk Error Code: SIA-01-200

[TRACE] 29-05-2019 12:14:29.029 CONTROLLER-MAHASISWA - FIND ALL Header Client : siapti Param Pageable : Page request [number: 0, size 10, sort: nim: ASC]
[TRACE] 29-05-2019 12:14:29.029 SERVICE-MAHASISWA - Masuk Error Code: SIA-01-200

[TRACE] 29-05-2019 12:14:31.031 CONTROLLER-MAHASISWA - DETAIL Header Client : siapti Param Nim : 59191
[TRACE] 29-05-2019 12:14:31.031 SERVICE-MAHASISWA - DETAIL
[INFO ] 29-05-2019 12:14:31.031 SERVICE-MAHASISWA - DETAIL SUKSES
[TRACE] 29-05-2019 12:14:31.031 SERVICE-MAHASISWA - Masuk Error Code: SIA-01-200

[TRACE] 29-05-2019 12:14:44.044 CONTROLLER-MAHASISWA - FIND ALL Header Client : siapti Param Pageable : Page request [number: 0, size 10, sort: nim: ASC]
[TRACE] 29-05-2019 12:14:44.044 SERVICE-MAHASISWA - Masuk Error Code: SIA-01-200

[TRACE] 29-05-2019 12:14:47.047 CONTROLLER-MAHASISWA - FIND ALL Header Client : siapti Param Pageable : Page request [number: 0, size 10, sort: nim: ASC]
[TRACE] 29-05-2019 12:14:47.047 SERVICE-MAHASISWA - Masuk Error Code: SIA-01-200

[TRACE] 29-05-2019 12:18:22.022 CONTROLLER-MAHASISWA - FIND ALL Header Client : siapti Param Pageable : Page request [number: 0, size 10, sort: nim: ASC]
[TRACE] 29-05-2019 12:18:22.022 SERVICE-MAHASISWA - Masuk Error Code: SIA-01-200

[TRACE] 29-05-2019 12:18:23.023 CONTROLLER-MAHASISWA - FIND ALL Header Client : siapti Param Pageable : Page request [number: 0, size 10, sort: nim: ASC]
[TRACE] 29-05-2019 12:18:23.023 SERVICE-MAHASISWA - Masuk Error Code: SIA-01-200

[TRACE] 29-05-2019 12:18:42.042 CONTROLLER-MAHASISWA - FIND ALL Header Client : siapti Param Pageable : Page request [number: 0, size 10, sort: nim: ASC]
[TRACE] 29-05-2019 12:18:42.042 SERVICE-MAHASISWA - Masuk Error Code: SIA-01-200

[TRACE] 29-05-2019 12:18:49.049 CONTROLLER-MAHASISWA - FIND ALL Header Client : siapti Param Pageable : Page request [number: 0, size 10, sort: nim: ASC]
[TRACE] 29-05-2019 12:18:49.049 SERVICE-MAHASISWA - Masuk Error Code: SIA-01-200

[TRACE] 29-05-2019 12:19:18.018 CONTROLLER-MAHASISWA - ADD
[TRACE] 29-05-2019 12:19:18.018 SERVICE-MAHASISWA - Service ADD
[TRACE] 29-05-2019 12:19:18.018 SERVICE-MAHASISWA - Service ADD NIP : 60191
[TRACE] 29-05-2019 12:19:18.018 SERVICE-MAHASISWA - Service ADD NIM not exist
[TRACE] 29-05-2019 12:19:18.018 SERVICE-MAHASISWA - Repo ADD MHS Body 1111
[TRACE] 29-05-2019 12:19:18.018 SERVICE-MAHASISWA - Repo ADD MHS Body 60

[TRACE] 29-05-2019 12:19:18.018 CONTROLLER-MAHASISWA - FIND ALL Header Client : siapti Param Pageable : Page request [number: 0, size 10, sort: nim: ASC]
[TRACE] 29-05-2019 12:19:18.018 SERVICE-MAHASISWA - Masuk Error Code: SIA-01-200
[TRACE] 29-05-2019 12:19:18.018 SERVICE-MAHASISWA - Success ADD Mahasiswa
[TRACE] 29-05-2019 12:19:18.018 SERVICE-MAHASISWA - Success After Add
[TRACE] 29-05-2019 12:19:18.018 SERVICE-MAHASISWA - Masuk Error Code: SIA-01-200

[TRACE] 29-05-2019 12:19:26.026 CONTROLLER-MAHASISWA - FIND ALL Header Client : siapti Param Pageable : Page request [number: 0, size 10, sort: nim: ASC]
[TRACE] 29-05-2019 12:19:26.026 SERVICE-MAHASISWA - Masuk Error Code: SIA-01-200

[TRACE] 29-05-2019 12:19:28.028 CONTROLLER-MAHASISWA - DETAIL Header Client : siapti Param Nim : 60191
[TRACE] 29-05-2019 12:19:28.028 SERVICE-MAHASISWA - DETAIL
[INFO ] 29-05-2019 12:19:28.028 SERVICE-MAHASISWA - DETAIL SUKSES
[TRACE] 29-05-2019 12:19:28.028 SERVICE-MAHASISWA - Masuk Error Code: SIA-01-200

[TRACE] 29-05-2019 12:21:15.015 CONTROLLER-MAHASISWA - DETAIL Header Client : siapti Param Nim : 59191
[TRACE] 29-05-2019 12:21:15.015 SERVICE-MAHASISWA - DETAIL
[INFO ] 29-05-2019 12:21:15.015 SERVICE-MAHASISWA - DETAIL SUKSES
[TRACE] 29-05-2019 12:21:15.015 SERVICE-MAHASISWA - Masuk Error Code: SIA-01-200

[TRACE] 29-05-2019 12:21:17.017 CONTROLLER-MAHASISWA - DETAIL Header Client : siapti Param Nim : 60191
[TRACE] 29-05-2019 12:21:17.017 SERVICE-MAHASISWA - DETAIL
[INFO ] 29-05-2019 12:21:17.017 SERVICE-MAHASISWA - DETAIL SUKSES
[TRACE] 29-05-2019 12:21:17.017 SERVICE-MAHASISWA - Masuk Error Code: SIA-01-200

[TRACE] 29-05-2019 12:31:19.019 CONTROLLER-MAHASISWA - FIND ALL Header Client : siapti Param Pageable : Page request [number: 0, size 10, sort: nim: ASC]
[TRACE] 29-05-2019 12:31:19.019 SERVICE-MAHASISWA - Masuk Error Code: SIA-01-200

[TRACE] 12-06-2019 10:24:28.028 CONTROLLER-MAHASISWA - FIND ALL Header Client : siapti Param Pageable : Page request [number: 0, size 10, sort: nim: ASC]
[TRACE] 12-06-2019 10:24:28.028 SERVICE-MAHASISWA - Masuk Error Code: SIA-01-200

[TRACE] 12-06-2019 10:36:24.024 CONTROLLER-MAHASISWA - FIND ALL Header Client : siapti Param Pageable : Page request [number: 0, size 10, sort: nim: ASC]
[TRACE] 12-06-2019 10:36:24.024 SERVICE-MAHASISWA - Masuk Error Code: SIA-01-200

[TRACE] 13-06-2019 11:55:23.023 CONTROLLER-MAHASISWA - FIND ALL Header Client : siapti Param Pageable : Page request [number: 0, size 10, sort: nim: ASC]
[TRACE] 13-06-2019 11:55:23.023 SERVICE-MAHASISWA - Masuk Error Code: SIA-01-200

[TRACE] 13-06-2019 11:56:19.019 CONTROLLER-MAHASISWA - FIND ALL Header Client : siapti Param Pageable : Page request [number: 0, size 10, sort: nim: ASC]
[TRACE] 13-06-2019 11:56:19.019 SERVICE-MAHASISWA - Masuk Error Code: SIA-01-200

[TRACE] 13-06-2019 11:58:45.045 CONTROLLER-MAHASISWA - FIND ALL Header Client : siapti Param Pageable : Page request [number: 0, size 10, sort: nim: ASC]
[TRACE] 13-06-2019 11:58:45.045 SERVICE-MAHASISWA - Masuk Error Code: SIA-01-200

[TRACE] 13-06-2019 11:58:53.053 CONTROLLER-MAHASISWA - FIND ALL Header Client : siapti Param Pageable : Page request [number: 0, size 10, sort: nim: ASC]
[TRACE] 13-06-2019 11:58:53.053 SERVICE-MAHASISWA - Masuk Error Code: SIA-01-200

[TRACE] 13-06-2019 11:59:25.025 CONTROLLER-MAHASISWA - FIND ALL Header Client : siapti Param Pageable : Page request [number: 0, size 10, sort: nim: ASC]
[TRACE] 13-06-2019 11:59:25.025 SERVICE-MAHASISWA - Masuk Error Code: SIA-01-200

[TRACE] 13-06-2019 11:59:29.029 CONTROLLER-MAHASISWA - FIND ALL Header Client : siapti Param Pageable : Page request [number: 0, size 10, sort: nim: ASC]
[TRACE] 13-06-2019 11:59:29.029 SERVICE-MAHASISWA - Masuk Error Code: SIA-01-200

[TRACE] 13-06-2019 11:59:34.034 CONTROLLER-MAHASISWA - DETAIL Header Client : siapti Param Nim : 68192
[TRACE] 13-06-2019 11:59:34.034 SERVICE-MAHASISWA - DETAIL
[INFO ] 13-06-2019 11:59:34.034 SERVICE-MAHASISWA - DETAIL SUKSES
[TRACE] 13-06-2019 11:59:34.034 SERVICE-MAHASISWA - Masuk Error Code: SIA-01-200

[TRACE] 14-06-2019 12:00:17.017 CONTROLLER-MAHASISWA - FIND ALL Header Client : siapti Param Pageable : Page request [number: 0, size 10, sort: nim: ASC]
[TRACE] 14-06-2019 12:00:17.017 SERVICE-MAHASISWA - Masuk Error Code: SIA-01-200

[TRACE] 14-06-2019 12:00:19.019 CONTROLLER-MAHASISWA - ADD
[TRACE] 14-06-2019 12:00:19.019 SERVICE-MAHASISWA - Service ADD
[TRACE] 14-06-2019 12:00:19.019 SERVICE-MAHASISWA - Service ADD NIP : 59192
[TRACE] 14-06-2019 12:00:19.019 SERVICE-MAHASISWA - Service ADD ID Wali not exist
[TRACE] 14-06-2019 12:00:19.019 SERVICE-MAHASISWA - Masuk Error Code: SIA-03-404

[TRACE] 14-06-2019 12:00:25.025 CONTROLLER-MAHASISWA - FIND ALL Header Client : siapti Param Pageable : Page request [number: 0, size 10, sort: nim: ASC]
[TRACE] 14-06-2019 12:00:25.025 SERVICE-MAHASISWA - Masuk Error Code: SIA-01-200

[TRACE] 14-06-2019 12:18:10.010 CONTROLLER-MAHASISWA - FIND ALL Header Client : siapti Param Pageable : Page request [number: 0, size 10, sort: nim: ASC]
[TRACE] 14-06-2019 12:18:10.010 SERVICE-MAHASISWA - Masuk Error Code: SIA-01-200

[TRACE] 14-06-2019 12:19:09.009 CONTROLLER-MAHASISWA - ADD
[TRACE] 14-06-2019 12:19:09.009 SERVICE-MAHASISWA - Service ADD
[TRACE] 14-06-2019 12:19:09.009 SERVICE-MAHASISWA - Service ADD NIP : 47191
[TRACE] 14-06-2019 12:19:09.009 SERVICE-MAHASISWA - Service ADD NIM not exist
[TRACE] 14-06-2019 12:19:09.009 SERVICE-MAHASISWA - Repo ADD MHS Body 5555
[TRACE] 14-06-2019 12:19:09.009 SERVICE-MAHASISWA - Repo ADD MHS Body 47

[TRACE] 14-06-2019 12:19:09.009 CONTROLLER-MAHASISWA - FIND ALL Header Client : siapti Param Pageable : Page request [number: 0, size 10, sort: nim: ASC]
[TRACE] 14-06-2019 12:19:09.009 SERVICE-MAHASISWA - Masuk Error Code: SIA-01-200
[TRACE] 14-06-2019 12:19:10.010 SERVICE-MAHASISWA - Success ADD Mahasiswa
[TRACE] 14-06-2019 12:19:10.010 SERVICE-MAHASISWA - Success After Add
[TRACE] 14-06-2019 12:19:10.010 SERVICE-MAHASISWA - Masuk Error Code: SIA-01-200

[TRACE] 14-06-2019 12:19:13.013 CONTROLLER-MAHASISWA - FIND ALL Header Client : siapti Param Pageable : Page request [number: 0, size 10, sort: nim: ASC]
[TRACE] 14-06-2019 12:19:13.013 SERVICE-MAHASISWA - Masuk Error Code: SIA-01-200

[TRACE] 14-06-2019 12:19:15.015 CONTROLLER-MAHASISWA - DETAIL Header Client : siapti Param Nim : 47191
[TRACE] 14-06-2019 12:19:15.015 SERVICE-MAHASISWA - DETAIL
[INFO ] 14-06-2019 12:19:15.015 SERVICE-MAHASISWA - DETAIL SUKSES
[TRACE] 14-06-2019 12:19:15.015 SERVICE-MAHASISWA - Masuk Error Code: SIA-01-200

[TRACE] 14-06-2019 12:20:13.013 CONTROLLER-MAHASISWA - FIND ALL Header Client : siapti Param Pageable : Page request [number: 0, size 10, sort: nim: ASC]
[TRACE] 14-06-2019 12:20:13.013 SERVICE-MAHASISWA - Masuk Error Code: SIA-01-200

[TRACE] 14-06-2019 12:20:14.014 CONTROLLER-MAHASISWA - DETAIL Header Client : siapti Param Nim : 59191
[TRACE] 14-06-2019 12:20:14.014 SERVICE-MAHASISWA - DETAIL
[INFO ] 14-06-2019 12:20:14.014 SERVICE-MAHASISWA - DETAIL SUKSES
[TRACE] 14-06-2019 12:20:14.014 SERVICE-MAHASISWA - Masuk Error Code: SIA-01-200

[TRACE] 14-06-2019 12:20:16.016 CONTROLLER-MAHASISWA - DETAIL Header Client : siapti Param Nim : 47191
[TRACE] 14-06-2019 12:20:16.016 SERVICE-MAHASISWA - DETAIL
[INFO ] 14-06-2019 12:20:16.016 SERVICE-MAHASISWA - DETAIL SUKSES
[TRACE] 14-06-2019 12:20:16.016 SERVICE-MAHASISWA - Masuk Error Code: SIA-01-200

[TRACE] 14-06-2019 12:22:12.012 CONTROLLER-MAHASISWA - FIND ALL Header Client : siapti Param Pageable : Page request [number: 0, size 10, sort: nim: ASC]
[TRACE] 14-06-2019 12:22:12.012 SERVICE-MAHASISWA - Masuk Error Code: SIA-01-200

[TRACE] 14-06-2019 12:22:19.019 CONTROLLER-MAHASISWA - FIND ALL Header Client : siapti Param Pageable : Page request [number: 0, size 10, sort: nim: ASC]
[TRACE] 14-06-2019 12:22:19.019 SERVICE-MAHASISWA - Masuk Error Code: SIA-01-200

[TRACE] 14-06-2019 12:27:27.027 CONTROLLER-MAHASISWA - FIND ALL Header Client : siapti Param Pageable : Page request [number: 0, size 10, sort: nim: ASC]
[TRACE] 14-06-2019 12:27:27.027 SERVICE-MAHASISWA - Masuk Error Code: SIA-01-200

[TRACE] 14-06-2019 12:27:37.037 CONTROLLER-MAHASISWA - FIND ALL Header Client : siapti Param Pageable : Page request [number: 0, size 10, sort: nim: ASC]
[TRACE] 14-06-2019 12:27:37.037 SERVICE-MAHASISWA - Masuk Error Code: SIA-01-200

[TRACE] 14-06-2019 12:28:11.011 CONTROLLER-MAHASISWA - FIND ALL Header Client : siapti Param Pageable : Page request [number: 0, size 10, sort: nim: ASC]
[TRACE] 14-06-2019 12:28:11.011 SERVICE-MAHASISWA - Masuk Error Code: SIA-01-200

[TRACE] 14-06-2019 12:28:14.014 CONTROLLER-MAHASISWA - FIND ALL Header Client : siapti Param Pageable : Page request [number: 0, size 10, sort: nim: ASC]
[TRACE] 14-06-2019 12:28:14.014 SERVICE-MAHASISWA - Masuk Error Code: SIA-01-200

[TRACE] 14-06-2019 12:29:49.049 CONTROLLER-MAHASISWA - FIND ALL Header Client : siapti Param Pageable : Page request [number: 0, size 10, sort: nim: ASC]
[TRACE] 14-06-2019 12:29:49.049 SERVICE-MAHASISWA - Masuk Error Code: SIA-01-200

[TRACE] 14-06-2019 12:29:56.056 CONTROLLER-MAHASISWA - FIND ALL Header Client : siapti Param Pageable : Page request [number: 0, size 10, sort: nim: ASC]
[TRACE] 14-06-2019 12:29:56.056 SERVICE-MAHASISWA - Masuk Error Code: SIA-01-200

[TRACE] 14-06-2019 01:14:11.011 CONTROLLER-MAHASISWA - FIND ALL Header Client : siapti Param Pageable : Page request [number: 0, size 10, sort: nim: ASC]
[TRACE] 14-06-2019 01:14:11.011 SERVICE-MAHASISWA - Masuk Error Code: SIA-01-200

[TRACE] 14-06-2019 01:16:05.005 CONTROLLER-MAHASISWA - FIND ALL Header Client : siapti Param Pageable : Page request [number: 0, size 10, sort: nim: ASC]
[TRACE] 14-06-2019 01:16:05.005 SERVICE-MAHASISWA - Masuk Error Code: SIA-01-200

[TRACE] 14-06-2019 01:18:55.055 CONTROLLER-MAHASISWA - FIND ALL Header Client : siapti Param Pageable : Page request [number: 0, size 10, sort: nim: ASC]
[TRACE] 14-06-2019 01:18:55.055 SERVICE-MAHASISWA - Masuk Error Code: SIA-01-200

[TRACE] 14-06-2019 01:20:03.003 CONTROLLER-MAHASISWA - FIND ALL Header Client : siapti Param Pageable : Page request [number: 0, size 10, sort: nim: ASC]
[TRACE] 14-06-2019 01:20:03.003 SERVICE-MAHASISWA - Masuk Error Code: SIA-01-200

[TRACE] 14-06-2019 01:20:04.004 CONTROLLER-MAHASISWA - FIND ALL Header Client : siapti Param Pageable : Page request [number: 0, size 10, sort: nim: ASC]
[TRACE] 14-06-2019 01:20:04.004 SERVICE-MAHASISWA - Masuk Error Code: SIA-01-200

[TRACE] 14-06-2019 01:20:09.009 CONTROLLER-MAHASISWA - FIND ALL Header Client : siapti Param Pageable : Page request [number: 0, size 10, sort: nim: ASC]
[TRACE] 14-06-2019 01:20:09.009 SERVICE-MAHASISWA - Masuk Error Code: SIA-01-200

[TRACE] 14-06-2019 01:20:10.010 CONTROLLER-MAHASISWA - FIND ALL Header Client : siapti Param Pageable : Page request [number: 0, size 10, sort: nim: ASC]
[TRACE] 14-06-2019 01:20:10.010 SERVICE-MAHASISWA - Masuk Error Code: SIA-01-200

[TRACE] 14-06-2019 01:20:59.059 CONTROLLER-MAHASISWA - FIND ALL Header Client : siapti Param Pageable : Page request [number: 0, size 10, sort: nim: ASC]
[TRACE] 14-06-2019 01:20:59.059 SERVICE-MAHASISWA - Masuk Error Code: SIA-01-200

[TRACE] 14-06-2019 01:21:00.000 CONTROLLER-MAHASISWA - FIND ALL Header Client : siapti Param Pageable : Page request [number: 0, size 10, sort: nim: ASC]
[TRACE] 14-06-2019 01:21:00.000 SERVICE-MAHASISWA - Masuk Error Code: SIA-01-200

[TRACE] 14-06-2019 01:24:33.033 CONTROLLER-MAHASISWA - FIND ALL Header Client : siapti Param Pageable : Page request [number: 0, size 10, sort: nim: ASC]
[TRACE] 14-06-2019 01:24:33.033 SERVICE-MAHASISWA - Masuk Error Code: SIA-01-200

[TRACE] 14-06-2019 01:24:35.035 CONTROLLER-MAHASISWA - FIND ALL Header Client : siapti Param Pageable : Page request [number: 0, size 10, sort: nim: ASC]
[TRACE] 14-06-2019 01:24:35.035 SERVICE-MAHASISWA - Masuk Error Code: SIA-01-200

[TRACE] 14-06-2019 01:24:50.050 CONTROLLER-MAHASISWA - FIND ALL Header Client : siapti Param Pageable : Page request [number: 0, size 10, sort: nim: ASC]
[TRACE] 14-06-2019 01:24:50.050 SERVICE-MAHASISWA - Masuk Error Code: SIA-01-200

[TRACE] 14-06-2019 01:26:42.042 CONTROLLER-MAHASISWA - FIND ALL Header Client : siapti Param Pageable : Page request [number: 0, size 10, sort: nim: ASC]
[TRACE] 14-06-2019 01:26:42.042 SERVICE-MAHASISWA - Masuk Error Code: SIA-01-200

[TRACE] 14-06-2019 01:28:04.004 CONTROLLER-MAHASISWA - FIND ALL Header Client : siapti Param Pageable : Page request [number: 0, size 10, sort: nim: ASC]
[TRACE] 14-06-2019 01:28:05.005 SERVICE-MAHASISWA - Masuk Error Code: SIA-01-200

[TRACE] 14-06-2019 01:28:29.029 CONTROLLER-MAHASISWA - FIND ALL Header Client : siapti Param Pageable : Page request [number: 0, size 10, sort: nim: ASC]
[TRACE] 14-06-2019 01:28:29.029 SERVICE-MAHASISWA - Masuk Error Code: SIA-01-200

[TRACE] 14-06-2019 01:31:00.000 CONTROLLER-MAHASISWA - FIND ALL Header Client : siapti Param Pageable : Page request [number: 0, size 10, sort: nim: ASC]
[TRACE] 14-06-2019 01:31:00.000 SERVICE-MAHASISWA - Masuk Error Code: SIA-01-200

[TRACE] 14-06-2019 01:31:00.000 CONTROLLER-MAHASISWA - FIND ALL Header Client : siapti Param Pageable : Page request [number: 0, size 10, sort: nim: ASC]
[TRACE] 14-06-2019 01:31:00.000 SERVICE-MAHASISWA - Masuk Error Code: SIA-01-200

[TRACE] 14-06-2019 01:31:08.008 CONTROLLER-MAHASISWA - FIND ALL Header Client : siapti Param Pageable : Page request [number: 0, size 10, sort: nim: ASC]
[TRACE] 14-06-2019 01:31:08.008 SERVICE-MAHASISWA - Masuk Error Code: SIA-01-200

[TRACE] 14-06-2019 01:38:06.006 CONTROLLER-MAHASISWA - FIND ALL Header Client : siapti Param Pageable : Page request [number: 0, size 10, sort: nim: ASC]
[TRACE] 14-06-2019 01:38:06.006 SERVICE-MAHASISWA - Masuk Error Code: SIA-01-200

[TRACE] 14-06-2019 01:38:08.008 CONTROLLER-MAHASISWA - FIND ALL Header Client : siapti Param Pageable : Page request [number: 0, size 10, sort: nim: ASC]
[TRACE] 14-06-2019 01:38:08.008 SERVICE-MAHASISWA - Masuk Error Code: SIA-01-200

[TRACE] 14-06-2019 01:38:25.025 CONTROLLER-MAHASISWA - FIND ALL Header Client : siapti Param Pageable : Page request [number: 0, size 10, sort: nim: ASC]
[TRACE] 14-06-2019 01:38:25.025 SERVICE-MAHASISWA - Masuk Error Code: SIA-01-200

[TRACE] 14-06-2019 01:39:07.007 CONTROLLER-MAHASISWA - FIND ALL Header Client : siapti Param Pageable : Page request [number: 0, size 10, sort: nim: ASC]
[TRACE] 14-06-2019 01:39:07.007 SERVICE-MAHASISWA - Masuk Error Code: SIA-01-200

[TRACE] 14-06-2019 01:39:08.008 CONTROLLER-MAHASISWA - FIND ALL Header Client : siapti Param Pageable : Page request [number: 0, size 10, sort: nim: ASC]
[TRACE] 14-06-2019 01:39:08.008 SERVICE-MAHASISWA - Masuk Error Code: SIA-01-200

[TRACE] 14-06-2019 01:39:55.055 CONTROLLER-MAHASISWA - FIND ALL Header Client : siapti Param Pageable : Page request [number: 0, size 10, sort: nim: ASC]
[TRACE] 14-06-2019 01:39:55.055 SERVICE-MAHASISWA - Masuk Error Code: SIA-01-200

[TRACE] 14-06-2019 01:39:56.056 CONTROLLER-MAHASISWA - FIND ALL Header Client : siapti Param Pageable : Page request [number: 0, size 10, sort: nim: ASC]
[TRACE] 14-06-2019 01:39:56.056 SERVICE-MAHASISWA - Masuk Error Code: SIA-01-200

[TRACE] 14-06-2019 01:40:44.044 CONTROLLER-MAHASISWA - FIND ALL Header Client : siapti Param Pageable : Page request [number: 0, size 10, sort: nim: ASC]
[TRACE] 14-06-2019 01:40:44.044 SERVICE-MAHASISWA - Masuk Error Code: SIA-01-200

[TRACE] 14-06-2019 01:40:45.045 CONTROLLER-MAHASISWA - FIND ALL Header Client : siapti Param Pageable : Page request [number: 0, size 10, sort: nim: ASC]
[TRACE] 14-06-2019 01:40:45.045 SERVICE-MAHASISWA - Masuk Error Code: SIA-01-200

[TRACE] 14-06-2019 01:40:53.053 CONTROLLER-MAHASISWA - FIND ALL Header Client : siapti Param Pageable : Page request [number: 0, size 10, sort: nim: ASC]
[TRACE] 14-06-2019 01:40:53.053 SERVICE-MAHASISWA - Masuk Error Code: SIA-01-200

[TRACE] 14-06-2019 01:41:59.059 CONTROLLER-MAHASISWA - FIND ALL Header Client : siapti Param Pageable : Page request [number: 0, size 10, sort: nim: ASC]
[TRACE] 14-06-2019 01:41:59.059 SERVICE-MAHASISWA - Masuk Error Code: SIA-01-200

[TRACE] 14-06-2019 01:42:00.000 CONTROLLER-MAHASISWA - FIND ALL Header Client : siapti Param Pageable : Page request [number: 0, size 10, sort: nim: ASC]
[TRACE] 14-06-2019 01:42:00.000 SERVICE-MAHASISWA - Masuk Error Code: SIA-01-200

[TRACE] 14-06-2019 01:42:05.005 CONTROLLER-MAHASISWA - FIND ALL Header Client : siapti Param Pageable : Page request [number: 0, size 10, sort: nim: ASC]
[TRACE] 14-06-2019 01:42:05.005 SERVICE-MAHASISWA - Masuk Error Code: SIA-01-200

[TRACE] 14-06-2019 01:44:11.011 CONTROLLER-MAHASISWA - FIND ALL Header Client : siapti Param Pageable : Page request [number: 0, size 10, sort: nim: ASC]
[TRACE] 14-06-2019 01:44:11.011 SERVICE-MAHASISWA - Masuk Error Code: SIA-01-200

[TRACE] 14-06-2019 01:44:17.017 CONTROLLER-MAHASISWA - FIND ALL Header Client : siapti Param Pageable : Page request [number: 0, size 10, sort: nim: ASC]
[TRACE] 14-06-2019 01:44:17.017 SERVICE-MAHASISWA - Masuk Error Code: SIA-01-200

[TRACE] 14-06-2019 01:44:38.038 CONTROLLER-MAHASISWA - FIND ALL Header Client : siapti Param Pageable : Page request [number: 0, size 10, sort: nim: ASC]
[TRACE] 14-06-2019 01:44:38.038 SERVICE-MAHASISWA - Masuk Error Code: SIA-01-200

[TRACE] 14-06-2019 01:44:48.048 CONTROLLER-MAHASISWA - FIND ALL Header Client : siapti Param Pageable : Page request [number: 0, size 10, sort: nim: ASC]
[TRACE] 14-06-2019 01:44:48.048 SERVICE-MAHASISWA - Masuk Error Code: SIA-01-200

[TRACE] 14-06-2019 01:45:13.013 CONTROLLER-MAHASISWA - FIND ALL Header Client : siapti Param Pageable : Page request [number: 0, size 10, sort: nim: ASC]
[TRACE] 14-06-2019 01:45:13.013 SERVICE-MAHASISWA - Masuk Error Code: SIA-01-200

[TRACE] 14-06-2019 01:45:21.021 CONTROLLER-MAHASISWA - FIND ALL Header Client : siapti Param Pageable : Page request [number: 0, size 10, sort: nim: ASC]
[TRACE] 14-06-2019 01:45:21.021 SERVICE-MAHASISWA - Masuk Error Code: SIA-01-200

[TRACE] 14-06-2019 01:47:45.045 CONTROLLER-MAHASISWA - FIND ALL Header Client : siapti Param Pageable : Page request [number: 0, size 10, sort: nim: ASC]
[TRACE] 14-06-2019 01:47:45.045 SERVICE-MAHASISWA - Masuk Error Code: SIA-01-200

[TRACE] 14-06-2019 01:47:57.057 CONTROLLER-MAHASISWA - FIND ALL Header Client : siapti Param Pageable : Page request [number: 0, size 10, sort: nim: ASC]
[TRACE] 14-06-2019 01:47:57.057 SERVICE-MAHASISWA - Masuk Error Code: SIA-01-200

[TRACE] 14-06-2019 01:50:35.035 CONTROLLER-MAHASISWA - FIND ALL Header Client : siapti Param Pageable : Page request [number: 0, size 10, sort: nim: ASC]
[TRACE] 14-06-2019 01:50:35.035 SERVICE-MAHASISWA - Masuk Error Code: SIA-01-200

[TRACE] 14-06-2019 01:50:45.045 CONTROLLER-MAHASISWA - FIND ALL Header Client : siapti Param Pageable : Page request [number: 0, size 10, sort: nim: ASC]
[TRACE] 14-06-2019 01:50:45.045 SERVICE-MAHASISWA - Masuk Error Code: SIA-01-200

[TRACE] 14-06-2019 01:51:47.047 CONTROLLER-MAHASISWA - FIND ALL Header Client : siapti Param Pageable : Page request [number: 0, size 10, sort: nim: ASC]
[TRACE] 14-06-2019 01:51:47.047 SERVICE-MAHASISWA - Masuk Error Code: SIA-01-200

[TRACE] 14-06-2019 01:53:38.038 CONTROLLER-MAHASISWA - DETAIL Header Client : siapti Param Nim : 59191
[TRACE] 14-06-2019 01:53:38.038 SERVICE-MAHASISWA - DETAIL
[INFO ] 14-06-2019 01:53:38.038 SERVICE-MAHASISWA - DETAIL SUKSES
[TRACE] 14-06-2019 01:53:38.038 SERVICE-MAHASISWA - Masuk Error Code: SIA-01-200

[TRACE] 14-06-2019 01:54:04.004 CONTROLLER-MAHASISWA - FIND ALL Header Client : siapti Param Pageable : Page request [number: 0, size 10, sort: nim: ASC]
[TRACE] 14-06-2019 01:54:04.004 SERVICE-MAHASISWA - Masuk Error Code: SIA-01-200

[TRACE] 14-06-2019 01:57:07.007 CONTROLLER-MAHASISWA - FIND ALL Header Client : siapti Param Pageable : Page request [number: 0, size 10, sort: nim: ASC]
[TRACE] 14-06-2019 01:57:07.007 SERVICE-MAHASISWA - Masuk Error Code: SIA-01-200

[TRACE] 14-06-2019 01:57:09.009 CONTROLLER-MAHASISWA - FIND ALL Header Client : siapti Param Pageable : Page request [number: 0, size 10, sort: nim: ASC]
[TRACE] 14-06-2019 01:57:09.009 SERVICE-MAHASISWA - Masuk Error Code: SIA-01-200

[TRACE] 14-06-2019 01:58:30.030 CONTROLLER-MAHASISWA - FIND ALL Header Client : siapti Param Pageable : Page request [number: 0, size 10, sort: nim: ASC]
[TRACE] 14-06-2019 01:58:30.030 SERVICE-MAHASISWA - Masuk Error Code: SIA-01-200

[TRACE] 14-06-2019 01:59:47.047 CONTROLLER-MAHASISWA - FIND ALL Header Client : siapti Param Pageable : Page request [number: 0, size 10, sort: nim: ASC]
[TRACE] 14-06-2019 01:59:47.047 SERVICE-MAHASISWA - Masuk Error Code: SIA-01-200

[TRACE] 14-06-2019 01:59:49.049 CONTROLLER-MAHASISWA - FIND ALL Header Client : siapti Param Pageable : Page request [number: 0, size 10, sort: nim: ASC]
[TRACE] 14-06-2019 01:59:49.049 SERVICE-MAHASISWA - Masuk Error Code: SIA-01-200

[TRACE] 14-06-2019 01:59:58.058 CONTROLLER-MAHASISWA - FIND ALL Header Client : siapti Param Pageable : Page request [number: 0, size 10, sort: nim: ASC]
[TRACE] 14-06-2019 01:59:58.058 SERVICE-MAHASISWA - Masuk Error Code: SIA-01-200

[TRACE] 14-06-2019 01:59:59.059 CONTROLLER-MAHASISWA - FIND ALL Header Client : siapti Param Pageable : Page request [number: 0, size 10, sort: nim: ASC]
[TRACE] 14-06-2019 01:59:59.059 SERVICE-MAHASISWA - Masuk Error Code: SIA-01-200

[TRACE] 14-06-2019 02:00:39.039 CONTROLLER-MAHASISWA - FIND ALL Header Client : siapti Param Pageable : Page request [number: 0, size 10, sort: nim: ASC]
[TRACE] 14-06-2019 02:00:39.039 SERVICE-MAHASISWA - Masuk Error Code: SIA-01-200

[TRACE] 14-06-2019 02:00:41.041 CONTROLLER-MAHASISWA - FIND ALL Header Client : siapti Param Pageable : Page request [number: 0, size 10, sort: nim: ASC]
[TRACE] 14-06-2019 02:00:41.041 SERVICE-MAHASISWA - Masuk Error Code: SIA-01-200

[TRACE] 14-06-2019 02:00:47.047 CONTROLLER-MAHASISWA - FIND ALL Header Client : siapti Param Pageable : Page request [number: 0, size 10, sort: nim: ASC]
[TRACE] 14-06-2019 02:00:47.047 SERVICE-MAHASISWA - Masuk Error Code: SIA-01-200

[TRACE] 14-06-2019 02:02:53.053 CONTROLLER-MAHASISWA - FIND ALL Header Client : siapti Param Pageable : Page request [number: 0, size 10, sort: nim: ASC]
[TRACE] 14-06-2019 02:02:53.053 SERVICE-MAHASISWA - Masuk Error Code: SIA-01-200

[TRACE] 14-06-2019 02:03:08.008 CONTROLLER-MAHASISWA - FIND ALL Header Client : siapti Param Pageable : Page request [number: 0, size 10, sort: nim: ASC]
[TRACE] 14-06-2019 02:03:08.008 SERVICE-MAHASISWA - Masuk Error Code: SIA-01-200

[TRACE] 14-06-2019 02:03:08.008 CONTROLLER-MAHASISWA - FIND ALL Header Client : siapti Param Pageable : Page request [number: 0, size 10, sort: nim: ASC]
[TRACE] 14-06-2019 02:03:08.008 SERVICE-MAHASISWA - Masuk Error Code: SIA-01-200

[TRACE] 14-06-2019 02:03:17.017 CONTROLLER-MAHASISWA - FIND ALL Header Client : siapti Param Pageable : Page request [number: 0, size 10, sort: nim: ASC]
[TRACE] 14-06-2019 02:03:17.017 SERVICE-MAHASISWA - Masuk Error Code: SIA-01-200

[TRACE] 14-06-2019 02:03:37.037 CONTROLLER-MAHASISWA - FIND ALL Header Client : siapti Param Pageable : Page request [number: 0, size 10, sort: nim: ASC]
[TRACE] 14-06-2019 02:03:37.037 SERVICE-MAHASISWA - Masuk Error Code: SIA-01-200

[TRACE] 14-06-2019 02:03:42.042 CONTROLLER-MAHASISWA - FIND ALL Header Client : siapti Param Pageable : Page request [number: 0, size 10, sort: nim: ASC]
[TRACE] 14-06-2019 02:03:42.042 SERVICE-MAHASISWA - Masuk Error Code: SIA-01-200

[TRACE] 14-06-2019 02:03:49.049 CONTROLLER-MAHASISWA - FIND ALL Header Client : siapti Param Pageable : Page request [number: 0, size 10, sort: nim: ASC]
[TRACE] 14-06-2019 02:03:49.049 SERVICE-MAHASISWA - Masuk Error Code: SIA-01-200

[TRACE] 14-06-2019 02:04:05.005 CONTROLLER-MAHASISWA - FIND ALL Header Client : siapti Param Pageable : Page request [number: 0, size 10, sort: nim: ASC]
[TRACE] 14-06-2019 02:04:05.005 SERVICE-MAHASISWA - Masuk Error Code: SIA-01-200

[TRACE] 14-06-2019 02:09:01.001 CONTROLLER-MAHASISWA - FIND ALL Header Client : siapti Param Pageable : Page request [number: 0, size 10, sort: nim: ASC]
[TRACE] 14-06-2019 02:09:01.001 SERVICE-MAHASISWA - Masuk Error Code: SIA-01-200

[TRACE] 14-06-2019 02:09:13.013 CONTROLLER-MAHASISWA - FIND ALL Header Client : siapti Param Pageable : Page request [number: 0, size 10, sort: nim: ASC]
[TRACE] 14-06-2019 02:09:13.013 SERVICE-MAHASISWA - Masuk Error Code: SIA-01-200

[TRACE] 14-06-2019 02:09:38.038 CONTROLLER-MAHASISWA - FIND ALL Header Client : siapti Param Pageable : Page request [number: 0, size 10, sort: nim: ASC]
[TRACE] 14-06-2019 02:09:38.038 SERVICE-MAHASISWA - Masuk Error Code: SIA-01-200

[TRACE] 14-06-2019 02:09:50.050 CONTROLLER-MAHASISWA - FIND ALL Header Client : siapti Param Pageable : Page request [number: 0, size 10, sort: nim: ASC]
[TRACE] 14-06-2019 02:09:50.050 SERVICE-MAHASISWA - Masuk Error Code: SIA-01-200

[TRACE] 14-06-2019 02:10:03.003 CONTROLLER-MAHASISWA - FIND ALL Header Client : siapti Param Pageable : Page request [number: 0, size 10, sort: nim: ASC]
[TRACE] 14-06-2019 02:10:03.003 SERVICE-MAHASISWA - Masuk Error Code: SIA-01-200

[TRACE] 14-06-2019 02:10:38.038 CONTROLLER-MAHASISWA - FIND ALL Header Client : siapti Param Pageable : Page request [number: 0, size 10, sort: nim: ASC]
[TRACE] 14-06-2019 02:10:38.038 SERVICE-MAHASISWA - Masuk Error Code: SIA-01-200

[TRACE] 14-06-2019 02:10:39.039 CONTROLLER-MAHASISWA - FIND ALL Header Client : siapti Param Pageable : Page request [number: 0, size 10, sort: nim: ASC]
[TRACE] 14-06-2019 02:10:39.039 SERVICE-MAHASISWA - Masuk Error Code: SIA-01-200

[TRACE] 14-06-2019 02:10:44.044 CONTROLLER-MAHASISWA - FIND ALL Header Client : siapti Param Pageable : Page request [number: 0, size 10, sort: nim: ASC]
[TRACE] 14-06-2019 02:10:44.044 SERVICE-MAHASISWA - Masuk Error Code: SIA-01-200

[TRACE] 14-06-2019 02:11:04.004 CONTROLLER-MAHASISWA - FIND ALL Header Client : siapti Param Pageable : Page request [number: 0, size 10, sort: nim: ASC]
[TRACE] 14-06-2019 02:11:04.004 SERVICE-MAHASISWA - Masuk Error Code: SIA-01-200

[TRACE] 14-06-2019 02:11:14.014 CONTROLLER-MAHASISWA - FIND ALL Header Client : siapti Param Pageable : Page request [number: 0, size 10, sort: nim: ASC]
[TRACE] 14-06-2019 02:11:14.014 SERVICE-MAHASISWA - Masuk Error Code: SIA-01-200

[TRACE] 14-06-2019 02:12:04.004 CONTROLLER-MAHASISWA - FIND ALL Header Client : siapti Param Pageable : Page request [number: 0, size 10, sort: nim: ASC]
[TRACE] 14-06-2019 02:12:04.004 SERVICE-MAHASISWA - Masuk Error Code: SIA-01-200

[TRACE] 14-06-2019 02:12:15.015 CONTROLLER-MAHASISWA - FIND ALL Header Client : siapti Param Pageable : Page request [number: 0, size 10, sort: nim: ASC]
[TRACE] 14-06-2019 02:12:15.015 SERVICE-MAHASISWA - Masuk Error Code: SIA-01-200

[TRACE] 14-06-2019 02:14:01.001 CONTROLLER-MAHASISWA - FIND ALL Header Client : siapti Param Pageable : Page request [number: 0, size 10, sort: nim: ASC]
[TRACE] 14-06-2019 02:14:01.001 SERVICE-MAHASISWA - Masuk Error Code: SIA-01-200

[TRACE] 14-06-2019 02:14:06.006 CONTROLLER-MAHASISWA - FIND ALL Header Client : siapti Param Pageable : Page request [number: 0, size 10, sort: nim: ASC]
[TRACE] 14-06-2019 02:14:06.006 SERVICE-MAHASISWA - Masuk Error Code: SIA-01-200

[TRACE] 14-06-2019 02:15:22.022 CONTROLLER-MAHASISWA - FIND ALL Header Client : siapti Param Pageable : Page request [number: 0, size 10, sort: nim: ASC]
[TRACE] 14-06-2019 02:15:22.022 SERVICE-MAHASISWA - Masuk Error Code: SIA-01-200

[TRACE] 14-06-2019 02:15:27.027 CONTROLLER-MAHASISWA - FIND ALL Header Client : siapti Param Pageable : Page request [number: 0, size 10, sort: nim: ASC]
[TRACE] 14-06-2019 02:15:27.027 SERVICE-MAHASISWA - Masuk Error Code: SIA-01-200

[TRACE] 14-06-2019 02:15:36.036 CONTROLLER-MAHASISWA - FIND ALL Header Client : siapti Param Pageable : Page request [number: 0, size 10, sort: nim: ASC]
[TRACE] 14-06-2019 02:15:36.036 SERVICE-MAHASISWA - Masuk Error Code: SIA-01-200

[TRACE] 14-06-2019 02:15:44.044 CONTROLLER-MAHASISWA - FIND ALL Header Client : siapti Param Pageable : Page request [number: 0, size 10, sort: nim: ASC]
[TRACE] 14-06-2019 02:15:44.044 SERVICE-MAHASISWA - Masuk Error Code: SIA-01-200

[TRACE] 14-06-2019 02:17:01.001 CONTROLLER-MAHASISWA - FIND ALL Header Client : siapti Param Pageable : Page request [number: 0, size 10, sort: nim: ASC]
[TRACE] 14-06-2019 02:17:01.001 SERVICE-MAHASISWA - Masuk Error Code: SIA-01-200

[TRACE] 14-06-2019 02:17:26.026 CONTROLLER-MAHASISWA - FIND ALL Header Client : siapti Param Pageable : Page request [number: 0, size 10, sort: nim: ASC]
[TRACE] 14-06-2019 02:17:26.026 SERVICE-MAHASISWA - Masuk Error Code: SIA-01-200

[TRACE] 14-06-2019 02:17:27.027 CONTROLLER-MAHASISWA - FIND ALL Header Client : siapti Param Pageable : Page request [number: 0, size 10, sort: nim: ASC]
[TRACE] 14-06-2019 02:17:27.027 SERVICE-MAHASISWA - Masuk Error Code: SIA-01-200

[TRACE] 14-06-2019 02:17:36.036 CONTROLLER-MAHASISWA - FIND ALL Header Client : siapti Param Pageable : Page request [number: 0, size 10, sort: nim: ASC]
[TRACE] 14-06-2019 02:17:36.036 SERVICE-MAHASISWA - Masuk Error Code: SIA-01-200

[TRACE] 14-06-2019 02:19:14.014 CONTROLLER-MAHASISWA - DETAIL Header Client : siapti Param Nim : 59191
[TRACE] 14-06-2019 02:19:14.014 SERVICE-MAHASISWA - DETAIL
[INFO ] 14-06-2019 02:19:14.014 SERVICE-MAHASISWA - DETAIL SUKSES
[TRACE] 14-06-2019 02:19:14.014 SERVICE-MAHASISWA - Masuk Error Code: SIA-01-200

[TRACE] 14-06-2019 02:22:23.023 CONTROLLER-MAHASISWA - FIND ALL Header Client : siapti Param Pageable : Page request [number: 0, size 10, sort: nim: ASC]
[TRACE] 14-06-2019 02:22:23.023 SERVICE-MAHASISWA - Masuk Error Code: SIA-01-200

[TRACE] 14-06-2019 02:22:24.024 CONTROLLER-MAHASISWA - FIND ALL Header Client : siapti Param Pageable : Page request [number: 0, size 10, sort: nim: ASC]
[TRACE] 14-06-2019 02:22:24.024 SERVICE-MAHASISWA - Masuk Error Code: SIA-01-200

[TRACE] 14-06-2019 02:22:47.047 CONTROLLER-MAHASISWA - FIND ALL Header Client : siapti Param Pageable : Page request [number: 0, size 10, sort: nim: ASC]
[TRACE] 14-06-2019 02:22:47.047 SERVICE-MAHASISWA - Masuk Error Code: SIA-01-200

[TRACE] 14-06-2019 02:23:29.029 CONTROLLER-MAHASISWA - FIND ALL Header Client : siapti Param Pageable : Page request [number: 0, size 10, sort: nim: ASC]
[TRACE] 14-06-2019 02:23:29.029 SERVICE-MAHASISWA - Masuk Error Code: SIA-01-200

[TRACE] 14-06-2019 02:23:34.034 CONTROLLER-MAHASISWA - FIND ALL Header Client : siapti Param Pageable : Page request [number: 0, size 10, sort: nim: ASC]
[TRACE] 14-06-2019 02:23:34.034 SERVICE-MAHASISWA - Masuk Error Code: SIA-01-200

[TRACE] 14-06-2019 02:24:00.000 CONTROLLER-MAHASISWA - FIND ALL Header Client : siapti Param Pageable : Page request [number: 0, size 10, sort: nim: ASC]
[TRACE] 14-06-2019 02:24:00.000 SERVICE-MAHASISWA - Masuk Error Code: SIA-01-200

[TRACE] 14-06-2019 02:24:16.016 CONTROLLER-MAHASISWA - FIND ALL Header Client : siapti Param Pageable : Page request [number: 0, size 10, sort: nim: ASC]
[TRACE] 14-06-2019 02:24:16.016 SERVICE-MAHASISWA - Masuk Error Code: SIA-01-200

[TRACE] 14-06-2019 02:24:16.016 CONTROLLER-MAHASISWA - FIND ALL Header Client : siapti Param Pageable : Page request [number: 0, size 10, sort: nim: ASC]
[TRACE] 14-06-2019 02:24:16.016 SERVICE-MAHASISWA - Masuk Error Code: SIA-01-200

[TRACE] 14-06-2019 02:24:28.028 CONTROLLER-MAHASISWA - FIND ALL Header Client : siapti Param Pageable : Page request [number: 0, size 10, sort: nim: ASC]
[TRACE] 14-06-2019 02:24:28.028 SERVICE-MAHASISWA - Masuk Error Code: SIA-01-200

[TRACE] 14-06-2019 02:24:29.029 CONTROLLER-MAHASISWA - FIND ALL Header Client : siapti Param Pageable : Page request [number: 0, size 10, sort: nim: ASC]
[TRACE] 14-06-2019 02:24:29.029 SERVICE-MAHASISWA - Masuk Error Code: SIA-01-200

[TRACE] 14-06-2019 02:27:26.026 CONTROLLER-MAHASISWA - FIND ALL Header Client : siapti Param Pageable : Page request [number: 0, size 10, sort: nim: ASC]
[TRACE] 14-06-2019 02:27:27.027 SERVICE-MAHASISWA - Masuk Error Code: SIA-01-200

[TRACE] 14-06-2019 02:27:36.036 CONTROLLER-MAHASISWA - FIND ALL Header Client : siapti Param Pageable : Page request [number: 0, size 10, sort: nim: ASC]
[TRACE] 14-06-2019 02:27:36.036 SERVICE-MAHASISWA - Masuk Error Code: SIA-01-200

[TRACE] 14-06-2019 02:27:57.057 CONTROLLER-MAHASISWA - FIND ALL Header Client : siapti Param Pageable : Page request [number: 0, size 10, sort: nim: ASC]
[TRACE] 14-06-2019 02:27:57.057 SERVICE-MAHASISWA - Masuk Error Code: SIA-01-200

[TRACE] 14-06-2019 02:27:57.057 CONTROLLER-MAHASISWA - FIND ALL Header Client : siapti Param Pageable : Page request [number: 0, size 10, sort: nim: ASC]
[TRACE] 14-06-2019 02:27:57.057 SERVICE-MAHASISWA - Masuk Error Code: SIA-01-200

[TRACE] 14-06-2019 02:28:07.007 CONTROLLER-MAHASISWA - FIND ALL Header Client : siapti Param Pageable : Page request [number: 0, size 10, sort: nim: ASC]
[TRACE] 14-06-2019 02:28:07.007 SERVICE-MAHASISWA - Masuk Error Code: SIA-01-200

[TRACE] 14-06-2019 02:28:56.056 CONTROLLER-MAHASISWA - FIND ALL Header Client : siapti Param Pageable : Page request [number: 0, size 10, sort: nim: ASC]
[TRACE] 14-06-2019 02:28:56.056 SERVICE-MAHASISWA - Masuk Error Code: SIA-01-200

[TRACE] 14-06-2019 02:28:58.058 CONTROLLER-MAHASISWA - FIND ALL Header Client : siapti Param Pageable : Page request [number: 0, size 10, sort: nim: ASC]
[TRACE] 14-06-2019 02:28:58.058 SERVICE-MAHASISWA - Masuk Error Code: SIA-01-200

[TRACE] 14-06-2019 02:29:00.000 CONTROLLER-MAHASISWA - FIND ALL Header Client : siapti Param Pageable : Page request [number: 0, size 10, sort: nim: ASC]
[TRACE] 14-06-2019 02:29:00.000 SERVICE-MAHASISWA - Masuk Error Code: SIA-01-200

[TRACE] 14-06-2019 02:29:05.005 CONTROLLER-MAHASISWA - FIND ALL Header Client : siapti Param Pageable : Page request [number: 0, size 10, sort: nim: ASC]
[TRACE] 14-06-2019 02:29:05.005 SERVICE-MAHASISWA - Masuk Error Code: SIA-01-200

[TRACE] 14-06-2019 02:29:12.012 CONTROLLER-MAHASISWA - FIND ALL Header Client : siapti Param Pageable : Page request [number: 0, size 10, sort: nim: ASC]
[TRACE] 14-06-2019 02:29:12.012 SERVICE-MAHASISWA - Masuk Error Code: SIA-01-200

[TRACE] 14-06-2019 02:34:51.051 CONTROLLER-MAHASISWA - FIND ALL Header Client : siapti Param Pageable : Page request [number: 0, size 10, sort: nim: ASC]
[TRACE] 14-06-2019 02:34:51.051 SERVICE-MAHASISWA - Masuk Error Code: SIA-01-200

[TRACE] 14-06-2019 02:35:04.004 CONTROLLER-MAHASISWA - FIND ALL Header Client : siapti Param Pageable : Page request [number: 0, size 10, sort: nim: ASC]
[TRACE] 14-06-2019 02:35:04.004 SERVICE-MAHASISWA - Masuk Error Code: SIA-01-200

[TRACE] 14-06-2019 02:35:13.013 CONTROLLER-MAHASISWA - FIND ALL Header Client : siapti Param Pageable : Page request [number: 0, size 10, sort: nim: ASC]
[TRACE] 14-06-2019 02:35:13.013 SERVICE-MAHASISWA - Masuk Error Code: SIA-01-200

[TRACE] 14-06-2019 02:35:18.018 CONTROLLER-MAHASISWA - FIND ALL Header Client : siapti Param Pageable : Page request [number: 0, size 10, sort: nim: ASC]
[TRACE] 14-06-2019 02:35:18.018 SERVICE-MAHASISWA - Masuk Error Code: SIA-01-200

[TRACE] 14-06-2019 02:35:50.050 CONTROLLER-MAHASISWA - FIND ALL Header Client : siapti Param Pageable : Page request [number: 0, size 10, sort: nim: ASC]
[TRACE] 14-06-2019 02:35:50.050 SERVICE-MAHASISWA - Masuk Error Code: SIA-01-200

[TRACE] 14-06-2019 02:36:24.024 CONTROLLER-MAHASISWA - FIND ALL Header Client : siapti Param Pageable : Page request [number: 0, size 10, sort: nim: ASC]
[TRACE] 14-06-2019 02:36:24.024 SERVICE-MAHASISWA - Masuk Error Code: SIA-01-200

[TRACE] 14-06-2019 02:36:25.025 CONTROLLER-MAHASISWA - FIND ALL Header Client : siapti Param Pageable : Page request [number: 0, size 10, sort: nim: ASC]
[TRACE] 14-06-2019 02:36:25.025 SERVICE-MAHASISWA - Masuk Error Code: SIA-01-200

[TRACE] 14-06-2019 02:36:30.030 CONTROLLER-MAHASISWA - FIND ALL Header Client : siapti Param Pageable : Page request [number: 0, size 10, sort: nim: ASC]
[TRACE] 14-06-2019 02:36:30.030 SERVICE-MAHASISWA - Masuk Error Code: SIA-01-200

[TRACE] 14-06-2019 02:36:37.037 CONTROLLER-MAHASISWA - FIND ALL Header Client : siapti Param Pageable : Page request [number: 0, size 10, sort: nim: ASC]
[TRACE] 14-06-2019 02:36:37.037 SERVICE-MAHASISWA - Masuk Error Code: SIA-01-200

[TRACE] 14-06-2019 02:36:55.055 CONTROLLER-MAHASISWA - FIND ALL Header Client : siapti Param Pageable : Page request [number: 0, size 10, sort: nim: ASC]
[TRACE] 14-06-2019 02:36:55.055 SERVICE-MAHASISWA - Masuk Error Code: SIA-01-200

[TRACE] 14-06-2019 02:36:56.056 CONTROLLER-MAHASISWA - FIND ALL Header Client : siapti Param Pageable : Page request [number: 0, size 10, sort: nim: ASC]
[TRACE] 14-06-2019 02:36:56.056 SERVICE-MAHASISWA - Masuk Error Code: SIA-01-200

[TRACE] 14-06-2019 02:38:46.046 CONTROLLER-MAHASISWA - FIND ALL Header Client : siapti Param Pageable : Page request [number: 0, size 10, sort: nim: ASC]
[TRACE] 14-06-2019 02:38:46.046 SERVICE-MAHASISWA - Masuk Error Code: SIA-01-200

[TRACE] 14-06-2019 02:38:47.047 CONTROLLER-MAHASISWA - FIND ALL Header Client : siapti Param Pageable : Page request [number: 0, size 10, sort: nim: ASC]
[TRACE] 14-06-2019 02:38:47.047 SERVICE-MAHASISWA - Masuk Error Code: SIA-01-200

[TRACE] 14-06-2019 02:39:09.009 CONTROLLER-MAHASISWA - FIND ALL Header Client : siapti Param Pageable : Page request [number: 0, size 10, sort: nim: ASC]
[TRACE] 14-06-2019 02:39:09.009 SERVICE-MAHASISWA - Masuk Error Code: SIA-01-200

[TRACE] 14-06-2019 02:39:10.010 CONTROLLER-MAHASISWA - FIND ALL Header Client : siapti Param Pageable : Page request [number: 0, size 10, sort: nim: ASC]
[TRACE] 14-06-2019 02:39:10.010 SERVICE-MAHASISWA - Masuk Error Code: SIA-01-200

[TRACE] 14-06-2019 02:39:22.022 CONTROLLER-MAHASISWA - FIND ALL Header Client : siapti Param Pageable : Page request [number: 0, size 10, sort: nim: ASC]
[TRACE] 14-06-2019 02:39:22.022 SERVICE-MAHASISWA - Masuk Error Code: SIA-01-200

[TRACE] 14-06-2019 02:40:13.013 CONTROLLER-MAHASISWA - FIND ALL Header Client : siapti Param Pageable : Page request [number: 0, size 10, sort: nim: ASC]
[TRACE] 14-06-2019 02:40:13.013 SERVICE-MAHASISWA - Masuk Error Code: SIA-01-200

[TRACE] 14-06-2019 02:42:58.058 CONTROLLER-MAHASISWA - FIND ALL Header Client : siapti Param Pageable : Page request [number: 0, size 10, sort: nim: ASC]
[TRACE] 14-06-2019 02:42:58.058 SERVICE-MAHASISWA - Masuk Error Code: SIA-01-200

[TRACE] 14-06-2019 02:42:59.059 CONTROLLER-MAHASISWA - FIND ALL Header Client : siapti Param Pageable : Page request [number: 0, size 10, sort: nim: ASC]
[TRACE] 14-06-2019 02:42:59.059 SERVICE-MAHASISWA - Masuk Error Code: SIA-01-200

[TRACE] 14-06-2019 02:44:07.007 CONTROLLER-MAHASISWA - FIND ALL Header Client : siapti Param Pageable : Page request [number: 0, size 10, sort: nim: ASC]
[TRACE] 14-06-2019 02:44:07.007 SERVICE-MAHASISWA - Masuk Error Code: SIA-01-200

[TRACE] 14-06-2019 02:44:36.036 CONTROLLER-MAHASISWA - FIND ALL Header Client : siapti Param Pageable : Page request [number: 0, size 10, sort: nim: ASC]
[TRACE] 14-06-2019 02:44:36.036 SERVICE-MAHASISWA - Masuk Error Code: SIA-01-200

[TRACE] 14-06-2019 02:45:36.036 CONTROLLER-MAHASISWA - FIND ALL Header Client : siapti Param Pageable : Page request [number: 0, size 10, sort: nim: ASC]
[TRACE] 14-06-2019 02:45:36.036 SERVICE-MAHASISWA - Masuk Error Code: SIA-01-200

[TRACE] 14-06-2019 02:45:37.037 CONTROLLER-MAHASISWA - FIND ALL Header Client : siapti Param Pageable : Page request [number: 0, size 10, sort: nim: ASC]
[TRACE] 14-06-2019 02:45:37.037 SERVICE-MAHASISWA - Masuk Error Code: SIA-01-200

[TRACE] 14-06-2019 02:46:06.006 CONTROLLER-MAHASISWA - FIND ALL Header Client : siapti Param Pageable : Page request [number: 0, size 10, sort: nim: ASC]
[TRACE] 14-06-2019 02:46:06.006 SERVICE-MAHASISWA - Masuk Error Code: SIA-01-200

[TRACE] 14-06-2019 02:48:04.004 CONTROLLER-MAHASISWA - FIND ALL Header Client : siapti Param Pageable : Page request [number: 0, size 10, sort: nim: ASC]
[TRACE] 14-06-2019 02:48:04.004 SERVICE-MAHASISWA - Masuk Error Code: SIA-01-200

[TRACE] 14-06-2019 02:48:18.018 CONTROLLER-MAHASISWA - FIND ALL Header Client : siapti Param Pageable : Page request [number: 0, size 10, sort: nim: ASC]
[TRACE] 14-06-2019 02:48:18.018 SERVICE-MAHASISWA - Masuk Error Code: SIA-01-200

[TRACE] 14-06-2019 02:56:37.037 CONTROLLER-MAHASISWA - FIND ALL Header Client : siapti Param Pageable : Page request [number: 0, size 10, sort: nim: ASC]
[TRACE] 14-06-2019 02:56:37.037 SERVICE-MAHASISWA - Masuk Error Code: SIA-01-200

[TRACE] 14-06-2019 02:56:46.046 CONTROLLER-MAHASISWA - FIND ALL Header Client : siapti Param Pageable : Page request [number: 0, size 10, sort: nim: ASC]
[TRACE] 14-06-2019 02:56:46.046 SERVICE-MAHASISWA - Masuk Error Code: SIA-01-200

[TRACE] 14-06-2019 02:57:02.002 CONTROLLER-MAHASISWA - FIND ALL Header Client : siapti Param Pageable : Page request [number: 0, size 10, sort: nim: ASC]
[TRACE] 14-06-2019 02:57:02.002 SERVICE-MAHASISWA - Masuk Error Code: SIA-01-200

[TRACE] 14-06-2019 02:58:13.013 CONTROLLER-MAHASISWA - FIND ALL Header Client : siapti Param Pageable : Page request [number: 0, size 10, sort: nim: ASC]
[TRACE] 14-06-2019 02:58:14.014 SERVICE-MAHASISWA - Masuk Error Code: SIA-01-200

[TRACE] 14-06-2019 02:58:14.014 CONTROLLER-MAHASISWA - FIND ALL Header Client : siapti Param Pageable : Page request [number: 0, size 10, sort: nim: ASC]
[TRACE] 14-06-2019 02:58:14.014 SERVICE-MAHASISWA - Masuk Error Code: SIA-01-200

[TRACE] 14-06-2019 02:58:35.035 CONTROLLER-MAHASISWA - FIND ALL Header Client : siapti Param Pageable : Page request [number: 0, size 10, sort: nim: ASC]
[TRACE] 14-06-2019 02:58:35.035 SERVICE-MAHASISWA - Masuk Error Code: SIA-01-200

[TRACE] 14-06-2019 02:58:36.036 CONTROLLER-MAHASISWA - FIND ALL Header Client : siapti Param Pageable : Page request [number: 0, size 10, sort: nim: ASC]
[TRACE] 14-06-2019 02:58:36.036 SERVICE-MAHASISWA - Masuk Error Code: SIA-01-200

[TRACE] 14-06-2019 02:59:01.001 CONTROLLER-MAHASISWA - FIND ALL Header Client : siapti Param Pageable : Page request [number: 0, size 10, sort: nim: ASC]
[TRACE] 14-06-2019 02:59:01.001 SERVICE-MAHASISWA - Masuk Error Code: SIA-01-200

[TRACE] 14-06-2019 02:59:44.044 CONTROLLER-MAHASISWA - FIND ALL Header Client : siapti Param Pageable : Page request [number: 0, size 10, sort: nim: ASC]

[TRACE] 14-06-2019 02:59:44.044 CONTROLLER-MAHASISWA - ADD
[TRACE] 14-06-2019 02:59:44.044 SERVICE-MAHASISWA - Service ADD
[TRACE] 14-06-2019 02:59:44.044 SERVICE-MAHASISWA - Service ADD NIP : 67193
[TRACE] 14-06-2019 02:59:44.044 SERVICE-MAHASISWA - Service ADD NIM not exist
[TRACE] 14-06-2019 02:59:44.044 SERVICE-MAHASISWA - Repo ADD MHS Body 7777
[TRACE] 14-06-2019 02:59:44.044 SERVICE-MAHASISWA - Repo ADD MHS Body 67
[TRACE] 14-06-2019 02:59:44.044 SERVICE-MAHASISWA - Masuk Error Code: SIA-01-200
[TRACE] 14-06-2019 02:59:44.044 SERVICE-MAHASISWA - Success ADD Mahasiswa
[TRACE] 14-06-2019 02:59:44.044 SERVICE-MAHASISWA - Success After Add
[TRACE] 14-06-2019 02:59:44.044 SERVICE-MAHASISWA - Masuk Error Code: SIA-01-200

[TRACE] 14-06-2019 02:59:48.048 CONTROLLER-MAHASISWA - FIND ALL Header Client : siapti Param Pageable : Page request [number: 0, size 10, sort: nim: ASC]
[TRACE] 14-06-2019 02:59:48.048 SERVICE-MAHASISWA - Masuk Error Code: SIA-01-200

[TRACE] 14-06-2019 02:59:50.050 CONTROLLER-MAHASISWA - DETAIL Header Client : siapti Param Nim : 67193
[TRACE] 14-06-2019 02:59:50.050 SERVICE-MAHASISWA - DETAIL
[INFO ] 14-06-2019 02:59:50.050 SERVICE-MAHASISWA - DETAIL SUKSES
[TRACE] 14-06-2019 02:59:50.050 SERVICE-MAHASISWA - Masuk Error Code: SIA-01-200

[TRACE] 14-06-2019 03:03:50.050 CONTROLLER-MAHASISWA - FIND ALL Header Client : siapti Param Pageable : Page request [number: 0, size 10, sort: nim: ASC]
[TRACE] 14-06-2019 03:03:50.050 SERVICE-MAHASISWA - Masuk Error Code: SIA-01-200

[TRACE] 14-06-2019 03:04:04.004 CONTROLLER-MAHASISWA - FIND ALL Header Client : siapti Param Pageable : Page request [number: 0, size 10, sort: nim: ASC]
[TRACE] 14-06-2019 03:04:04.004 SERVICE-MAHASISWA - Masuk Error Code: SIA-01-200

[TRACE] 14-06-2019 03:04:34.034 CONTROLLER-MAHASISWA - FIND ALL Header Client : siapti Param Pageable : Page request [number: 0, size 10, sort: nim: ASC]
[TRACE] 14-06-2019 03:04:34.034 SERVICE-MAHASISWA - Masuk Error Code: SIA-01-200

[TRACE] 14-06-2019 03:04:47.047 CONTROLLER-MAHASISWA - FIND ALL Header Client : siapti Param Pageable : Page request [number: 0, size 10, sort: nim: ASC]
[TRACE] 14-06-2019 03:04:47.047 SERVICE-MAHASISWA - Masuk Error Code: SIA-01-200

[TRACE] 14-06-2019 03:04:47.047 CONTROLLER-MAHASISWA - FIND ALL Header Client : siapti Param Pageable : Page request [number: 0, size 10, sort: nim: ASC]
[TRACE] 14-06-2019 03:04:47.047 SERVICE-MAHASISWA - Masuk Error Code: SIA-01-200

[TRACE] 14-06-2019 03:05:07.007 CONTROLLER-MAHASISWA - ADD
[TRACE] 14-06-2019 03:05:07.007 SERVICE-MAHASISWA - Service ADD
[TRACE] 14-06-2019 03:05:07.007 SERVICE-MAHASISWA - Service ADD NIP : 68196
[TRACE] 14-06-2019 03:05:07.007 SERVICE-MAHASISWA - Service ADD ID Wali not exist
[TRACE] 14-06-2019 03:05:07.007 SERVICE-MAHASISWA - Masuk Error Code: SIA-03-404

[TRACE] 14-06-2019 03:05:20.020 CONTROLLER-MAHASISWA - FIND ALL Header Client : siapti Param Pageable : Page request [number: 0, size 10, sort: nim: ASC]
[TRACE] 14-06-2019 03:05:20.020 SERVICE-MAHASISWA - Masuk Error Code: SIA-01-200

[TRACE] 14-06-2019 03:05:43.043 CONTROLLER-MAHASISWA - FIND ALL Header Client : siapti Param Pageable : Page request [number: 0, size 10, sort: nim: ASC]
[TRACE] 14-06-2019 03:05:43.043 SERVICE-MAHASISWA - Masuk Error Code: SIA-01-200

[TRACE] 14-06-2019 03:06:03.003 CONTROLLER-MAHASISWA - ADD
[TRACE] 14-06-2019 03:06:03.003 SERVICE-MAHASISWA - Service ADD
[TRACE] 14-06-2019 03:06:03.003 SERVICE-MAHASISWA - Service ADD NIP : 67194
[TRACE] 14-06-2019 03:06:03.003 SERVICE-MAHASISWA - Service ADD ID Wali not exist
[TRACE] 14-06-2019 03:06:03.003 SERVICE-MAHASISWA - Masuk Error Code: SIA-03-404

[TRACE] 14-06-2019 03:06:05.005 CONTROLLER-MAHASISWA - FIND ALL Header Client : siapti Param Pageable : Page request [number: 0, size 10, sort: nim: ASC]
[TRACE] 14-06-2019 03:06:05.005 SERVICE-MAHASISWA - Masuk Error Code: SIA-01-200

[TRACE] 14-06-2019 03:06:13.013 CONTROLLER-MAHASISWA - FIND ALL Header Client : siapti Param Pageable : Page request [number: 0, size 10, sort: nim: ASC]
[TRACE] 14-06-2019 03:06:13.013 SERVICE-MAHASISWA - Masuk Error Code: SIA-01-200

[TRACE] 14-06-2019 03:06:13.013 CONTROLLER-MAHASISWA - FIND ALL Header Client : siapti Param Pageable : Page request [number: 0, size 10, sort: nim: ASC]
[TRACE] 14-06-2019 03:06:13.013 SERVICE-MAHASISWA - Masuk Error Code: SIA-01-200

[TRACE] 14-06-2019 03:06:17.017 CONTROLLER-MAHASISWA - FIND ALL Header Client : siapti Param Pageable : Page request [number: 0, size 10, sort: nim: ASC]
[TRACE] 14-06-2019 03:06:17.017 SERVICE-MAHASISWA - Masuk Error Code: SIA-01-200

[TRACE] 14-06-2019 03:07:44.044 CONTROLLER-MAHASISWA - FIND ALL Header Client : siapti Param Pageable : Page request [number: 0, size 10, sort: nim: ASC]
[TRACE] 14-06-2019 03:07:44.044 SERVICE-MAHASISWA - Masuk Error Code: SIA-01-200

[TRACE] 14-06-2019 03:08:12.012 CONTROLLER-MAHASISWA - FIND ALL Header Client : siapti Param Pageable : Page request [number: 0, size 10, sort: nim: ASC]
[TRACE] 14-06-2019 03:08:12.012 SERVICE-MAHASISWA - Masuk Error Code: SIA-01-200

[TRACE] 14-06-2019 03:10:25.025 CONTROLLER-MAHASISWA - FIND ALL Header Client : siapti Param Pageable : Page request [number: 0, size 10, sort: nim: ASC]
[TRACE] 14-06-2019 03:10:25.025 SERVICE-MAHASISWA - Masuk Error Code: SIA-01-200

[TRACE] 14-06-2019 03:10:39.039 CONTROLLER-MAHASISWA - FIND ALL Header Client : siapti Param Pageable : Page request [number: 0, size 10, sort: nim: ASC]
[TRACE] 14-06-2019 03:10:39.039 SERVICE-MAHASISWA - Masuk Error Code: SIA-01-200

[TRACE] 14-06-2019 03:10:41.041 CONTROLLER-MAHASISWA - FIND ALL Header Client : siapti Param Pageable : Page request [number: 0, size 10, sort: nim: ASC]
[TRACE] 14-06-2019 03:10:41.041 SERVICE-MAHASISWA - Masuk Error Code: SIA-01-200

[TRACE] 14-06-2019 03:11:25.025 CONTROLLER-MAHASISWA - FIND ALL Header Client : siapti Param Pageable : Page request [number: 0, size 10, sort: nim: ASC]
[TRACE] 14-06-2019 03:11:25.025 SERVICE-MAHASISWA - Masuk Error Code: SIA-01-200

[TRACE] 14-06-2019 03:11:31.031 CONTROLLER-MAHASISWA - FIND ALL Header Client : siapti Param Pageable : Page request [number: 0, size 10, sort: nim: ASC]
[TRACE] 14-06-2019 03:11:31.031 SERVICE-MAHASISWA - Masuk Error Code: SIA-01-200

[TRACE] 14-06-2019 03:12:18.018 CONTROLLER-MAHASISWA - FIND ALL Header Client : siapti Param Pageable : Page request [number: 0, size 10, sort: nim: ASC]
[TRACE] 14-06-2019 03:12:18.018 SERVICE-MAHASISWA - Masuk Error Code: SIA-01-200

[TRACE] 14-06-2019 03:12:19.019 CONTROLLER-MAHASISWA - FIND ALL Header Client : siapti Param Pageable : Page request [number: 0, size 10, sort: nim: ASC]
[TRACE] 14-06-2019 03:12:19.019 SERVICE-MAHASISWA - Masuk Error Code: SIA-01-200

[TRACE] 14-06-2019 03:13:52.052 CONTROLLER-MAHASISWA - FIND ALL Header Client : siapti Param Pageable : Page request [number: 0, size 10, sort: nim: ASC]
[TRACE] 14-06-2019 03:13:52.052 SERVICE-MAHASISWA - Masuk Error Code: SIA-01-200

[TRACE] 14-06-2019 03:13:53.053 CONTROLLER-MAHASISWA - FIND ALL Header Client : siapti Param Pageable : Page request [number: 0, size 10, sort: nim: ASC]
[TRACE] 14-06-2019 03:13:53.053 SERVICE-MAHASISWA - Masuk Error Code: SIA-01-200

[TRACE] 14-06-2019 03:14:45.045 CONTROLLER-MAHASISWA - FIND ALL Header Client : siapti Param Pageable : Page request [number: 0, size 10, sort: nim: ASC]
[TRACE] 14-06-2019 03:14:45.045 SERVICE-MAHASISWA - Masuk Error Code: SIA-01-200

[TRACE] 14-06-2019 03:14:46.046 CONTROLLER-MAHASISWA - FIND ALL Header Client : siapti Param Pageable : Page request [number: 0, size 10, sort: nim: ASC]
[TRACE] 14-06-2019 03:14:46.046 SERVICE-MAHASISWA - Masuk Error Code: SIA-01-200

[TRACE] 14-06-2019 03:15:03.003 CONTROLLER-MAHASISWA - FIND ALL Header Client : siapti Param Pageable : Page request [number: 0, size 10, sort: nim: ASC]
[TRACE] 14-06-2019 03:15:03.003 SERVICE-MAHASISWA - Masuk Error Code: SIA-01-200

[TRACE] 14-06-2019 03:15:04.004 CONTROLLER-MAHASISWA - FIND ALL Header Client : siapti Param Pageable : Page request [number: 0, size 10, sort: nim: ASC]
[TRACE] 14-06-2019 03:15:04.004 SERVICE-MAHASISWA - Masuk Error Code: SIA-01-200

[TRACE] 14-06-2019 03:15:15.015 CONTROLLER-MAHASISWA - FIND ALL Header Client : siapti Param Pageable : Page request [number: 0, size 10, sort: nim: ASC]
[TRACE] 14-06-2019 03:15:15.015 SERVICE-MAHASISWA - Masuk Error Code: SIA-01-200

[TRACE] 14-06-2019 03:23:24.024 CONTROLLER-MAHASISWA - FIND ALL Header Client : siapti Param Pageable : Page request [number: 0, size 10, sort: nim: ASC]
[TRACE] 14-06-2019 03:23:24.024 SERVICE-MAHASISWA - Masuk Error Code: SIA-01-200

[TRACE] 14-06-2019 03:23:25.025 CONTROLLER-MAHASISWA - DETAIL Header Client : siapti Param Nim : 60191
[TRACE] 14-06-2019 03:23:25.025 SERVICE-MAHASISWA - DETAIL
[INFO ] 14-06-2019 03:23:25.025 SERVICE-MAHASISWA - DETAIL SUKSES
[TRACE] 14-06-2019 03:23:25.025 SERVICE-MAHASISWA - Masuk Error Code: SIA-01-200

[TRACE] 14-06-2019 03:24:11.011 CONTROLLER-MAHASISWA - FIND ALL Header Client : siapti Param Pageable : Page request [number: 0, size 10, sort: nim: ASC]
[TRACE] 14-06-2019 03:24:11.011 SERVICE-MAHASISWA - Masuk Error Code: SIA-01-200

[TRACE] 14-06-2019 03:24:18.018 CONTROLLER-MAHASISWA - FIND ALL Header Client : siapti Param Pageable : Page request [number: 0, size 10, sort: nim: ASC]
[TRACE] 14-06-2019 03:24:18.018 SERVICE-MAHASISWA - Masuk Error Code: SIA-01-200

[TRACE] 14-06-2019 03:25:06.006 CONTROLLER-MAHASISWA - FIND ALL Header Client : siapti Param Pageable : Page request [number: 0, size 10, sort: nim: ASC]
[TRACE] 14-06-2019 03:25:06.006 SERVICE-MAHASISWA - Masuk Error Code: SIA-01-200

[TRACE] 14-06-2019 03:26:10.010 CONTROLLER-MAHASISWA - FIND ALL Header Client : siapti Param Pageable : Page request [number: 0, size 10, sort: nim: ASC]
[TRACE] 14-06-2019 03:26:10.010 SERVICE-MAHASISWA - Masuk Error Code: SIA-01-200

[TRACE] 14-06-2019 03:26:20.020 CONTROLLER-MAHASISWA - DETAIL Header Client : siapti Param Nim : 47191
[TRACE] 14-06-2019 03:26:20.020 SERVICE-MAHASISWA - DETAIL
[INFO ] 14-06-2019 03:26:20.020 SERVICE-MAHASISWA - DETAIL SUKSES
[TRACE] 14-06-2019 03:26:20.020 SERVICE-MAHASISWA - Masuk Error Code: SIA-01-200

[TRACE] 14-06-2019 03:26:24.024 CONTROLLER-MAHASISWA - DETAIL Header Client : siapti Param Nim : 60191
[TRACE] 14-06-2019 03:26:24.024 SERVICE-MAHASISWA - DETAIL
[INFO ] 14-06-2019 03:26:24.024 SERVICE-MAHASISWA - DETAIL SUKSES
[TRACE] 14-06-2019 03:26:24.024 SERVICE-MAHASISWA - Masuk Error Code: SIA-01-200

[TRACE] 14-06-2019 03:26:29.029 CONTROLLER-MAHASISWA - DETAIL Header Client : siapti Param Nim : 68191
[TRACE] 14-06-2019 03:26:29.029 SERVICE-MAHASISWA - DETAIL
[INFO ] 14-06-2019 03:26:29.029 SERVICE-MAHASISWA - DETAIL SUKSES
[TRACE] 14-06-2019 03:26:29.029 SERVICE-MAHASISWA - Masuk Error Code: SIA-01-200

[TRACE] 14-06-2019 03:26:31.031 CONTROLLER-MAHASISWA - DETAIL Header Client : siapti Param Nim : 68192
[TRACE] 14-06-2019 03:26:31.031 SERVICE-MAHASISWA - DETAIL
[INFO ] 14-06-2019 03:26:31.031 SERVICE-MAHASISWA - DETAIL SUKSES
[TRACE] 14-06-2019 03:26:31.031 SERVICE-MAHASISWA - Masuk Error Code: SIA-01-200

[TRACE] 14-06-2019 03:26:34.034 CONTROLLER-MAHASISWA - DETAIL Header Client : siapti Param Nim : 68191
[TRACE] 14-06-2019 03:26:34.034 SERVICE-MAHASISWA - DETAIL
[INFO ] 14-06-2019 03:26:34.034 SERVICE-MAHASISWA - DETAIL SUKSES
[TRACE] 14-06-2019 03:26:34.034 SERVICE-MAHASISWA - Masuk Error Code: SIA-01-200

[TRACE] 14-06-2019 03:27:01.001 CONTROLLER-MAHASISWA - DETAIL Header Client : siapti Param Nim : 672015052
[TRACE] 14-06-2019 03:27:01.001 SERVICE-MAHASISWA - DETAIL
[INFO ] 14-06-2019 03:27:01.001 SERVICE-MAHASISWA - DETAIL SUKSES
[TRACE] 14-06-2019 03:27:01.001 SERVICE-MAHASISWA - Masuk Error Code: SIA-01-200

[TRACE] 26-06-2019 06:47:26.026 CONTROLLER-MAHASISWA - FIND ALL Header Client : siapti Param Pageable : Page request [number: 0, size 10, sort: nim: ASC]
[TRACE] 26-06-2019 06:47:27.027 SERVICE-MAHASISWA - Masuk Error Code: SIA-01-200

[TRACE] 26-06-2019 06:48:04.004 CONTROLLER-MAHASISWA - FIND ALL Header Client : siapti Param Pageable : Page request [number: 0, size 10, sort: nim: ASC]
[TRACE] 26-06-2019 06:48:04.004 SERVICE-MAHASISWA - Masuk Error Code: SIA-01-200

[TRACE] 01-07-2019 02:41:40.040 CONTROLLER-MAHASISWA - FIND ALL Header Client : siapti Param Pageable : Page request [number: 0, size 10, sort: nim: ASC]
[TRACE] 01-07-2019 02:41:41.041 SERVICE-MAHASISWA - Masuk Error Code: SIA-01-200

[TRACE] 01-07-2019 02:41:56.056 CONTROLLER-MAHASISWA - FIND ALL Header Client : siapti Param Pageable : Page request [number: 0, size 10, sort: nim: ASC]
[TRACE] 01-07-2019 02:41:56.056 SERVICE-MAHASISWA - Masuk Error Code: SIA-01-200

[TRACE] 01-07-2019 02:54:38.038 CONTROLLER-MAHASISWA - FIND ALL Header Client : siapti Param Pageable : Page request [number: 0, size 10, sort: nim: ASC]
[TRACE] 01-07-2019 02:54:38.038 SERVICE-MAHASISWA - Masuk Error Code: SIA-01-200

[TRACE] 05-07-2019 10:03:14.014 CONTROLLER-MAHASISWA - FIND ALL Header Client : siapti Param Pageable : Page request [number: 0, size 10, sort: nim: ASC]
[TRACE] 05-07-2019 10:03:16.016 SERVICE-MAHASISWA - Masuk Error Code: SIA-01-200

[TRACE] 05-07-2019 10:04:01.001 CONTROLLER-MAHASISWA - FIND ALL Header Client : siapti Param Pageable : Page request [number: 0, size 10, sort: nim: ASC]
[TRACE] 05-07-2019 10:04:01.001 SERVICE-MAHASISWA - Masuk Error Code: SIA-01-200

[TRACE] 05-07-2019 10:05:39.039 CONTROLLER-MAHASISWA - FIND ALL Header Client : siapti Param Pageable : Page request [number: 0, size 10, sort: nim: ASC]
[TRACE] 05-07-2019 10:05:39.039 SERVICE-MAHASISWA - Masuk Error Code: SIA-01-200

[TRACE] 05-07-2019 10:05:40.040 CONTROLLER-MAHASISWA - FIND ALL Header Client : siapti Param Pageable : Page request [number: 0, size 10, sort: nim: ASC]
[TRACE] 05-07-2019 10:05:40.040 SERVICE-MAHASISWA - Masuk Error Code: SIA-01-200

[TRACE] 05-07-2019 10:05:53.053 CONTROLLER-MAHASISWA - FIND ALL Header Client : siapti Param Pageable : Page request [number: 0, size 10, sort: nim: ASC]
[TRACE] 05-07-2019 10:05:53.053 SERVICE-MAHASISWA - Masuk Error Code: SIA-01-200

[TRACE] 05-07-2019 10:06:00.000 CONTROLLER-MAHASISWA - FIND ALL Header Client : siapti Param Pageable : Page request [number: 0, size 10, sort: nim: ASC]
[TRACE] 05-07-2019 10:06:00.000 SERVICE-MAHASISWA - Masuk Error Code: SIA-01-200

[TRACE] 05-07-2019 10:07:12.012 CONTROLLER-MAHASISWA - ADD
[TRACE] 05-07-2019 10:07:12.012 SERVICE-MAHASISWA - Service ADD
[TRACE] 05-07-2019 10:07:12.012 SERVICE-MAHASISWA - Service ADD NIP : 11191
[TRACE] 05-07-2019 10:07:12.012 SERVICE-MAHASISWA - Service ADD NIM not exist
[TRACE] 05-07-2019 10:07:12.012 SERVICE-MAHASISWA - Repo ADD MHS Body 5003
[TRACE] 05-07-2019 10:07:12.012 SERVICE-MAHASISWA - Repo ADD MHS Body 11
[TRACE] 05-07-2019 10:07:12.012 SERVICE-MAHASISWA - Success ADD Mahasiswa
[TRACE] 05-07-2019 10:07:12.012 SERVICE-MAHASISWA - Success After Add
[TRACE] 05-07-2019 10:07:12.012 SERVICE-MAHASISWA - Masuk Error Code: SIA-01-200

[TRACE] 05-07-2019 10:07:14.014 CONTROLLER-MAHASISWA - FIND ALL Header Client : siapti Param Pageable : Page request [number: 0, size 10, sort: nim: ASC]
[TRACE] 05-07-2019 10:07:15.015 SERVICE-MAHASISWA - Masuk Error Code: SIA-01-200

[TRACE] 05-07-2019 10:07:16.016 CONTROLLER-MAHASISWA - DETAIL Header Client : siapti Param Nim : 11191
[TRACE] 05-07-2019 10:07:16.016 SERVICE-MAHASISWA - DETAIL
[INFO ] 05-07-2019 10:07:16.016 SERVICE-MAHASISWA - DETAIL SUKSES
[TRACE] 05-07-2019 10:07:16.016 SERVICE-MAHASISWA - Masuk Error Code: SIA-01-200

[TRACE] 05-07-2019 11:35:11.011 CONTROLLER-MAHASISWA - FIND ALL Header Client : siapti Param Pageable : Page request [number: 0, size 10, sort: nim: ASC]
[TRACE] 05-07-2019 11:35:11.011 SERVICE-MAHASISWA - Masuk Error Code: SIA-01-200

[TRACE] 14-07-2019 04:14:25.025 CONTROLLER-MAHASISWA - FIND ALL Header Client : siapti Param Pageable : Page request [number: 0, size 10, sort: nim: ASC]
[TRACE] 14-07-2019 04:14:30.030 SERVICE-MAHASISWA - Masuk Error Code: SIA-01-200

[TRACE] 14-07-2019 04:16:17.017 CONTROLLER-MAHASISWA - ADD
[TRACE] 14-07-2019 04:16:17.017 SERVICE-MAHASISWA - Service ADD
[TRACE] 14-07-2019 04:16:17.017 SERVICE-MAHASISWA - Service ADD NIP : 11192
[TRACE] 14-07-2019 04:16:17.017 SERVICE-MAHASISWA - Service ADD NIM not exist
[TRACE] 14-07-2019 04:16:17.017 SERVICE-MAHASISWA - Repo ADD MHS Body 5004
[TRACE] 14-07-2019 04:16:17.017 SERVICE-MAHASISWA - Repo ADD MHS Body 11
[TRACE] 14-07-2019 04:16:26.026 SERVICE-MAHASISWA - Success ADD Mahasiswa
[TRACE] 14-07-2019 04:16:27.027 SERVICE-MAHASISWA - Success After Add
[TRACE] 14-07-2019 04:16:27.027 SERVICE-MAHASISWA - Masuk Error Code: SIA-01-200

[TRACE] 14-07-2019 04:19:15.015 CONTROLLER-MAHASISWA - FIND ALL Header Client : siapti Param Pageable : Page request [number: 0, size 10, sort: nim: ASC]
[TRACE] 14-07-2019 04:19:15.015 SERVICE-MAHASISWA - Masuk Error Code: SIA-01-200

[TRACE] 14-07-2019 04:20:54.054 CONTROLLER-MAHASISWA - FIND ALL Header Client : siapti Param Pageable : Page request [number: 0, size 10, sort: nim: ASC]
[TRACE] 14-07-2019 04:20:54.054 SERVICE-MAHASISWA - Masuk Error Code: SIA-01-200

[TRACE] 14-07-2019 04:21:45.045 CONTROLLER-MAHASISWA - ADD
[TRACE] 14-07-2019 04:21:45.045 SERVICE-MAHASISWA - Service ADD
[TRACE] 14-07-2019 04:21:45.045 SERVICE-MAHASISWA - Service ADD NIP : 11193
[TRACE] 14-07-2019 04:21:45.045 SERVICE-MAHASISWA - Service ADD NIM not exist
[TRACE] 14-07-2019 04:21:45.045 SERVICE-MAHASISWA - Repo ADD MHS Body 5003
[TRACE] 14-07-2019 04:21:45.045 SERVICE-MAHASISWA - Repo ADD MHS Body 11
[TRACE] 14-07-2019 04:21:45.045 SERVICE-MAHASISWA - Success ADD Mahasiswa
[TRACE] 14-07-2019 04:21:45.045 SERVICE-MAHASISWA - Success After Add
[TRACE] 14-07-2019 04:21:45.045 SERVICE-MAHASISWA - Masuk Error Code: SIA-01-200

[TRACE] 14-07-2019 04:22:23.023 CONTROLLER-MAHASISWA - ADD
[TRACE] 14-07-2019 04:22:23.023 SERVICE-MAHASISWA - Service ADD
[TRACE] 14-07-2019 04:22:23.023 SERVICE-MAHASISWA - Service ADD NIP : 11194
[TRACE] 14-07-2019 04:22:23.023 SERVICE-MAHASISWA - Service ADD NIM not exist
[TRACE] 14-07-2019 04:22:23.023 SERVICE-MAHASISWA - Repo ADD MHS Body 5005
[TRACE] 14-07-2019 04:22:23.023 SERVICE-MAHASISWA - Repo ADD MHS Body 11
[TRACE] 14-07-2019 04:22:23.023 SERVICE-MAHASISWA - Success ADD Mahasiswa
[TRACE] 14-07-2019 04:22:23.023 SERVICE-MAHASISWA - Success After Add
[TRACE] 14-07-2019 04:22:23.023 SERVICE-MAHASISWA - Masuk Error Code: SIA-01-200

[TRACE] 14-07-2019 04:22:25.025 CONTROLLER-MAHASISWA - FIND ALL Header Client : siapti Param Pageable : Page request [number: 0, size 10, sort: nim: ASC]
[TRACE] 14-07-2019 04:22:25.025 SERVICE-MAHASISWA - Masuk Error Code: SIA-01-200

[TRACE] 23-07-2019 10:49:43.043 CONTROLLER-MAHASISWA - DETAIL Header Client : siapti Param Nim : 11191
[TRACE] 23-07-2019 10:49:43.043 SERVICE-MAHASISWA - DETAIL
[INFO ] 23-07-2019 10:49:44.044 SERVICE-MAHASISWA - DETAIL SUKSES
[TRACE] 23-07-2019 10:49:44.044 SERVICE-MAHASISWA - Masuk Error Code: SIA-01-200

[TRACE] 23-07-2019 10:52:03.003 CONTROLLER-MAHASISWA - SEARCH Header Client : siapti Param Nim : 1 Param nama : 1
[TRACE] 23-07-2019 10:52:03.003 SERVICE-MAHASISWA - Service Show : 
[TRACE] 23-07-2019 10:52:03.003 SERVICE-MAHASISWA - Masuk Error Code: SIA-01-200

[TRACE] 23-07-2019 10:52:38.038 CONTROLLER-MAHASISWA - FIND ALL Header Client : siapti Param Pageable : Page request [number: 0, size 20, sort: UNSORTED]
[TRACE] 23-07-2019 10:52:38.038 SERVICE-MAHASISWA - Masuk Error Code: SIA-01-200

[TRACE] 23-07-2019 11:09:17.017 CONTROLLER-MAHASISWA - FIND ALL Header Client : siapti Param Pageable : Page request [number: 0, size 10, sort: nim: ASC]
[TRACE] 23-07-2019 11:09:17.017 SERVICE-MAHASISWA - Masuk Error Code: SIA-01-200

[TRACE] 23-07-2019 11:10:05.005 CONTROLLER-MAHASISWA - FIND ALL Header Client : siapti Param Pageable : Page request [number: 0, size 10, sort: nim: ASC]
[TRACE] 23-07-2019 11:10:05.005 SERVICE-MAHASISWA - Masuk Error Code: SIA-01-200

[TRACE] 28-07-2019 05:20:23.023 CONTROLLER-MAHASISWA - SEARCH Header Client : siapti Param Nim : 67 Param nama : 67
[TRACE] 28-07-2019 05:20:23.023 SERVICE-MAHASISWA - Service Show : 
[TRACE] 28-07-2019 05:20:23.023 SERVICE-MAHASISWA - Masuk Error Code: SIA-01-200

[TRACE] 28-07-2019 05:20:34.034 CONTROLLER-MAHASISWA - SEARCH Header Client : siapti Param Nim : yo Param nama : yo
[TRACE] 28-07-2019 05:20:34.034 SERVICE-MAHASISWA - Service Show : 
[TRACE] 28-07-2019 05:20:34.034 SERVICE-MAHASISWA - Masuk Error Code: SIA-01-200

[TRACE] 30-07-2019 07:54:53.053 CONTROLLER-MAHASISWA - FIND ALL Header Client : siapti Param Pageable : Page request [number: 0, size 10, sort: nim: ASC]
[TRACE] 30-07-2019 07:54:53.053 SERVICE-MAHASISWA - Masuk Error Code: SIA-01-200

[TRACE] 30-07-2019 07:56:30.030 CONTROLLER-MAHASISWA - FIND ALL Header Client : siapti Param Pageable : Page request [number: 0, size 10, sort: nim: ASC]
[TRACE] 30-07-2019 07:56:30.030 SERVICE-MAHASISWA - Masuk Error Code: SIA-01-200

[TRACE] 30-07-2019 07:56:40.040 CONTROLLER-MAHASISWA - FIND ALL Header Client : siapti Param Pageable : Page request [number: 0, size 10, sort: nim: ASC]
[TRACE] 30-07-2019 07:56:40.040 SERVICE-MAHASISWA - Masuk Error Code: SIA-01-200

[TRACE] 30-07-2019 07:57:13.013 CONTROLLER-MAHASISWA - FIND ALL Header Client : siapti Param Pageable : Page request [number: 0, size 10, sort: nim: ASC]
[TRACE] 30-07-2019 07:57:13.013 SERVICE-MAHASISWA - Masuk Error Code: SIA-01-200

[TRACE] 30-07-2019 07:57:47.047 CONTROLLER-MAHASISWA - FIND ALL Header Client : siapti Param Pageable : Page request [number: 0, size 10, sort: nim: ASC]
[TRACE] 30-07-2019 07:57:47.047 SERVICE-MAHASISWA - Masuk Error Code: SIA-01-200
