
[TRACE] 23-07-2019 12:14:50.050 CONTROLLER-HASIL-STUDI - GET DATA FOR DOSEN
[TRACE] 23-07-2019 12:14:50.050 SERVICE-HASIL-STUDI - Masuk Error Code: SIA-01-404

[TRACE] 23-07-2019 12:20:31.031 CONTROLLER-HASIL-STUDI - GET DATA FOR DOSEN
[TRACE] 23-07-2019 12:20:31.031 SERVICE-HASIL-STUDI - Masuk Error Code: SIA-01-200

[TRACE] 23-07-2019 12:20:41.041 CONTROLLER-HASIL-STUDI - GET DATA FOR DOSEN
[TRACE] 23-07-2019 12:20:41.041 SERVICE-HASIL-STUDI - Masuk Error Code: SIA-01-200

[TRACE] 23-07-2019 12:21:16.016 CONTROLLER-HASIL-STUDI - INPUT NILAI MAHASISWA
[TRACE] 23-07-2019 12:21:16.016 SERVICE-HASIL-STUDI - Service Input Nilai
[TRACE] 23-07-2019 12:21:16.016 SERVICE-HASIL-STUDI - Service Input Nilai Success
[TRACE] 23-07-2019 12:21:16.016 SERVICE-HASIL-STUDI - Masuk Error Code: SIA-01-200

[TRACE] 23-07-2019 12:21:16.016 CONTROLLER-HASIL-STUDI - INPUT NILAI MAHASISWA
[TRACE] 23-07-2019 12:21:16.016 SERVICE-HASIL-STUDI - Service Input Nilai
[TRACE] 23-07-2019 12:21:16.016 SERVICE-HASIL-STUDI - Service Input Nilai Success
[TRACE] 23-07-2019 12:21:16.016 SERVICE-HASIL-STUDI - Masuk Error Code: SIA-01-200

[TRACE] 23-07-2019 12:21:16.016 CONTROLLER-HASIL-STUDI - INPUT NILAI MAHASISWA
[TRACE] 23-07-2019 12:21:16.016 SERVICE-HASIL-STUDI - Service Input Nilai
[TRACE] 23-07-2019 12:21:17.017 SERVICE-HASIL-STUDI - Service Input Nilai Success
[TRACE] 23-07-2019 12:21:17.017 SERVICE-HASIL-STUDI - Masuk Error Code: SIA-01-200

[TRACE] 23-07-2019 12:21:17.017 CONTROLLER-HASIL-STUDI - INPUT NILAI MAHASISWA
[TRACE] 23-07-2019 12:21:17.017 SERVICE-HASIL-STUDI - Service Input Nilai
[TRACE] 23-07-2019 12:21:17.017 SERVICE-HASIL-STUDI - Service Input Nilai Success
[TRACE] 23-07-2019 12:21:17.017 SERVICE-HASIL-STUDI - Masuk Error Code: SIA-01-200

[TRACE] 23-07-2019 12:21:23.023 CONTROLLER-HASIL-STUDI - GET DATA FOR DOSEN
[TRACE] 23-07-2019 12:21:23.023 SERVICE-HASIL-STUDI - Masuk Error Code: SIA-01-200

[TRACE] 23-07-2019 12:21:26.026 CONTROLLER-HASIL-STUDI - GET DATA FOR DOSEN
[TRACE] 23-07-2019 12:21:26.026 SERVICE-HASIL-STUDI - Masuk Error Code: SIA-01-200

[TRACE] 23-07-2019 12:25:29.029 CONTROLLER-HASIL-STUDI - RELEASE HASIL STUDI
[TRACE] 23-07-2019 12:25:29.029 SERVICE-HASIL-STUDI - Service Release Input Nilai
[TRACE] 23-07-2019 12:25:29.029 SERVICE-HASIL-STUDI - Service Release Input Nilai Success
[TRACE] 23-07-2019 12:25:29.029 SERVICE-HASIL-STUDI - Masuk Error Code: SIA-01-200

[TRACE] 23-07-2019 12:26:41.041 CONTROLLER-HASIL-STUDI - GET DATA FOR MAHASISWA
[TRACE] 23-07-2019 12:26:41.041 SERVICE-HASIL-STUDI - Masuk Error Code: SIA-01-200

[TRACE] 23-07-2019 12:31:15.015 CONTROLLER-HASIL-STUDI - GET DATA FOR MAHASISWA
[TRACE] 23-07-2019 12:31:15.015 SERVICE-HASIL-STUDI - Masuk Error Code: SIA-01-200

[TRACE] 23-07-2019 12:31:17.017 CONTROLLER-HASIL-STUDI - GET DATA FOR MAHASISWA
[TRACE] 23-07-2019 12:31:17.017 SERVICE-HASIL-STUDI - Masuk Error Code: SIA-01-200

[TRACE] 23-07-2019 12:31:20.020 CONTROLLER-HASIL-STUDI - GET DATA FOR MAHASISWA
[TRACE] 23-07-2019 12:31:20.020 SERVICE-HASIL-STUDI - Masuk Error Code: SIA-01-200

[TRACE] 23-07-2019 12:48:26.026 CONTROLLER-HASIL-STUDI - GET DATA FOR MAHASISWA
[TRACE] 23-07-2019 12:48:26.026 SERVICE-HASIL-STUDI - Masuk Error Code: SIA-01-200

[TRACE] 30-07-2019 07:18:21.021 CONTROLLER-HASIL-STUDI - GET DATA FOR DOSEN
[TRACE] 30-07-2019 07:18:22.022 SERVICE-HASIL-STUDI - Masuk Error Code: SIA-01-404

[TRACE] 30-07-2019 07:18:24.024 CONTROLLER-HASIL-STUDI - GET DATA FOR DOSEN
[TRACE] 30-07-2019 07:18:24.024 SERVICE-HASIL-STUDI - Masuk Error Code: SIA-01-200

[TRACE] 30-07-2019 07:18:36.036 CONTROLLER-HASIL-STUDI - INPUT NILAI MAHASISWA
[TRACE] 30-07-2019 07:18:36.036 SERVICE-HASIL-STUDI - Service Input Nilai
[TRACE] 30-07-2019 07:18:36.036 SERVICE-HASIL-STUDI - Service Input Nilai Success
[TRACE] 30-07-2019 07:18:36.036 SERVICE-HASIL-STUDI - Masuk Error Code: SIA-01-200

[TRACE] 30-07-2019 07:18:37.037 CONTROLLER-HASIL-STUDI - INPUT NILAI MAHASISWA
[TRACE] 30-07-2019 07:18:37.037 SERVICE-HASIL-STUDI - Service Input Nilai
[TRACE] 30-07-2019 07:18:37.037 SERVICE-HASIL-STUDI - Service Input Nilai Success
[TRACE] 30-07-2019 07:18:37.037 SERVICE-HASIL-STUDI - Masuk Error Code: SIA-01-200

[TRACE] 30-07-2019 07:18:37.037 CONTROLLER-HASIL-STUDI - INPUT NILAI MAHASISWA
[TRACE] 30-07-2019 07:18:37.037 SERVICE-HASIL-STUDI - Service Input Nilai
[TRACE] 30-07-2019 07:18:37.037 SERVICE-HASIL-STUDI - Service Input Nilai Success
[TRACE] 30-07-2019 07:18:37.037 SERVICE-HASIL-STUDI - Masuk Error Code: SIA-01-200

[TRACE] 30-07-2019 07:29:13.013 CONTROLLER-HASIL-STUDI - GET DATA FOR DOSEN
[TRACE] 30-07-2019 07:29:13.013 SERVICE-HASIL-STUDI - Masuk Error Code: SIA-01-200
