
[TRACE] 11-07-2019 03:10:04.004 CONTROLLER-REGISTRASI-MATAKULIAH - ADD
[TRACE] 11-07-2019 03:10:04.004 SERVICE-REGISTRASI-MATAKULIAH - Service ADD
[TRACE] 11-07-2019 03:10:04.004 SERVICE-REGISTRASI-MATAKULIAH - Service ADD Regis Kode : null Nim : null
[TRACE] 11-07-2019 03:10:04.004 SERVICE-REGISTRASI-MATAKULIAH - Service ADD find Regis: Optional.empty
[TRACE] 11-07-2019 03:10:04.004 SERVICE-REGISTRASI-MATAKULIAH - Service ADD Regis Kode and Nim not exist
[TRACE] 11-07-2019 03:10:05.005 SERVICE-REGISTRASI-MATAKULIAH - Masuk Error Code: SIA-51-500

[TRACE] 11-07-2019 03:24:23.023 CONTROLLER-REGISTRASI-MATAKULIAH - ADD
[TRACE] 11-07-2019 03:24:23.023 SERVICE-REGISTRASI-MATAKULIAH - Service ADD
[TRACE] 11-07-2019 03:24:23.023 SERVICE-REGISTRASI-MATAKULIAH - Service ADD Regis Kode : TIA100A Nim : 11191
[TRACE] 11-07-2019 03:24:23.023 SERVICE-REGISTRASI-MATAKULIAH - Service ADD find Regis: Optional.empty
[TRACE] 11-07-2019 03:24:23.023 SERVICE-REGISTRASI-MATAKULIAH - Service ADD Regis Kode and Nim not exist
[TRACE] 11-07-2019 03:24:23.023 SERVICE-REGISTRASI-MATAKULIAH - Success ADD
[TRACE] 11-07-2019 03:24:23.023 SERVICE-REGISTRASI-MATAKULIAH - Masuk Error Code: SIA-01-200

[TRACE] 11-07-2019 03:27:01.001 CONTROLLER-REGISTRASI-MATAKULIAH - CONTROLLER DELETE Param Kode : TIA100C
[TRACE] 11-07-2019 03:27:01.001 SERVICE-REGISTRASI-MATAKULIAH - Service DELETE
[TRACE] 11-07-2019 03:27:01.001 SERVICE-REGISTRASI-MATAKULIAH - Service DELETE Regis Kode : TIA100C Nim : 1119
[TRACE] 11-07-2019 03:27:01.001 SERVICE-REGISTRASI-MATAKULIAH - Masuk Error Code: SIA-01-404

[TRACE] 11-07-2019 03:27:06.006 CONTROLLER-REGISTRASI-MATAKULIAH - CONTROLLER DELETE Param Kode : TIA100C
[TRACE] 11-07-2019 03:27:06.006 SERVICE-REGISTRASI-MATAKULIAH - Service DELETE
[TRACE] 11-07-2019 03:27:06.006 SERVICE-REGISTRASI-MATAKULIAH - Service DELETE Regis Kode : TIA100C Nim : 11191
[TRACE] 11-07-2019 03:27:07.007 SERVICE-REGISTRASI-MATAKULIAH - Service DELETE Nip Exist
[TRACE] 11-07-2019 03:27:07.007 SERVICE-REGISTRASI-MATAKULIAH - Service DELETE Berhasil
[TRACE] 11-07-2019 03:27:07.007 SERVICE-REGISTRASI-MATAKULIAH - Masuk Error Code: SIA-01-200

[TRACE] 11-07-2019 03:31:56.056 CONTROLLER-REGISTRASI-MATAKULIAH - CONTROLLER DELETE Param Kode : TIA100C
[TRACE] 11-07-2019 03:31:56.056 SERVICE-REGISTRASI-MATAKULIAH - Service DELETE
[TRACE] 11-07-2019 03:31:56.056 SERVICE-REGISTRASI-MATAKULIAH - Service DELETE Regis Kode : TIA100C Nim : 11191
[TRACE] 11-07-2019 03:31:56.056 SERVICE-REGISTRASI-MATAKULIAH - Masuk Error Code: SIA-01-404

[TRACE] 11-07-2019 03:32:15.015 CONTROLLER-REGISTRASI-MATAKULIAH - ADD
[TRACE] 11-07-2019 03:32:15.015 SERVICE-REGISTRASI-MATAKULIAH - Service ADD
[TRACE] 11-07-2019 03:32:15.015 SERVICE-REGISTRASI-MATAKULIAH - Service ADD Regis Kode : TIA100A Nim : 11191
[TRACE] 11-07-2019 03:32:15.015 SERVICE-REGISTRASI-MATAKULIAH - Service ADD find Regis: Optional[com.siapti.service.registrasimatakuliah.model.RegistrasiMatakuliah@521905d3]
[TRACE] 11-07-2019 03:32:15.015 SERVICE-REGISTRASI-MATAKULIAH - Service ADD Regis Kode and Nim exist
[TRACE] 11-07-2019 03:32:15.015 SERVICE-REGISTRASI-MATAKULIAH - Masuk Error Code: SIA-01-300

[TRACE] 11-07-2019 03:32:38.038 CONTROLLER-REGISTRASI-MATAKULIAH - ADD
[TRACE] 11-07-2019 03:32:38.038 SERVICE-REGISTRASI-MATAKULIAH - Service ADD
[TRACE] 11-07-2019 03:32:38.038 SERVICE-REGISTRASI-MATAKULIAH - Service ADD Regis Kode : TIA100B Nim : 11191
[TRACE] 11-07-2019 03:32:38.038 SERVICE-REGISTRASI-MATAKULIAH - Service ADD find Regis: Optional.empty
[TRACE] 11-07-2019 03:32:38.038 SERVICE-REGISTRASI-MATAKULIAH - Service ADD Regis Kode and Nim not exist
[TRACE] 11-07-2019 03:32:38.038 SERVICE-REGISTRASI-MATAKULIAH - Success ADD
[TRACE] 11-07-2019 03:32:38.038 SERVICE-REGISTRASI-MATAKULIAH - Masuk Error Code: SIA-01-200

[TRACE] 11-07-2019 03:33:51.051 CONTROLLER-REGISTRASI-MATAKULIAH - CONTROLLER DELETE Param Kode : TIA100B
[TRACE] 11-07-2019 03:33:51.051 SERVICE-REGISTRASI-MATAKULIAH - Service DELETE
[TRACE] 11-07-2019 03:33:51.051 SERVICE-REGISTRASI-MATAKULIAH - Service DELETE Regis Kode : TIA100B Nim : 1119
[TRACE] 11-07-2019 03:33:51.051 SERVICE-REGISTRASI-MATAKULIAH - Masuk Error Code: SIA-01-404

[TRACE] 11-07-2019 03:34:07.007 CONTROLLER-REGISTRASI-MATAKULIAH - CONTROLLER DELETE Param Kode : TIA100B
[TRACE] 11-07-2019 03:34:07.007 SERVICE-REGISTRASI-MATAKULIAH - Service DELETE
[TRACE] 11-07-2019 03:34:07.007 SERVICE-REGISTRASI-MATAKULIAH - Service DELETE Regis Kode : TIA100B Nim : 11191
[TRACE] 11-07-2019 03:34:07.007 SERVICE-REGISTRASI-MATAKULIAH - Service DELETE Nip Exist
[TRACE] 11-07-2019 03:34:08.008 SERVICE-REGISTRASI-MATAKULIAH - Service DELETE Berhasil
[TRACE] 11-07-2019 03:34:08.008 SERVICE-REGISTRASI-MATAKULIAH - Masuk Error Code: SIA-01-200

[TRACE] 11-07-2019 11:11:38.038 CONTROLLER-REGISTRASI-MATAKULIAH - ADD
[TRACE] 11-07-2019 11:11:38.038 SERVICE-REGISTRASI-MATAKULIAH - Service ADD
[TRACE] 11-07-2019 11:11:38.038 SERVICE-REGISTRASI-MATAKULIAH - Masuk Error Code: SIA-51-500

[TRACE] 11-07-2019 11:20:04.004 CONTROLLER-REGISTRASI-MATAKULIAH - ADD
[TRACE] 11-07-2019 11:20:04.004 SERVICE-REGISTRASI-MATAKULIAH - Service ADD
[TRACE] 11-07-2019 11:20:04.004 SERVICE-REGISTRASI-MATAKULIAH - Service ADD Regis Kode : TIA103A Nim : 11191
[TRACE] 11-07-2019 11:20:05.005 SERVICE-REGISTRASI-MATAKULIAH - Service ADD find Regis: Optional.empty
[TRACE] 11-07-2019 11:20:05.005 SERVICE-REGISTRASI-MATAKULIAH - Service ADD Regis Kode and Nim not exist
[TRACE] 11-07-2019 11:20:05.005 SERVICE-REGISTRASI-MATAKULIAH - Success ADD
[TRACE] 11-07-2019 11:20:05.005 SERVICE-REGISTRASI-MATAKULIAH - Masuk Error Code: SIA-01-200

[TRACE] 11-07-2019 11:21:15.015 CONTROLLER-REGISTRASI-MATAKULIAH - ADD
[TRACE] 11-07-2019 11:21:15.015 SERVICE-REGISTRASI-MATAKULIAH - Service ADD
[TRACE] 11-07-2019 11:21:15.015 SERVICE-REGISTRASI-MATAKULIAH - Service ADD Regis Kode : TIA100A Nim : 11191
[TRACE] 11-07-2019 11:21:15.015 SERVICE-REGISTRASI-MATAKULIAH - Service ADD find Regis: Optional.empty
[TRACE] 11-07-2019 11:21:15.015 SERVICE-REGISTRASI-MATAKULIAH - Service ADD Regis Kode and Nim not exist
[TRACE] 11-07-2019 11:21:15.015 SERVICE-REGISTRASI-MATAKULIAH - Success ADD
[TRACE] 11-07-2019 11:21:15.015 SERVICE-REGISTRASI-MATAKULIAH - Masuk Error Code: SIA-01-200

[TRACE] 11-07-2019 11:22:37.037 CONTROLLER-REGISTRASI-MATAKULIAH - ADD
[TRACE] 11-07-2019 11:22:37.037 SERVICE-REGISTRASI-MATAKULIAH - Service ADD
[TRACE] 11-07-2019 11:22:37.037 SERVICE-REGISTRASI-MATAKULIAH - Service ADD Regis Kode : TIA100C Nim : 11191
[TRACE] 11-07-2019 11:22:37.037 SERVICE-REGISTRASI-MATAKULIAH - Service ADD find Regis: Optional.empty
[TRACE] 11-07-2019 11:22:37.037 SERVICE-REGISTRASI-MATAKULIAH - Service ADD Regis Kode and Nim not exist
[TRACE] 11-07-2019 11:22:37.037 SERVICE-REGISTRASI-MATAKULIAH - Success ADD
[TRACE] 11-07-2019 11:22:37.037 SERVICE-REGISTRASI-MATAKULIAH - Masuk Error Code: SIA-01-200

[TRACE] 11-07-2019 11:23:24.024 CONTROLLER-REGISTRASI-MATAKULIAH - ADD
[TRACE] 11-07-2019 11:23:24.024 SERVICE-REGISTRASI-MATAKULIAH - Service ADD
[TRACE] 11-07-2019 11:23:24.024 SERVICE-REGISTRASI-MATAKULIAH - Service ADD Regis Kode : TIA100B Nim : 11191
[TRACE] 11-07-2019 11:23:24.024 SERVICE-REGISTRASI-MATAKULIAH - Service ADD find Regis: Optional.empty
[TRACE] 11-07-2019 11:23:24.024 SERVICE-REGISTRASI-MATAKULIAH - Service ADD Regis Kode and Nim not exist
[TRACE] 11-07-2019 11:23:24.024 SERVICE-REGISTRASI-MATAKULIAH - Success ADD
[TRACE] 11-07-2019 11:23:24.024 SERVICE-REGISTRASI-MATAKULIAH - Masuk Error Code: SIA-01-200

[TRACE] 12-07-2019 09:15:48.048 CONTROLLER-REGISTRASI-MATAKULIAH - ADD
[TRACE] 12-07-2019 09:15:48.048 SERVICE-REGISTRASI-MATAKULIAH - Service ADD
[TRACE] 12-07-2019 09:15:48.048 SERVICE-REGISTRASI-MATAKULIAH - Masuk Error Code: SIA-51-500

[TRACE] 12-07-2019 09:15:58.058 CONTROLLER-REGISTRASI-MATAKULIAH - ADD
[TRACE] 12-07-2019 09:15:58.058 SERVICE-REGISTRASI-MATAKULIAH - Service ADD
[TRACE] 12-07-2019 09:15:58.058 SERVICE-REGISTRASI-MATAKULIAH - Masuk Error Code: SIA-51-500

[TRACE] 12-07-2019 09:20:06.006 CONTROLLER-REGISTRASI-MATAKULIAH - ADD
[TRACE] 12-07-2019 09:20:06.006 SERVICE-REGISTRASI-MATAKULIAH - Service ADD
[TRACE] 12-07-2019 09:20:06.006 SERVICE-REGISTRASI-MATAKULIAH - Masuk Error Code: SIA-51-500

[TRACE] 13-07-2019 07:07:18.018 CONTROLLER-REGISTRASI-MATAKULIAH - ADD
[TRACE] 13-07-2019 07:07:18.018 SERVICE-REGISTRASI-MATAKULIAH - Service ADD
[TRACE] 13-07-2019 07:07:18.018 SERVICE-REGISTRASI-MATAKULIAH - Service ADD Regis Kode : null Nim : 11191
[TRACE] 13-07-2019 07:07:19.019 SERVICE-REGISTRASI-MATAKULIAH - Service ADD find Regis: Optional[com.siapti.service.registrasimatakuliah.model.RegistrasiMatakuliah@2bd42ee]
[TRACE] 13-07-2019 07:07:19.019 SERVICE-REGISTRASI-MATAKULIAH - Service ADD Regis Kode and Nim exist
[TRACE] 13-07-2019 07:07:19.019 SERVICE-REGISTRASI-MATAKULIAH - Masuk Error Code: SIA-01-300

[TRACE] 13-07-2019 07:07:30.030 CONTROLLER-REGISTRASI-MATAKULIAH - ADD
[TRACE] 13-07-2019 07:07:30.030 SERVICE-REGISTRASI-MATAKULIAH - Service ADD
[TRACE] 13-07-2019 07:07:30.030 SERVICE-REGISTRASI-MATAKULIAH - Service ADD Regis Kode : null Nim : 11191
[TRACE] 13-07-2019 07:07:30.030 SERVICE-REGISTRASI-MATAKULIAH - Service ADD find Regis: Optional.empty
[TRACE] 13-07-2019 07:07:30.030 SERVICE-REGISTRASI-MATAKULIAH - Service ADD Regis Kode and Nim not exist
[TRACE] 13-07-2019 07:07:30.030 SERVICE-REGISTRASI-MATAKULIAH - Masuk Error Code: SIA-51-500

[TRACE] 13-07-2019 07:08:06.006 CONTROLLER-REGISTRASI-MATAKULIAH - ADD
[TRACE] 13-07-2019 07:08:06.006 SERVICE-REGISTRASI-MATAKULIAH - Service ADD
[TRACE] 13-07-2019 07:08:06.006 SERVICE-REGISTRASI-MATAKULIAH - Service ADD Regis Kode : null Nim : 11191
[TRACE] 13-07-2019 07:08:06.006 SERVICE-REGISTRASI-MATAKULIAH - Service ADD find Regis: Optional[com.siapti.service.registrasimatakuliah.model.RegistrasiMatakuliah@1df52f67]
[TRACE] 13-07-2019 07:08:06.006 SERVICE-REGISTRASI-MATAKULIAH - Service ADD Regis Kode and Nim exist
[TRACE] 13-07-2019 07:08:06.006 SERVICE-REGISTRASI-MATAKULIAH - Masuk Error Code: SIA-01-300

[TRACE] 13-07-2019 07:10:50.050 CONTROLLER-REGISTRASI-MATAKULIAH - ADD
[TRACE] 13-07-2019 07:10:50.050 SERVICE-REGISTRASI-MATAKULIAH - Service ADD
[TRACE] 13-07-2019 07:10:50.050 SERVICE-REGISTRASI-MATAKULIAH - Service ADD Regis Kode Kelas : TIA100B Kode Matkul : null Nim : 11191
[TRACE] 13-07-2019 07:10:50.050 SERVICE-REGISTRASI-MATAKULIAH - Service ADD find Regis: Optional[com.siapti.service.registrasimatakuliah.model.RegistrasiMatakuliah@38682e50]
[TRACE] 13-07-2019 07:10:50.050 SERVICE-REGISTRASI-MATAKULIAH - Service ADD Regis Kode and Nim exist
[TRACE] 13-07-2019 07:10:50.050 SERVICE-REGISTRASI-MATAKULIAH - Masuk Error Code: SIA-01-300

[TRACE] 13-07-2019 07:11:16.016 CONTROLLER-REGISTRASI-MATAKULIAH - ADD
[TRACE] 13-07-2019 07:11:16.016 SERVICE-REGISTRASI-MATAKULIAH - Service ADD
[TRACE] 13-07-2019 07:11:16.016 SERVICE-REGISTRASI-MATAKULIAH - Service ADD Regis Kode Kelas : TIA100C Kode Matkul : null Nim : 11191
[TRACE] 13-07-2019 07:11:16.016 SERVICE-REGISTRASI-MATAKULIAH - Service ADD find Regis: Optional.empty
[TRACE] 13-07-2019 07:11:16.016 SERVICE-REGISTRASI-MATAKULIAH - Service ADD Regis Kode and Nim not exist
[TRACE] 13-07-2019 07:11:16.016 SERVICE-REGISTRASI-MATAKULIAH - Success ADD
[TRACE] 13-07-2019 07:11:16.016 SERVICE-REGISTRASI-MATAKULIAH - Masuk Error Code: SIA-01-200

[TRACE] 13-07-2019 07:12:09.009 CONTROLLER-REGISTRASI-MATAKULIAH - ADD
[TRACE] 13-07-2019 07:12:09.009 SERVICE-REGISTRASI-MATAKULIAH - Service ADD
[TRACE] 13-07-2019 07:12:09.009 SERVICE-REGISTRASI-MATAKULIAH - Service ADD Regis Kode Kelas : TIA100C Kode Matkul : TIA100 Nim : 11191
[TRACE] 13-07-2019 07:12:09.009 SERVICE-REGISTRASI-MATAKULIAH - Masuk Error Code: SIA-51-500

[TRACE] 13-07-2019 07:14:40.040 CONTROLLER-REGISTRASI-MATAKULIAH - ADD
[TRACE] 13-07-2019 07:14:40.040 SERVICE-REGISTRASI-MATAKULIAH - Service ADD
[TRACE] 13-07-2019 07:14:40.040 SERVICE-REGISTRASI-MATAKULIAH - Masuk Error Code: SIA-51-500

[TRACE] 13-07-2019 07:15:52.052 CONTROLLER-REGISTRASI-MATAKULIAH - ADD
[TRACE] 13-07-2019 07:15:52.052 SERVICE-REGISTRASI-MATAKULIAH - Service ADD
[TRACE] 13-07-2019 07:15:52.052 SERVICE-REGISTRASI-MATAKULIAH - Service ADD Regis Kode Kelas : TIA100C Kode Matkul : TIA100 Nim : 11191
[TRACE] 13-07-2019 07:15:52.052 SERVICE-REGISTRASI-MATAKULIAH - Masuk Error Code: SIA-51-500

[TRACE] 13-07-2019 07:17:33.033 CONTROLLER-REGISTRASI-MATAKULIAH - ADD
[TRACE] 13-07-2019 07:17:33.033 SERVICE-REGISTRASI-MATAKULIAH - Service ADD
[TRACE] 13-07-2019 07:17:33.033 SERVICE-REGISTRASI-MATAKULIAH - Service ADD Regis Kode Kelas : TIA100C Kode Matkul : TIA100 Nim : 11191
[TRACE] 13-07-2019 07:17:34.034 SERVICE-REGISTRASI-MATAKULIAH - Service ADD find Regis: Optional.empty
[TRACE] 13-07-2019 07:17:34.034 SERVICE-REGISTRASI-MATAKULIAH - Masuk Error Code: SIA-51-500

[TRACE] 13-07-2019 07:18:08.008 CONTROLLER-REGISTRASI-MATAKULIAH - ADD
[TRACE] 13-07-2019 07:18:08.008 SERVICE-REGISTRASI-MATAKULIAH - Service ADD
[TRACE] 13-07-2019 07:18:08.008 SERVICE-REGISTRASI-MATAKULIAH - Service ADD Regis Kode Kelas : TIA100C Kode Matkul : TIA100 Nim : 11191
[TRACE] 13-07-2019 07:18:08.008 SERVICE-REGISTRASI-MATAKULIAH - Service ADD find Regis: Optional.empty
[TRACE] 13-07-2019 07:18:08.008 SERVICE-REGISTRASI-MATAKULIAH - Masuk Error Code: SIA-51-500

[TRACE] 13-07-2019 07:21:57.057 CONTROLLER-REGISTRASI-MATAKULIAH - ADD
[TRACE] 13-07-2019 07:21:57.057 SERVICE-REGISTRASI-MATAKULIAH - Service ADD
[TRACE] 13-07-2019 07:21:57.057 SERVICE-REGISTRASI-MATAKULIAH - Service ADD Regis Kode Kelas : TIA100C Kode Matkul : TIA100 Nim : 11191
[TRACE] 13-07-2019 07:21:58.058 SERVICE-REGISTRASI-MATAKULIAH - Service ADD find Regis: Optional.empty
[TRACE] 13-07-2019 07:21:58.058 SERVICE-REGISTRASI-MATAKULIAH - Masuk Error Code: SIA-51-500

[TRACE] 13-07-2019 07:22:18.018 CONTROLLER-REGISTRASI-MATAKULIAH - ADD
[TRACE] 13-07-2019 07:22:18.018 SERVICE-REGISTRASI-MATAKULIAH - Service ADD
[TRACE] 13-07-2019 07:22:18.018 SERVICE-REGISTRASI-MATAKULIAH - Service ADD Regis Kode Kelas : TIA100D Kode Matkul : TIA100 Nim : 11191
[TRACE] 13-07-2019 07:22:18.018 SERVICE-REGISTRASI-MATAKULIAH - Service ADD find Regis: Optional.empty
[TRACE] 13-07-2019 07:22:18.018 SERVICE-REGISTRASI-MATAKULIAH - Masuk Error Code: SIA-51-500

[TRACE] 13-07-2019 07:43:44.044 CONTROLLER-REGISTRASI-MATAKULIAH - ADD
[TRACE] 13-07-2019 07:43:44.044 SERVICE-REGISTRASI-MATAKULIAH - Service ADD
[TRACE] 13-07-2019 07:43:44.044 SERVICE-REGISTRASI-MATAKULIAH - Service ADD Regis Kode Kelas : TIA100D Kode Matkul : TIA100 Nim : 11191
[TRACE] 13-07-2019 07:43:44.044 SERVICE-REGISTRASI-MATAKULIAH - Service ADD find Regis: Optional.empty
[TRACE] 13-07-2019 07:43:44.044 SERVICE-REGISTRASI-MATAKULIAH - Masuk Error Code: SIA-51-500

[TRACE] 13-07-2019 07:46:05.005 CONTROLLER-REGISTRASI-MATAKULIAH - ADD
[TRACE] 13-07-2019 07:46:05.005 SERVICE-REGISTRASI-MATAKULIAH - Service ADD
[TRACE] 13-07-2019 07:46:05.005 SERVICE-REGISTRASI-MATAKULIAH - Service ADD Regis Kode Kelas : TIA100D Kode Matkul : TIA100 Nim : 11191
[TRACE] 13-07-2019 07:46:06.006 SERVICE-REGISTRASI-MATAKULIAH - Service ADD find Regis: Optional.empty
[TRACE] 13-07-2019 07:46:06.006 SERVICE-REGISTRASI-MATAKULIAH - Service ADD find Regis 2: TIA100
[TRACE] 13-07-2019 07:46:06.006 SERVICE-REGISTRASI-MATAKULIAH - Service ADD Kode Matakuliah and Nim exist
[TRACE] 13-07-2019 07:46:06.006 SERVICE-REGISTRASI-MATAKULIAH - Masuk Error Code: SIA-06-300

[TRACE] 13-07-2019 07:46:21.021 CONTROLLER-REGISTRASI-MATAKULIAH - ADD
[TRACE] 13-07-2019 07:46:21.021 SERVICE-REGISTRASI-MATAKULIAH - Service ADD
[TRACE] 13-07-2019 07:46:21.021 SERVICE-REGISTRASI-MATAKULIAH - Service ADD Regis Kode Kelas : TIA100A Kode Matkul : TIA100 Nim : 11191
[TRACE] 13-07-2019 07:46:21.021 SERVICE-REGISTRASI-MATAKULIAH - Service ADD find Regis: Optional[com.siapti.service.registrasimatakuliah.model.RegistrasiMatakuliah@441e7346]
[TRACE] 13-07-2019 07:46:21.021 SERVICE-REGISTRASI-MATAKULIAH - Service ADD find Regis 2: TIA100
[TRACE] 13-07-2019 07:46:21.021 SERVICE-REGISTRASI-MATAKULIAH - Service ADD Regis Kode and Nim exist
[TRACE] 13-07-2019 07:46:21.021 SERVICE-REGISTRASI-MATAKULIAH - Masuk Error Code: SIA-01-300

[TRACE] 13-07-2019 07:47:08.008 CONTROLLER-REGISTRASI-MATAKULIAH - ADD
[TRACE] 13-07-2019 07:47:08.008 SERVICE-REGISTRASI-MATAKULIAH - Service ADD
[TRACE] 13-07-2019 07:47:08.008 SERVICE-REGISTRASI-MATAKULIAH - Service ADD Regis Kode Kelas : TIA100D Kode Matkul : TIA100 Nim : 11191
[TRACE] 13-07-2019 07:47:08.008 SERVICE-REGISTRASI-MATAKULIAH - Service ADD find Regis: Optional.empty
[TRACE] 13-07-2019 07:47:08.008 SERVICE-REGISTRASI-MATAKULIAH - Service ADD find Regis 2: TIA100
[TRACE] 13-07-2019 07:47:08.008 SERVICE-REGISTRASI-MATAKULIAH - Service ADD Kode Matakuliah and Nim exist
[TRACE] 13-07-2019 07:47:08.008 SERVICE-REGISTRASI-MATAKULIAH - Masuk Error Code: SIA-06-300

[TRACE] 13-07-2019 08:03:59.059 CONTROLLER-REGISTRASI-MATAKULIAH - ADD
[TRACE] 13-07-2019 08:03:59.059 SERVICE-REGISTRASI-MATAKULIAH - Service ADD
[TRACE] 13-07-2019 08:03:59.059 SERVICE-REGISTRASI-MATAKULIAH - Service ADD Regis Kode Kelas : regisTIA100A Kode Matkul : TIA100 Nim : 11191
[TRACE] 13-07-2019 08:03:59.059 SERVICE-REGISTRASI-MATAKULIAH - Service ADD find Regis: Optional.empty
[TRACE] 13-07-2019 08:03:59.059 SERVICE-REGISTRASI-MATAKULIAH - Service ADD find Regis 2: TIA100
[TRACE] 13-07-2019 08:03:59.059 SERVICE-REGISTRASI-MATAKULIAH - Service ADD Kode Matakuliah and Nim exist
[TRACE] 13-07-2019 08:03:59.059 SERVICE-REGISTRASI-MATAKULIAH - Masuk Error Code: SIA-06-300

[TRACE] 13-07-2019 08:04:08.008 CONTROLLER-REGISTRASI-MATAKULIAH - ADD
[TRACE] 13-07-2019 08:04:08.008 SERVICE-REGISTRASI-MATAKULIAH - Service ADD
[TRACE] 13-07-2019 08:04:08.008 SERVICE-REGISTRASI-MATAKULIAH - Service ADD Regis Kode Kelas : regisTIA100A Kode Matkul : TIA100 Nim : 11191
[TRACE] 13-07-2019 08:04:08.008 SERVICE-REGISTRASI-MATAKULIAH - Service ADD find Regis: Optional.empty
[TRACE] 13-07-2019 08:04:08.008 SERVICE-REGISTRASI-MATAKULIAH - Service ADD find Regis 2: TIA100
[TRACE] 13-07-2019 08:04:08.008 SERVICE-REGISTRASI-MATAKULIAH - Service ADD Kode Matakuliah and Nim exist
[TRACE] 13-07-2019 08:04:08.008 SERVICE-REGISTRASI-MATAKULIAH - Masuk Error Code: SIA-06-300

[TRACE] 13-07-2019 08:04:12.012 CONTROLLER-REGISTRASI-MATAKULIAH - ADD
[TRACE] 13-07-2019 08:04:12.012 SERVICE-REGISTRASI-MATAKULIAH - Service ADD
[TRACE] 13-07-2019 08:04:12.012 SERVICE-REGISTRASI-MATAKULIAH - Service ADD Regis Kode Kelas : regisTIA100B Kode Matkul : TIA100 Nim : 11191
[TRACE] 13-07-2019 08:04:12.012 SERVICE-REGISTRASI-MATAKULIAH - Service ADD find Regis: Optional.empty
[TRACE] 13-07-2019 08:04:12.012 SERVICE-REGISTRASI-MATAKULIAH - Service ADD find Regis 2: TIA100
[TRACE] 13-07-2019 08:04:12.012 SERVICE-REGISTRASI-MATAKULIAH - Service ADD Kode Matakuliah and Nim exist
[TRACE] 13-07-2019 08:04:12.012 SERVICE-REGISTRASI-MATAKULIAH - Masuk Error Code: SIA-06-300

[TRACE] 13-07-2019 08:04:29.029 CONTROLLER-REGISTRASI-MATAKULIAH - ADD
[TRACE] 13-07-2019 08:04:29.029 SERVICE-REGISTRASI-MATAKULIAH - Service ADD
[TRACE] 13-07-2019 08:04:29.029 SERVICE-REGISTRASI-MATAKULIAH - Service ADD Regis Kode Kelas : TIA100A Kode Matkul : TIA100 Nim : 11191
[TRACE] 13-07-2019 08:04:29.029 SERVICE-REGISTRASI-MATAKULIAH - Service ADD find Regis: Optional[com.siapti.service.registrasimatakuliah.model.RegistrasiMatakuliah@6987b48f]
[TRACE] 13-07-2019 08:04:29.029 SERVICE-REGISTRASI-MATAKULIAH - Service ADD find Regis 2: TIA100
[TRACE] 13-07-2019 08:04:29.029 SERVICE-REGISTRASI-MATAKULIAH - Service ADD Regis Kode and Nim exist
[TRACE] 13-07-2019 08:04:29.029 SERVICE-REGISTRASI-MATAKULIAH - Masuk Error Code: SIA-01-300

[TRACE] 13-07-2019 08:07:56.056 CONTROLLER-REGISTRASI-MATAKULIAH - ADD
[TRACE] 13-07-2019 08:07:56.056 SERVICE-REGISTRASI-MATAKULIAH - Service ADD
[TRACE] 13-07-2019 08:07:56.056 SERVICE-REGISTRASI-MATAKULIAH - Service ADD Regis Kode Kelas : TIA100A Kode Matkul : TIA100 Nim : 11191
[TRACE] 13-07-2019 08:07:56.056 SERVICE-REGISTRASI-MATAKULIAH - Service ADD find Regis: Optional[com.siapti.service.registrasimatakuliah.model.RegistrasiMatakuliah@344d8e17]
[TRACE] 13-07-2019 08:07:56.056 SERVICE-REGISTRASI-MATAKULIAH - Service ADD find Regis 2: TIA100
[TRACE] 13-07-2019 08:07:56.056 SERVICE-REGISTRASI-MATAKULIAH - Service ADD Regis Kode and Nim exist
[TRACE] 13-07-2019 08:07:56.056 SERVICE-REGISTRASI-MATAKULIAH - Masuk Error Code: SIA-01-300

[TRACE] 13-07-2019 08:08:02.002 CONTROLLER-REGISTRASI-MATAKULIAH - ADD
[TRACE] 13-07-2019 08:08:02.002 SERVICE-REGISTRASI-MATAKULIAH - Service ADD
[TRACE] 13-07-2019 08:08:02.002 SERVICE-REGISTRASI-MATAKULIAH - Service ADD Regis Kode Kelas : TIA100B Kode Matkul : TIA100 Nim : 11191
[TRACE] 13-07-2019 08:08:02.002 SERVICE-REGISTRASI-MATAKULIAH - Service ADD find Regis: Optional.empty
[TRACE] 13-07-2019 08:08:02.002 SERVICE-REGISTRASI-MATAKULIAH - Service ADD find Regis 2: TIA100
[TRACE] 13-07-2019 08:08:02.002 SERVICE-REGISTRASI-MATAKULIAH - Service ADD Kode Matakuliah and Nim exist
[TRACE] 13-07-2019 08:08:02.002 SERVICE-REGISTRASI-MATAKULIAH - Masuk Error Code: SIA-06-300

[TRACE] 13-07-2019 08:12:59.059 CONTROLLER-REGISTRASI-MATAKULIAH - ADD
[TRACE] 13-07-2019 08:12:59.059 SERVICE-REGISTRASI-MATAKULIAH - Service ADD
[TRACE] 13-07-2019 08:12:59.059 SERVICE-REGISTRASI-MATAKULIAH - Service ADD Regis Kode Kelas : TIA100A Kode Matkul : TIA100 Nim : 11191
[TRACE] 13-07-2019 08:12:59.059 SERVICE-REGISTRASI-MATAKULIAH - Service ADD find Regis: Optional[com.siapti.service.registrasimatakuliah.model.RegistrasiMatakuliah@72164158]
[TRACE] 13-07-2019 08:12:59.059 SERVICE-REGISTRASI-MATAKULIAH - Service ADD find Regis 2: TIA100
[TRACE] 13-07-2019 08:12:59.059 SERVICE-REGISTRASI-MATAKULIAH - Service ADD Regis Kode and Nim exist
[TRACE] 13-07-2019 08:12:59.059 SERVICE-REGISTRASI-MATAKULIAH - Masuk Error Code: SIA-01-300

[TRACE] 13-07-2019 08:16:35.035 CONTROLLER-REGISTRASI-MATAKULIAH - ADD
[TRACE] 13-07-2019 08:16:35.035 SERVICE-REGISTRASI-MATAKULIAH - Service ADD
[TRACE] 13-07-2019 08:16:35.035 SERVICE-REGISTRASI-MATAKULIAH - Service ADD Regis Kode Kelas : TIA100A Kode Matkul : TIA100 Nim : 11191
[TRACE] 13-07-2019 08:16:35.035 SERVICE-REGISTRASI-MATAKULIAH - Service ADD find Regis: Optional[com.siapti.service.registrasimatakuliah.model.RegistrasiMatakuliah@76feac8d]
[TRACE] 13-07-2019 08:16:35.035 SERVICE-REGISTRASI-MATAKULIAH - Service ADD find Regis 2: TIA100
[TRACE] 13-07-2019 08:16:35.035 SERVICE-REGISTRASI-MATAKULIAH - Service ADD Regis Kode and Nim exist
[TRACE] 13-07-2019 08:16:35.035 SERVICE-REGISTRASI-MATAKULIAH - Masuk Error Code: SIA-01-300

[TRACE] 13-07-2019 08:16:39.039 CONTROLLER-REGISTRASI-MATAKULIAH - ADD
[TRACE] 13-07-2019 08:16:39.039 SERVICE-REGISTRASI-MATAKULIAH - Service ADD
[TRACE] 13-07-2019 08:16:39.039 SERVICE-REGISTRASI-MATAKULIAH - Service ADD Regis Kode Kelas : TIA100C Kode Matkul : TIA100 Nim : 11191
[TRACE] 13-07-2019 08:16:39.039 SERVICE-REGISTRASI-MATAKULIAH - Service ADD find Regis: Optional.empty
[TRACE] 13-07-2019 08:16:39.039 SERVICE-REGISTRASI-MATAKULIAH - Service ADD find Regis 2: TIA100
[TRACE] 13-07-2019 08:16:39.039 SERVICE-REGISTRASI-MATAKULIAH - Service ADD Kode Matakuliah and Nim exist
[TRACE] 13-07-2019 08:16:39.039 SERVICE-REGISTRASI-MATAKULIAH - Masuk Error Code: SIA-06-300

[TRACE] 13-07-2019 08:16:53.053 CONTROLLER-REGISTRASI-MATAKULIAH - ADD
[TRACE] 13-07-2019 08:16:53.053 SERVICE-REGISTRASI-MATAKULIAH - Service ADD
[TRACE] 13-07-2019 08:16:53.053 SERVICE-REGISTRASI-MATAKULIAH - Service ADD Regis Kode Kelas : TIA100A Kode Matkul : TIA100 Nim : 11191
[TRACE] 13-07-2019 08:16:53.053 SERVICE-REGISTRASI-MATAKULIAH - Service ADD find Regis: Optional[com.siapti.service.registrasimatakuliah.model.RegistrasiMatakuliah@39014b54]
[TRACE] 13-07-2019 08:16:53.053 SERVICE-REGISTRASI-MATAKULIAH - Service ADD find Regis 2: TIA100
[TRACE] 13-07-2019 08:16:53.053 SERVICE-REGISTRASI-MATAKULIAH - Service ADD Regis Kode and Nim exist
[TRACE] 13-07-2019 08:16:53.053 SERVICE-REGISTRASI-MATAKULIAH - Masuk Error Code: SIA-01-300

[TRACE] 13-07-2019 08:17:19.019 CONTROLLER-REGISTRASI-MATAKULIAH - ADD
[TRACE] 13-07-2019 08:17:19.019 SERVICE-REGISTRASI-MATAKULIAH - Service ADD
[TRACE] 13-07-2019 08:17:19.019 SERVICE-REGISTRASI-MATAKULIAH - Service ADD Regis Kode Kelas : TIA100C Kode Matkul : TIA100 Nim : 11191
[TRACE] 13-07-2019 08:17:19.019 SERVICE-REGISTRASI-MATAKULIAH - Service ADD find Regis: Optional.empty
[TRACE] 13-07-2019 08:17:19.019 SERVICE-REGISTRASI-MATAKULIAH - Service ADD find Regis 2: TIA100
[TRACE] 13-07-2019 08:17:19.019 SERVICE-REGISTRASI-MATAKULIAH - Service ADD Kode Matakuliah and Nim exist
[TRACE] 13-07-2019 08:17:19.019 SERVICE-REGISTRASI-MATAKULIAH - Masuk Error Code: SIA-06-300

[TRACE] 13-07-2019 08:17:25.025 CONTROLLER-REGISTRASI-MATAKULIAH - ADD
[TRACE] 13-07-2019 08:17:25.025 SERVICE-REGISTRASI-MATAKULIAH - Service ADD
[TRACE] 13-07-2019 08:17:25.025 SERVICE-REGISTRASI-MATAKULIAH - Service ADD Regis Kode Kelas : TIA100C Kode Matkul : TIA100 Nim : 11191
[TRACE] 13-07-2019 08:17:25.025 SERVICE-REGISTRASI-MATAKULIAH - Service ADD find Regis: Optional.empty
[TRACE] 13-07-2019 08:17:25.025 SERVICE-REGISTRASI-MATAKULIAH - Service ADD find Regis 2: TIA100
[TRACE] 13-07-2019 08:17:25.025 SERVICE-REGISTRASI-MATAKULIAH - Service ADD Kode Matakuliah and Nim exist
[TRACE] 13-07-2019 08:17:25.025 SERVICE-REGISTRASI-MATAKULIAH - Masuk Error Code: SIA-06-300

[TRACE] 13-07-2019 08:17:32.032 CONTROLLER-REGISTRASI-MATAKULIAH - ADD
[TRACE] 13-07-2019 08:17:32.032 SERVICE-REGISTRASI-MATAKULIAH - Service ADD
[TRACE] 13-07-2019 08:17:32.032 SERVICE-REGISTRASI-MATAKULIAH - Service ADD Regis Kode Kelas : TIA100A Kode Matkul : TIA100 Nim : 11191
[TRACE] 13-07-2019 08:17:32.032 SERVICE-REGISTRASI-MATAKULIAH - Service ADD find Regis: Optional[com.siapti.service.registrasimatakuliah.model.RegistrasiMatakuliah@65d54325]
[TRACE] 13-07-2019 08:17:32.032 SERVICE-REGISTRASI-MATAKULIAH - Service ADD find Regis 2: TIA100
[TRACE] 13-07-2019 08:17:32.032 SERVICE-REGISTRASI-MATAKULIAH - Service ADD Regis Kode and Nim exist
[TRACE] 13-07-2019 08:17:32.032 SERVICE-REGISTRASI-MATAKULIAH - Masuk Error Code: SIA-01-300

[TRACE] 13-07-2019 08:17:41.041 CONTROLLER-REGISTRASI-MATAKULIAH - ADD
[TRACE] 13-07-2019 08:17:41.041 SERVICE-REGISTRASI-MATAKULIAH - Service ADD
[TRACE] 13-07-2019 08:17:41.041 SERVICE-REGISTRASI-MATAKULIAH - Service ADD Regis Kode Kelas : TIA100D Kode Matkul : TIA100 Nim : 11191
[TRACE] 13-07-2019 08:17:41.041 SERVICE-REGISTRASI-MATAKULIAH - Service ADD find Regis: Optional.empty
[TRACE] 13-07-2019 08:17:41.041 SERVICE-REGISTRASI-MATAKULIAH - Service ADD find Regis 2: TIA100
[TRACE] 13-07-2019 08:17:41.041 SERVICE-REGISTRASI-MATAKULIAH - Service ADD Kode Matakuliah and Nim exist
[TRACE] 13-07-2019 08:17:41.041 SERVICE-REGISTRASI-MATAKULIAH - Masuk Error Code: SIA-06-300

[TRACE] 13-07-2019 08:17:50.050 CONTROLLER-REGISTRASI-MATAKULIAH - ADD
[TRACE] 13-07-2019 08:17:50.050 SERVICE-REGISTRASI-MATAKULIAH - Service ADD
[TRACE] 13-07-2019 08:17:50.050 SERVICE-REGISTRASI-MATAKULIAH - Service ADD Regis Kode Kelas : TIA103A Kode Matkul : TIA103 Nim : 11191
[TRACE] 13-07-2019 08:17:50.050 SERVICE-REGISTRASI-MATAKULIAH - Service ADD find Regis: Optional[com.siapti.service.registrasimatakuliah.model.RegistrasiMatakuliah@42887a9a]
[TRACE] 13-07-2019 08:17:50.050 SERVICE-REGISTRASI-MATAKULIAH - Service ADD find Regis 2: TIA103
[TRACE] 13-07-2019 08:17:50.050 SERVICE-REGISTRASI-MATAKULIAH - Service ADD Regis Kode and Nim exist
[TRACE] 13-07-2019 08:17:50.050 SERVICE-REGISTRASI-MATAKULIAH - Masuk Error Code: SIA-01-300

[TRACE] 13-07-2019 08:18:08.008 CONTROLLER-REGISTRASI-MATAKULIAH - ADD
[TRACE] 13-07-2019 08:18:08.008 SERVICE-REGISTRASI-MATAKULIAH - Service ADD
[TRACE] 13-07-2019 08:18:08.008 SERVICE-REGISTRASI-MATAKULIAH - Service ADD Regis Kode Kelas : TIA100B Kode Matkul : TIA100 Nim : 11191
[TRACE] 13-07-2019 08:18:08.008 SERVICE-REGISTRASI-MATAKULIAH - Service ADD find Regis: Optional.empty
[TRACE] 13-07-2019 08:18:08.008 SERVICE-REGISTRASI-MATAKULIAH - Service ADD find Regis 2: TIA100
[TRACE] 13-07-2019 08:18:08.008 SERVICE-REGISTRASI-MATAKULIAH - Service ADD Kode Matakuliah and Nim exist
[TRACE] 13-07-2019 08:18:08.008 SERVICE-REGISTRASI-MATAKULIAH - Masuk Error Code: SIA-06-300

[TRACE] 13-07-2019 08:18:52.052 CONTROLLER-REGISTRASI-MATAKULIAH - ADD
[TRACE] 13-07-2019 08:18:52.052 SERVICE-REGISTRASI-MATAKULIAH - Service ADD
[TRACE] 13-07-2019 08:18:52.052 SERVICE-REGISTRASI-MATAKULIAH - Service ADD Regis Kode Kelas : TIA100A Kode Matkul : TIA100 Nim : 11191
[TRACE] 13-07-2019 08:18:52.052 SERVICE-REGISTRASI-MATAKULIAH - Service ADD find Regis: Optional[com.siapti.service.registrasimatakuliah.model.RegistrasiMatakuliah@5e4bcc9f]
[TRACE] 13-07-2019 08:18:52.052 SERVICE-REGISTRASI-MATAKULIAH - Service ADD find Regis 2: TIA100
[TRACE] 13-07-2019 08:18:52.052 SERVICE-REGISTRASI-MATAKULIAH - Service ADD Regis Kode and Nim exist
[TRACE] 13-07-2019 08:18:52.052 SERVICE-REGISTRASI-MATAKULIAH - Masuk Error Code: SIA-01-300

[TRACE] 13-07-2019 08:18:55.055 CONTROLLER-REGISTRASI-MATAKULIAH - ADD
[TRACE] 13-07-2019 08:18:55.055 SERVICE-REGISTRASI-MATAKULIAH - Service ADD
[TRACE] 13-07-2019 08:18:55.055 SERVICE-REGISTRASI-MATAKULIAH - Service ADD Regis Kode Kelas : TIA100A Kode Matkul : TIA100 Nim : 11191
[TRACE] 13-07-2019 08:18:55.055 SERVICE-REGISTRASI-MATAKULIAH - Service ADD find Regis: Optional[com.siapti.service.registrasimatakuliah.model.RegistrasiMatakuliah@48f818f]
[TRACE] 13-07-2019 08:18:55.055 SERVICE-REGISTRASI-MATAKULIAH - Service ADD find Regis 2: TIA100
[TRACE] 13-07-2019 08:18:55.055 SERVICE-REGISTRASI-MATAKULIAH - Service ADD Regis Kode and Nim exist
[TRACE] 13-07-2019 08:18:55.055 SERVICE-REGISTRASI-MATAKULIAH - Masuk Error Code: SIA-01-300

[TRACE] 13-07-2019 08:18:58.058 CONTROLLER-REGISTRASI-MATAKULIAH - ADD
[TRACE] 13-07-2019 08:18:58.058 SERVICE-REGISTRASI-MATAKULIAH - Service ADD
[TRACE] 13-07-2019 08:18:58.058 SERVICE-REGISTRASI-MATAKULIAH - Service ADD Regis Kode Kelas : TIA100A Kode Matkul : TIA100 Nim : 11191
[TRACE] 13-07-2019 08:18:58.058 SERVICE-REGISTRASI-MATAKULIAH - Service ADD find Regis: Optional[com.siapti.service.registrasimatakuliah.model.RegistrasiMatakuliah@453b3b3b]
[TRACE] 13-07-2019 08:18:58.058 SERVICE-REGISTRASI-MATAKULIAH - Service ADD find Regis 2: TIA100
[TRACE] 13-07-2019 08:18:58.058 SERVICE-REGISTRASI-MATAKULIAH - Service ADD Regis Kode and Nim exist
[TRACE] 13-07-2019 08:18:58.058 SERVICE-REGISTRASI-MATAKULIAH - Masuk Error Code: SIA-01-300

[TRACE] 13-07-2019 08:19:01.001 CONTROLLER-REGISTRASI-MATAKULIAH - ADD
[TRACE] 13-07-2019 08:19:01.001 SERVICE-REGISTRASI-MATAKULIAH - Service ADD
[TRACE] 13-07-2019 08:19:01.001 SERVICE-REGISTRASI-MATAKULIAH - Service ADD Regis Kode Kelas : TIA100A Kode Matkul : TIA100 Nim : 11191
[TRACE] 13-07-2019 08:19:01.001 SERVICE-REGISTRASI-MATAKULIAH - Service ADD find Regis: Optional[com.siapti.service.registrasimatakuliah.model.RegistrasiMatakuliah@5caa341f]
[TRACE] 13-07-2019 08:19:01.001 SERVICE-REGISTRASI-MATAKULIAH - Service ADD find Regis 2: TIA100
[TRACE] 13-07-2019 08:19:01.001 SERVICE-REGISTRASI-MATAKULIAH - Service ADD Regis Kode and Nim exist
[TRACE] 13-07-2019 08:19:01.001 SERVICE-REGISTRASI-MATAKULIAH - Masuk Error Code: SIA-01-300

[TRACE] 13-07-2019 08:19:04.004 CONTROLLER-REGISTRASI-MATAKULIAH - ADD
[TRACE] 13-07-2019 08:19:04.004 SERVICE-REGISTRASI-MATAKULIAH - Service ADD
[TRACE] 13-07-2019 08:19:04.004 SERVICE-REGISTRASI-MATAKULIAH - Service ADD Regis Kode Kelas : TIA100B Kode Matkul : TIA100 Nim : 11191
[TRACE] 13-07-2019 08:19:04.004 SERVICE-REGISTRASI-MATAKULIAH - Service ADD find Regis: Optional.empty
[TRACE] 13-07-2019 08:19:04.004 SERVICE-REGISTRASI-MATAKULIAH - Service ADD find Regis 2: TIA100
[TRACE] 13-07-2019 08:19:04.004 SERVICE-REGISTRASI-MATAKULIAH - Service ADD Kode Matakuliah and Nim exist
[TRACE] 13-07-2019 08:19:04.004 SERVICE-REGISTRASI-MATAKULIAH - Masuk Error Code: SIA-06-300

[TRACE] 13-07-2019 08:19:07.007 CONTROLLER-REGISTRASI-MATAKULIAH - ADD
[TRACE] 13-07-2019 08:19:07.007 SERVICE-REGISTRASI-MATAKULIAH - Service ADD
[TRACE] 13-07-2019 08:19:07.007 SERVICE-REGISTRASI-MATAKULIAH - Service ADD Regis Kode Kelas : TIA100C Kode Matkul : TIA100 Nim : 11191
[TRACE] 13-07-2019 08:19:07.007 SERVICE-REGISTRASI-MATAKULIAH - Service ADD find Regis: Optional.empty
[TRACE] 13-07-2019 08:19:07.007 SERVICE-REGISTRASI-MATAKULIAH - Service ADD find Regis 2: TIA100
[TRACE] 13-07-2019 08:19:07.007 SERVICE-REGISTRASI-MATAKULIAH - Service ADD Kode Matakuliah and Nim exist
[TRACE] 13-07-2019 08:19:07.007 SERVICE-REGISTRASI-MATAKULIAH - Masuk Error Code: SIA-06-300

[TRACE] 13-07-2019 08:19:09.009 CONTROLLER-REGISTRASI-MATAKULIAH - ADD
[TRACE] 13-07-2019 08:19:09.009 SERVICE-REGISTRASI-MATAKULIAH - Service ADD
[TRACE] 13-07-2019 08:19:09.009 SERVICE-REGISTRASI-MATAKULIAH - Service ADD Regis Kode Kelas : TIA100C Kode Matkul : TIA100 Nim : 11191
[TRACE] 13-07-2019 08:19:09.009 SERVICE-REGISTRASI-MATAKULIAH - Service ADD find Regis: Optional.empty
[TRACE] 13-07-2019 08:19:09.009 SERVICE-REGISTRASI-MATAKULIAH - Service ADD find Regis 2: TIA100
[TRACE] 13-07-2019 08:19:09.009 SERVICE-REGISTRASI-MATAKULIAH - Service ADD Kode Matakuliah and Nim exist
[TRACE] 13-07-2019 08:19:09.009 SERVICE-REGISTRASI-MATAKULIAH - Masuk Error Code: SIA-06-300

[TRACE] 13-07-2019 08:19:15.015 CONTROLLER-REGISTRASI-MATAKULIAH - ADD
[TRACE] 13-07-2019 08:19:15.015 SERVICE-REGISTRASI-MATAKULIAH - Service ADD
[TRACE] 13-07-2019 08:19:15.015 SERVICE-REGISTRASI-MATAKULIAH - Service ADD Regis Kode Kelas : TIA100A Kode Matkul : TIA100 Nim : 11191
[TRACE] 13-07-2019 08:19:15.015 SERVICE-REGISTRASI-MATAKULIAH - Service ADD find Regis: Optional[com.siapti.service.registrasimatakuliah.model.RegistrasiMatakuliah@760c7548]
[TRACE] 13-07-2019 08:19:15.015 SERVICE-REGISTRASI-MATAKULIAH - Service ADD find Regis 2: TIA100
[TRACE] 13-07-2019 08:19:15.015 SERVICE-REGISTRASI-MATAKULIAH - Service ADD Regis Kode and Nim exist
[TRACE] 13-07-2019 08:19:15.015 SERVICE-REGISTRASI-MATAKULIAH - Masuk Error Code: SIA-01-300

[TRACE] 13-07-2019 08:19:43.043 CONTROLLER-REGISTRASI-MATAKULIAH - ADD
[TRACE] 13-07-2019 08:19:43.043 SERVICE-REGISTRASI-MATAKULIAH - Service ADD
[TRACE] 13-07-2019 08:19:43.043 SERVICE-REGISTRASI-MATAKULIAH - Service ADD Regis Kode Kelas : TIA100C Kode Matkul : TIA100 Nim : 11191
[TRACE] 13-07-2019 08:19:43.043 SERVICE-REGISTRASI-MATAKULIAH - Service ADD find Regis: Optional.empty
[TRACE] 13-07-2019 08:19:43.043 SERVICE-REGISTRASI-MATAKULIAH - Service ADD find Regis 2: TIA100
[TRACE] 13-07-2019 08:19:43.043 SERVICE-REGISTRASI-MATAKULIAH - Service ADD Kode Matakuliah and Nim exist
[TRACE] 13-07-2019 08:19:43.043 SERVICE-REGISTRASI-MATAKULIAH - Masuk Error Code: SIA-06-300

[TRACE] 13-07-2019 08:19:45.045 CONTROLLER-REGISTRASI-MATAKULIAH - ADD
[TRACE] 13-07-2019 08:19:45.045 SERVICE-REGISTRASI-MATAKULIAH - Service ADD
[TRACE] 13-07-2019 08:19:45.045 SERVICE-REGISTRASI-MATAKULIAH - Service ADD Regis Kode Kelas : TIA100A Kode Matkul : TIA100 Nim : 11191
[TRACE] 13-07-2019 08:19:46.046 SERVICE-REGISTRASI-MATAKULIAH - Service ADD find Regis: Optional[com.siapti.service.registrasimatakuliah.model.RegistrasiMatakuliah@203075a0]
[TRACE] 13-07-2019 08:19:46.046 SERVICE-REGISTRASI-MATAKULIAH - Service ADD find Regis 2: TIA100
[TRACE] 13-07-2019 08:19:46.046 SERVICE-REGISTRASI-MATAKULIAH - Service ADD Regis Kode and Nim exist
[TRACE] 13-07-2019 08:19:46.046 SERVICE-REGISTRASI-MATAKULIAH - Masuk Error Code: SIA-01-300

[TRACE] 13-07-2019 08:19:56.056 CONTROLLER-REGISTRASI-MATAKULIAH - ADD
[TRACE] 13-07-2019 08:19:56.056 SERVICE-REGISTRASI-MATAKULIAH - Service ADD
[TRACE] 13-07-2019 08:19:56.056 SERVICE-REGISTRASI-MATAKULIAH - Service ADD Regis Kode Kelas : TIA100B Kode Matkul : TIA100 Nim : 11191
[TRACE] 13-07-2019 08:19:56.056 SERVICE-REGISTRASI-MATAKULIAH - Service ADD find Regis: Optional.empty
[TRACE] 13-07-2019 08:19:56.056 SERVICE-REGISTRASI-MATAKULIAH - Service ADD find Regis 2: TIA100
[TRACE] 13-07-2019 08:19:56.056 SERVICE-REGISTRASI-MATAKULIAH - Service ADD Kode Matakuliah and Nim exist
[TRACE] 13-07-2019 08:19:56.056 SERVICE-REGISTRASI-MATAKULIAH - Masuk Error Code: SIA-06-300

[TRACE] 13-07-2019 08:20:24.024 CONTROLLER-REGISTRASI-MATAKULIAH - ADD
[TRACE] 13-07-2019 08:20:24.024 SERVICE-REGISTRASI-MATAKULIAH - Service ADD
[TRACE] 13-07-2019 08:20:24.024 SERVICE-REGISTRASI-MATAKULIAH - Service ADD Regis Kode Kelas : TIA100A Kode Matkul : TIA100 Nim : 11191
[TRACE] 13-07-2019 08:20:24.024 SERVICE-REGISTRASI-MATAKULIAH - Service ADD find Regis: Optional[com.siapti.service.registrasimatakuliah.model.RegistrasiMatakuliah@41a3ff38]
[TRACE] 13-07-2019 08:20:24.024 SERVICE-REGISTRASI-MATAKULIAH - Service ADD find Regis 2: TIA100
[TRACE] 13-07-2019 08:20:24.024 SERVICE-REGISTRASI-MATAKULIAH - Service ADD Regis Kode and Nim exist
[TRACE] 13-07-2019 08:20:24.024 SERVICE-REGISTRASI-MATAKULIAH - Masuk Error Code: SIA-01-300

[TRACE] 13-07-2019 08:20:27.027 CONTROLLER-REGISTRASI-MATAKULIAH - ADD
[TRACE] 13-07-2019 08:20:27.027 SERVICE-REGISTRASI-MATAKULIAH - Service ADD
[TRACE] 13-07-2019 08:20:27.027 SERVICE-REGISTRASI-MATAKULIAH - Service ADD Regis Kode Kelas : TIA100B Kode Matkul : TIA100 Nim : 11191
[TRACE] 13-07-2019 08:20:27.027 SERVICE-REGISTRASI-MATAKULIAH - Service ADD find Regis: Optional.empty
[TRACE] 13-07-2019 08:20:27.027 SERVICE-REGISTRASI-MATAKULIAH - Service ADD find Regis 2: TIA100
[TRACE] 13-07-2019 08:20:27.027 SERVICE-REGISTRASI-MATAKULIAH - Service ADD Kode Matakuliah and Nim exist
[TRACE] 13-07-2019 08:20:27.027 SERVICE-REGISTRASI-MATAKULIAH - Masuk Error Code: SIA-06-300

[TRACE] 13-07-2019 08:22:04.004 CONTROLLER-REGISTRASI-MATAKULIAH - ADD
[TRACE] 13-07-2019 08:22:04.004 SERVICE-REGISTRASI-MATAKULIAH - Service ADD
[TRACE] 13-07-2019 08:22:04.004 SERVICE-REGISTRASI-MATAKULIAH - Service ADD Regis Kode Kelas : TIA100D Kode Matkul : TIA100 Nim : 11191
[TRACE] 13-07-2019 08:22:04.004 SERVICE-REGISTRASI-MATAKULIAH - Service ADD find Regis: Optional.empty
[TRACE] 13-07-2019 08:22:04.004 SERVICE-REGISTRASI-MATAKULIAH - Service ADD find Regis 2: TIA100
[TRACE] 13-07-2019 08:22:04.004 SERVICE-REGISTRASI-MATAKULIAH - Service ADD Kode Matakuliah and Nim exist
[TRACE] 13-07-2019 08:22:04.004 SERVICE-REGISTRASI-MATAKULIAH - Masuk Error Code: SIA-06-300

[TRACE] 13-07-2019 08:24:54.054 CONTROLLER-REGISTRASI-MATAKULIAH - ADD
[TRACE] 13-07-2019 08:24:54.054 SERVICE-REGISTRASI-MATAKULIAH - Service ADD
[TRACE] 13-07-2019 08:24:54.054 SERVICE-REGISTRASI-MATAKULIAH - Service ADD Regis Kode Kelas : TIA100B Kode Matkul : TIA100 Nim : 11191
[TRACE] 13-07-2019 08:24:54.054 SERVICE-REGISTRASI-MATAKULIAH - Service ADD find Regis: Optional.empty
[TRACE] 13-07-2019 08:24:54.054 SERVICE-REGISTRASI-MATAKULIAH - Service ADD find Regis 2: TIA100
[TRACE] 13-07-2019 08:24:54.054 SERVICE-REGISTRASI-MATAKULIAH - Service ADD Kode Matakuliah and Nim exist
[TRACE] 13-07-2019 08:24:54.054 SERVICE-REGISTRASI-MATAKULIAH - Masuk Error Code: SIA-06-300

[TRACE] 13-07-2019 08:24:55.055 CONTROLLER-REGISTRASI-MATAKULIAH - ADD
[TRACE] 13-07-2019 08:24:55.055 SERVICE-REGISTRASI-MATAKULIAH - Service ADD
[TRACE] 13-07-2019 08:24:55.055 SERVICE-REGISTRASI-MATAKULIAH - Service ADD Regis Kode Kelas : TIA100B Kode Matkul : TIA100 Nim : 11191
[TRACE] 13-07-2019 08:24:55.055 SERVICE-REGISTRASI-MATAKULIAH - Service ADD find Regis: Optional.empty
[TRACE] 13-07-2019 08:24:55.055 SERVICE-REGISTRASI-MATAKULIAH - Service ADD find Regis 2: TIA100
[TRACE] 13-07-2019 08:24:55.055 SERVICE-REGISTRASI-MATAKULIAH - Service ADD Kode Matakuliah and Nim exist
[TRACE] 13-07-2019 08:24:55.055 SERVICE-REGISTRASI-MATAKULIAH - Masuk Error Code: SIA-06-300

[TRACE] 13-07-2019 08:28:11.011 CONTROLLER-REGISTRASI-MATAKULIAH - ADD
[TRACE] 13-07-2019 08:28:11.011 SERVICE-REGISTRASI-MATAKULIAH - Service ADD
[TRACE] 13-07-2019 08:28:11.011 SERVICE-REGISTRASI-MATAKULIAH - Service ADD Regis Kode Kelas : TIA100B Kode Matkul : TIA100 Nim : 11191
[TRACE] 13-07-2019 08:28:11.011 SERVICE-REGISTRASI-MATAKULIAH - Service ADD find Regis: Optional.empty
[TRACE] 13-07-2019 08:28:11.011 SERVICE-REGISTRASI-MATAKULIAH - Service ADD find Regis 2: TIA100
[TRACE] 13-07-2019 08:28:11.011 SERVICE-REGISTRASI-MATAKULIAH - Service ADD Kode Matakuliah and Nim exist
[TRACE] 13-07-2019 08:28:11.011 SERVICE-REGISTRASI-MATAKULIAH - Masuk Error Code: SIA-06-300

[TRACE] 13-07-2019 08:28:14.014 CONTROLLER-REGISTRASI-MATAKULIAH - ADD
[TRACE] 13-07-2019 08:28:14.014 SERVICE-REGISTRASI-MATAKULIAH - Service ADD
[TRACE] 13-07-2019 08:28:14.014 SERVICE-REGISTRASI-MATAKULIAH - Service ADD Regis Kode Kelas : TIA100A Kode Matkul : TIA100 Nim : 11191
[TRACE] 13-07-2019 08:28:14.014 SERVICE-REGISTRASI-MATAKULIAH - Service ADD find Regis: Optional[com.siapti.service.registrasimatakuliah.model.RegistrasiMatakuliah@e724852]
[TRACE] 13-07-2019 08:28:14.014 SERVICE-REGISTRASI-MATAKULIAH - Service ADD find Regis 2: TIA100
[TRACE] 13-07-2019 08:28:14.014 SERVICE-REGISTRASI-MATAKULIAH - Service ADD Regis Kode and Nim exist
[TRACE] 13-07-2019 08:28:14.014 SERVICE-REGISTRASI-MATAKULIAH - Masuk Error Code: SIA-01-300

[TRACE] 13-07-2019 08:28:16.016 CONTROLLER-REGISTRASI-MATAKULIAH - ADD
[TRACE] 13-07-2019 08:28:16.016 SERVICE-REGISTRASI-MATAKULIAH - Service ADD
[TRACE] 13-07-2019 08:28:16.016 SERVICE-REGISTRASI-MATAKULIAH - Service ADD Regis Kode Kelas : TIA100B Kode Matkul : TIA100 Nim : 11191
[TRACE] 13-07-2019 08:28:16.016 SERVICE-REGISTRASI-MATAKULIAH - Service ADD find Regis: Optional.empty
[TRACE] 13-07-2019 08:28:16.016 SERVICE-REGISTRASI-MATAKULIAH - Service ADD find Regis 2: TIA100
[TRACE] 13-07-2019 08:28:16.016 SERVICE-REGISTRASI-MATAKULIAH - Service ADD Kode Matakuliah and Nim exist
[TRACE] 13-07-2019 08:28:16.016 SERVICE-REGISTRASI-MATAKULIAH - Masuk Error Code: SIA-06-300

[TRACE] 13-07-2019 08:28:29.029 CONTROLLER-REGISTRASI-MATAKULIAH - ADD
[TRACE] 13-07-2019 08:28:29.029 SERVICE-REGISTRASI-MATAKULIAH - Service ADD
[TRACE] 13-07-2019 08:28:29.029 SERVICE-REGISTRASI-MATAKULIAH - Service ADD Regis Kode Kelas : TIA100C Kode Matkul : TIA100 Nim : 11191
[TRACE] 13-07-2019 08:28:30.030 SERVICE-REGISTRASI-MATAKULIAH - Service ADD find Regis: Optional.empty
[TRACE] 13-07-2019 08:28:30.030 SERVICE-REGISTRASI-MATAKULIAH - Service ADD find Regis 2: TIA100
[TRACE] 13-07-2019 08:28:30.030 SERVICE-REGISTRASI-MATAKULIAH - Service ADD Kode Matakuliah and Nim exist
[TRACE] 13-07-2019 08:28:30.030 SERVICE-REGISTRASI-MATAKULIAH - Masuk Error Code: SIA-06-300

[TRACE] 13-07-2019 08:28:32.032 CONTROLLER-REGISTRASI-MATAKULIAH - ADD
[TRACE] 13-07-2019 08:28:32.032 SERVICE-REGISTRASI-MATAKULIAH - Service ADD
[TRACE] 13-07-2019 08:28:32.032 SERVICE-REGISTRASI-MATAKULIAH - Service ADD Regis Kode Kelas : TIA100A Kode Matkul : TIA100 Nim : 11191
[TRACE] 13-07-2019 08:28:32.032 SERVICE-REGISTRASI-MATAKULIAH - Service ADD find Regis: Optional[com.siapti.service.registrasimatakuliah.model.RegistrasiMatakuliah@65c93162]
[TRACE] 13-07-2019 08:28:32.032 SERVICE-REGISTRASI-MATAKULIAH - Service ADD find Regis 2: TIA100
[TRACE] 13-07-2019 08:28:32.032 SERVICE-REGISTRASI-MATAKULIAH - Service ADD Regis Kode and Nim exist
[TRACE] 13-07-2019 08:28:32.032 SERVICE-REGISTRASI-MATAKULIAH - Masuk Error Code: SIA-01-300

[TRACE] 13-07-2019 08:28:35.035 CONTROLLER-REGISTRASI-MATAKULIAH - ADD
[TRACE] 13-07-2019 08:28:35.035 SERVICE-REGISTRASI-MATAKULIAH - Service ADD
[TRACE] 13-07-2019 08:28:35.035 SERVICE-REGISTRASI-MATAKULIAH - Service ADD Regis Kode Kelas : TIA103A Kode Matkul : TIA103 Nim : 11191
[TRACE] 13-07-2019 08:28:35.035 SERVICE-REGISTRASI-MATAKULIAH - Service ADD find Regis: Optional[com.siapti.service.registrasimatakuliah.model.RegistrasiMatakuliah@7f5bff07]
[TRACE] 13-07-2019 08:28:35.035 SERVICE-REGISTRASI-MATAKULIAH - Service ADD find Regis 2: TIA103
[TRACE] 13-07-2019 08:28:35.035 SERVICE-REGISTRASI-MATAKULIAH - Service ADD Regis Kode and Nim exist
[TRACE] 13-07-2019 08:28:35.035 SERVICE-REGISTRASI-MATAKULIAH - Masuk Error Code: SIA-01-300

[TRACE] 13-07-2019 08:28:37.037 CONTROLLER-REGISTRASI-MATAKULIAH - ADD
[TRACE] 13-07-2019 08:28:37.037 SERVICE-REGISTRASI-MATAKULIAH - Service ADD
[TRACE] 13-07-2019 08:28:37.037 SERVICE-REGISTRASI-MATAKULIAH - Service ADD Regis Kode Kelas : TIA103A Kode Matkul : TIA103 Nim : 11191
[TRACE] 13-07-2019 08:28:37.037 SERVICE-REGISTRASI-MATAKULIAH - Service ADD find Regis: Optional[com.siapti.service.registrasimatakuliah.model.RegistrasiMatakuliah@6da292b0]
[TRACE] 13-07-2019 08:28:37.037 SERVICE-REGISTRASI-MATAKULIAH - Service ADD find Regis 2: TIA103
[TRACE] 13-07-2019 08:28:37.037 SERVICE-REGISTRASI-MATAKULIAH - Service ADD Regis Kode and Nim exist
[TRACE] 13-07-2019 08:28:37.037 SERVICE-REGISTRASI-MATAKULIAH - Masuk Error Code: SIA-01-300

[TRACE] 13-07-2019 08:28:38.038 CONTROLLER-REGISTRASI-MATAKULIAH - ADD
[TRACE] 13-07-2019 08:28:38.038 SERVICE-REGISTRASI-MATAKULIAH - Service ADD
[TRACE] 13-07-2019 08:28:38.038 SERVICE-REGISTRASI-MATAKULIAH - Service ADD Regis Kode Kelas : TIA100E Kode Matkul : TIA100 Nim : 11191
[TRACE] 13-07-2019 08:28:38.038 SERVICE-REGISTRASI-MATAKULIAH - Service ADD find Regis: Optional.empty
[TRACE] 13-07-2019 08:28:38.038 SERVICE-REGISTRASI-MATAKULIAH - Service ADD find Regis 2: TIA100
[TRACE] 13-07-2019 08:28:38.038 SERVICE-REGISTRASI-MATAKULIAH - Service ADD Kode Matakuliah and Nim exist
[TRACE] 13-07-2019 08:28:38.038 SERVICE-REGISTRASI-MATAKULIAH - Masuk Error Code: SIA-06-300

[TRACE] 13-07-2019 08:29:00.000 CONTROLLER-REGISTRASI-MATAKULIAH - ADD
[TRACE] 13-07-2019 08:29:00.000 SERVICE-REGISTRASI-MATAKULIAH - Service ADD
[TRACE] 13-07-2019 08:29:00.000 SERVICE-REGISTRASI-MATAKULIAH - Service ADD Regis Kode Kelas : TIA100A Kode Matkul : TIA100 Nim : 11191
[TRACE] 13-07-2019 08:29:00.000 SERVICE-REGISTRASI-MATAKULIAH - Service ADD find Regis: Optional[com.siapti.service.registrasimatakuliah.model.RegistrasiMatakuliah@100386c2]
[TRACE] 13-07-2019 08:29:00.000 SERVICE-REGISTRASI-MATAKULIAH - Service ADD find Regis 2: TIA100
[TRACE] 13-07-2019 08:29:00.000 SERVICE-REGISTRASI-MATAKULIAH - Service ADD Regis Kode and Nim exist
[TRACE] 13-07-2019 08:29:00.000 SERVICE-REGISTRASI-MATAKULIAH - Masuk Error Code: SIA-01-300

[TRACE] 13-07-2019 08:29:03.003 CONTROLLER-REGISTRASI-MATAKULIAH - ADD
[TRACE] 13-07-2019 08:29:03.003 SERVICE-REGISTRASI-MATAKULIAH - Service ADD
[TRACE] 13-07-2019 08:29:03.003 SERVICE-REGISTRASI-MATAKULIAH - Service ADD Regis Kode Kelas : TIA100C Kode Matkul : TIA100 Nim : 11191
[TRACE] 13-07-2019 08:29:03.003 SERVICE-REGISTRASI-MATAKULIAH - Service ADD find Regis: Optional.empty
[TRACE] 13-07-2019 08:29:03.003 SERVICE-REGISTRASI-MATAKULIAH - Service ADD find Regis 2: TIA100
[TRACE] 13-07-2019 08:29:03.003 SERVICE-REGISTRASI-MATAKULIAH - Service ADD Kode Matakuliah and Nim exist
[TRACE] 13-07-2019 08:29:03.003 SERVICE-REGISTRASI-MATAKULIAH - Masuk Error Code: SIA-06-300

[TRACE] 14-07-2019 04:52:24.024 CONTROLLER-REGISTRASI-MATAKULIAH - ADD
[TRACE] 14-07-2019 04:52:24.024 SERVICE-REGISTRASI-MATAKULIAH - Service ADD
[TRACE] 14-07-2019 04:52:24.024 SERVICE-REGISTRASI-MATAKULIAH - Service ADD Regis Kode Kelas : TIA103A Kode Matkul : TIA103 Nim : 11191
[TRACE] 14-07-2019 04:52:24.024 SERVICE-REGISTRASI-MATAKULIAH - Service ADD find Regis: Optional[com.siapti.service.registrasimatakuliah.model.RegistrasiMatakuliah@17c1f32f]
[TRACE] 14-07-2019 04:52:24.024 SERVICE-REGISTRASI-MATAKULIAH - Service ADD find Regis 2: TIA103
[TRACE] 14-07-2019 04:52:24.024 SERVICE-REGISTRASI-MATAKULIAH - Service ADD Regis Kode and Nim exist
[TRACE] 14-07-2019 04:52:24.024 SERVICE-REGISTRASI-MATAKULIAH - Masuk Error Code: SIA-01-300

[TRACE] 14-07-2019 04:52:26.026 CONTROLLER-REGISTRASI-MATAKULIAH - ADD
[TRACE] 14-07-2019 04:52:26.026 SERVICE-REGISTRASI-MATAKULIAH - Service ADD
[TRACE] 14-07-2019 04:52:26.026 SERVICE-REGISTRASI-MATAKULIAH - Service ADD Regis Kode Kelas : TIA100D Kode Matkul : TIA100 Nim : 11191
[TRACE] 14-07-2019 04:52:26.026 SERVICE-REGISTRASI-MATAKULIAH - Service ADD find Regis: Optional.empty
[TRACE] 14-07-2019 04:52:26.026 SERVICE-REGISTRASI-MATAKULIAH - Service ADD find Regis 2: TIA100
[TRACE] 14-07-2019 04:52:26.026 SERVICE-REGISTRASI-MATAKULIAH - Service ADD Kode Matakuliah and Nim exist
[TRACE] 14-07-2019 04:52:26.026 SERVICE-REGISTRASI-MATAKULIAH - Masuk Error Code: SIA-06-300

[TRACE] 14-07-2019 04:52:43.043 CONTROLLER-REGISTRASI-MATAKULIAH - ADD
[TRACE] 14-07-2019 04:52:43.043 SERVICE-REGISTRASI-MATAKULIAH - Service ADD
[TRACE] 14-07-2019 04:52:43.043 SERVICE-REGISTRASI-MATAKULIAH - Service ADD Regis Kode Kelas : TIA100A Kode Matkul : TIA100 Nim : 11192
[TRACE] 14-07-2019 04:52:43.043 SERVICE-REGISTRASI-MATAKULIAH - Service ADD find Regis: Optional.empty
[TRACE] 14-07-2019 04:52:43.043 SERVICE-REGISTRASI-MATAKULIAH - Masuk Error Code: SIA-51-500

[TRACE] 14-07-2019 04:56:29.029 CONTROLLER-REGISTRASI-MATAKULIAH - ADD
[TRACE] 14-07-2019 04:56:29.029 SERVICE-REGISTRASI-MATAKULIAH - Service ADD
[TRACE] 14-07-2019 04:56:29.029 SERVICE-REGISTRASI-MATAKULIAH - Service ADD Regis Kode Kelas : TIA100B Kode Matkul : TIA100 Nim : 11192
[TRACE] 14-07-2019 04:56:29.029 SERVICE-REGISTRASI-MATAKULIAH - Service ADD find Regis: Optional.empty
[TRACE] 14-07-2019 04:56:29.029 SERVICE-REGISTRASI-MATAKULIAH - Masuk Error Code: SIA-51-500

[TRACE] 14-07-2019 04:57:52.052 CONTROLLER-REGISTRASI-MATAKULIAH - ADD
[TRACE] 14-07-2019 04:57:52.052 SERVICE-REGISTRASI-MATAKULIAH - Service ADD
[TRACE] 14-07-2019 04:57:52.052 SERVICE-REGISTRASI-MATAKULIAH - Service ADD Regis Kode Kelas : TIA100C Kode Matkul : TIA100 Nim : 11192
[TRACE] 14-07-2019 04:57:52.052 SERVICE-REGISTRASI-MATAKULIAH - Service ADD find Regis: Optional.empty
[TRACE] 14-07-2019 04:57:52.052 SERVICE-REGISTRASI-MATAKULIAH - Service ADD find Regis 2: Optional.empty
[TRACE] 14-07-2019 04:57:52.052 SERVICE-REGISTRASI-MATAKULIAH - Service ADD Regis Kode and Nim not exist
[TRACE] 14-07-2019 04:57:52.052 SERVICE-REGISTRASI-MATAKULIAH - Repo ADD Registrasi Matakuliah Mhs : TIA100C
[TRACE] 14-07-2019 04:57:52.052 SERVICE-REGISTRASI-MATAKULIAH - Repo ADD Registrasi Matakuliah Mhs : 11192
[TRACE] 14-07-2019 04:57:53.053 SERVICE-REGISTRASI-MATAKULIAH - Masuk Error Code: SIA-51-500

[TRACE] 14-07-2019 05:01:29.029 CONTROLLER-REGISTRASI-MATAKULIAH - ADD
[TRACE] 14-07-2019 05:01:29.029 SERVICE-REGISTRASI-MATAKULIAH - Service ADD
[TRACE] 14-07-2019 05:01:29.029 SERVICE-REGISTRASI-MATAKULIAH - Service ADD Regis Kode Kelas : TIA100B Kode Matkul : TIA100 Nim : 11192
[TRACE] 14-07-2019 05:01:29.029 SERVICE-REGISTRASI-MATAKULIAH - Service ADD find Regis: Optional.empty
[TRACE] 14-07-2019 05:01:29.029 SERVICE-REGISTRASI-MATAKULIAH - Service ADD find Regis 2: Optional.empty
[TRACE] 14-07-2019 05:01:29.029 SERVICE-REGISTRASI-MATAKULIAH - Service ADD Regis Kode and Nim not exist
[TRACE] 14-07-2019 05:01:29.029 SERVICE-REGISTRASI-MATAKULIAH - Repo ADD Registrasi Matakuliah Mhs : TIA100B
[TRACE] 14-07-2019 05:01:29.029 SERVICE-REGISTRASI-MATAKULIAH - Repo ADD Registrasi Matakuliah Mhs : 11192
[TRACE] 14-07-2019 05:01:29.029 SERVICE-REGISTRASI-MATAKULIAH - Masuk Error Code: SIA-51-500

[TRACE] 14-07-2019 05:04:36.036 CONTROLLER-REGISTRASI-MATAKULIAH - ADD
[TRACE] 14-07-2019 05:04:36.036 SERVICE-REGISTRASI-MATAKULIAH - Service ADD
[TRACE] 14-07-2019 05:04:36.036 SERVICE-REGISTRASI-MATAKULIAH - Service ADD Regis Kode Kelas : TIA100D Kode Matkul : TIA100 Nim : 11192
[TRACE] 14-07-2019 05:04:36.036 SERVICE-REGISTRASI-MATAKULIAH - Service ADD find Regis: Optional.empty
[TRACE] 14-07-2019 05:04:36.036 SERVICE-REGISTRASI-MATAKULIAH - Service ADD find Regis 2: Optional.empty
[TRACE] 14-07-2019 05:04:36.036 SERVICE-REGISTRASI-MATAKULIAH - Service ADD Regis Kode and Nim not exist
[TRACE] 14-07-2019 05:04:36.036 SERVICE-REGISTRASI-MATAKULIAH - Repo ADD Registrasi Matakuliah Mhs : TIA100D
[TRACE] 14-07-2019 05:04:36.036 SERVICE-REGISTRASI-MATAKULIAH - Repo ADD Registrasi Matakuliah Mhs : 11192
[TRACE] 14-07-2019 05:04:36.036 SERVICE-REGISTRASI-MATAKULIAH - Masuk Error Code: SIA-51-500

[TRACE] 14-07-2019 05:49:28.028 CONTROLLER-REGISTRASI-MATAKULIAH - ADD
[TRACE] 14-07-2019 05:49:28.028 SERVICE-REGISTRASI-MATAKULIAH - Service ADD
[TRACE] 14-07-2019 05:49:28.028 SERVICE-REGISTRASI-MATAKULIAH - Service ADD Regis Kode Kelas : TIA103A Kode Matkul : TIA103 Nim : 11192
[TRACE] 14-07-2019 05:49:28.028 SERVICE-REGISTRASI-MATAKULIAH - Service ADD find Regis: Optional.empty
[TRACE] 14-07-2019 05:49:28.028 SERVICE-REGISTRASI-MATAKULIAH - Service ADD find Regis 2: Optional.empty
[TRACE] 14-07-2019 05:49:28.028 SERVICE-REGISTRASI-MATAKULIAH - Service ADD Regis Kode and Nim not exist
[TRACE] 14-07-2019 05:49:28.028 SERVICE-REGISTRASI-MATAKULIAH - Repo ADD Registrasi Matakuliah Mhs : TIA103A
[TRACE] 14-07-2019 05:49:28.028 SERVICE-REGISTRASI-MATAKULIAH - Repo ADD Registrasi Matakuliah Mhs : 11192
[TRACE] 14-07-2019 05:49:28.028 SERVICE-REGISTRASI-MATAKULIAH - Success ADD
[TRACE] 14-07-2019 05:49:28.028 SERVICE-REGISTRASI-MATAKULIAH - Masuk Error Code: SIA-01-200

[TRACE] 14-07-2019 05:49:35.035 CONTROLLER-REGISTRASI-MATAKULIAH - ADD
[TRACE] 14-07-2019 05:49:35.035 SERVICE-REGISTRASI-MATAKULIAH - Service ADD
[TRACE] 14-07-2019 05:49:35.035 SERVICE-REGISTRASI-MATAKULIAH - Service ADD Regis Kode Kelas : TIA103A Kode Matkul : TIA103 Nim : 11192
[TRACE] 14-07-2019 05:49:35.035 SERVICE-REGISTRASI-MATAKULIAH - Service ADD find Regis: Optional[com.siapti.service.registrasimatakuliah.model.RegistrasiMatakuliah@6df05768]
[TRACE] 14-07-2019 05:49:35.035 SERVICE-REGISTRASI-MATAKULIAH - Service ADD find Regis 2: Optional[com.siapti.service.registrasimatakuliah.model.RegistrasiMatakuliah@6df05768]
[TRACE] 14-07-2019 05:49:35.035 SERVICE-REGISTRASI-MATAKULIAH - Service ADD Regis Kode and Nim exist
[TRACE] 14-07-2019 05:49:35.035 SERVICE-REGISTRASI-MATAKULIAH - Masuk Error Code: SIA-01-300

[TRACE] 14-07-2019 05:49:38.038 CONTROLLER-REGISTRASI-MATAKULIAH - ADD
[TRACE] 14-07-2019 05:49:38.038 SERVICE-REGISTRASI-MATAKULIAH - Service ADD
[TRACE] 14-07-2019 05:49:38.038 SERVICE-REGISTRASI-MATAKULIAH - Service ADD Regis Kode Kelas : TIA100E Kode Matkul : TIA100 Nim : 11192
[TRACE] 14-07-2019 05:49:38.038 SERVICE-REGISTRASI-MATAKULIAH - Service ADD find Regis: Optional.empty
[TRACE] 14-07-2019 05:49:38.038 SERVICE-REGISTRASI-MATAKULIAH - Service ADD find Regis 2: Optional[com.siapti.service.registrasimatakuliah.model.RegistrasiMatakuliah@2f8f6175]
[TRACE] 14-07-2019 05:49:38.038 SERVICE-REGISTRASI-MATAKULIAH - Service ADD Kode Matakuliah and Nim exist
[TRACE] 14-07-2019 05:49:38.038 SERVICE-REGISTRASI-MATAKULIAH - Masuk Error Code: SIA-06-300

[TRACE] 15-07-2019 01:22:21.021 CONTROLLER-REGISTRASI-MATAKULIAH - ADD
[TRACE] 15-07-2019 01:22:21.021 SERVICE-REGISTRASI-MATAKULIAH - Service ADD
[TRACE] 15-07-2019 01:22:21.021 SERVICE-REGISTRASI-MATAKULIAH - Service ADD Regis Kode Kelas : TIA100C Kode Matkul : TIA100 Nim : 11192
[TRACE] 15-07-2019 01:22:21.021 SERVICE-REGISTRASI-MATAKULIAH - Service ADD find Regis: Optional.empty
[TRACE] 15-07-2019 01:22:21.021 SERVICE-REGISTRASI-MATAKULIAH - Service ADD find Regis 2: Optional[com.siapti.service.registrasimatakuliah.model.RegistrasiMatakuliah@6712ac89]
[TRACE] 15-07-2019 01:22:21.021 SERVICE-REGISTRASI-MATAKULIAH - Service ADD Kode Matakuliah and Nim exist
[TRACE] 15-07-2019 01:22:21.021 SERVICE-REGISTRASI-MATAKULIAH - Masuk Error Code: SIA-06-300

[TRACE] 15-07-2019 01:22:24.024 CONTROLLER-REGISTRASI-MATAKULIAH - ADD
[TRACE] 15-07-2019 01:22:24.024 SERVICE-REGISTRASI-MATAKULIAH - Service ADD
[TRACE] 15-07-2019 01:22:24.024 SERVICE-REGISTRASI-MATAKULIAH - Service ADD Regis Kode Kelas : TIA103A Kode Matkul : TIA103 Nim : 11192
[TRACE] 15-07-2019 01:22:24.024 SERVICE-REGISTRASI-MATAKULIAH - Service ADD find Regis: Optional[com.siapti.service.registrasimatakuliah.model.RegistrasiMatakuliah@3b6b02c8]
[TRACE] 15-07-2019 01:22:24.024 SERVICE-REGISTRASI-MATAKULIAH - Service ADD find Regis 2: Optional[com.siapti.service.registrasimatakuliah.model.RegistrasiMatakuliah@3b6b02c8]
[TRACE] 15-07-2019 01:22:24.024 SERVICE-REGISTRASI-MATAKULIAH - Service ADD Regis Kode and Nim exist
[TRACE] 15-07-2019 01:22:24.024 SERVICE-REGISTRASI-MATAKULIAH - Masuk Error Code: SIA-01-300

[TRACE] 15-07-2019 01:22:27.027 CONTROLLER-REGISTRASI-MATAKULIAH - ADD
[TRACE] 15-07-2019 01:22:27.027 SERVICE-REGISTRASI-MATAKULIAH - Service ADD
[TRACE] 15-07-2019 01:22:27.027 SERVICE-REGISTRASI-MATAKULIAH - Service ADD Regis Kode Kelas : TIA100D Kode Matkul : TIA100 Nim : 11192
[TRACE] 15-07-2019 01:22:27.027 SERVICE-REGISTRASI-MATAKULIAH - Service ADD find Regis: Optional.empty
[TRACE] 15-07-2019 01:22:27.027 SERVICE-REGISTRASI-MATAKULIAH - Service ADD find Regis 2: Optional[com.siapti.service.registrasimatakuliah.model.RegistrasiMatakuliah@206aa10d]
[TRACE] 15-07-2019 01:22:27.027 SERVICE-REGISTRASI-MATAKULIAH - Service ADD Kode Matakuliah and Nim exist
[TRACE] 15-07-2019 01:22:27.027 SERVICE-REGISTRASI-MATAKULIAH - Masuk Error Code: SIA-06-300

[TRACE] 15-07-2019 01:22:30.030 CONTROLLER-REGISTRASI-MATAKULIAH - ADD
[TRACE] 15-07-2019 01:22:30.030 SERVICE-REGISTRASI-MATAKULIAH - Service ADD
[TRACE] 15-07-2019 01:22:30.030 SERVICE-REGISTRASI-MATAKULIAH - Service ADD Regis Kode Kelas : TIA100B Kode Matkul : TIA100 Nim : 11192
[TRACE] 15-07-2019 01:22:30.030 SERVICE-REGISTRASI-MATAKULIAH - Service ADD find Regis: Optional.empty
[TRACE] 15-07-2019 01:22:30.030 SERVICE-REGISTRASI-MATAKULIAH - Service ADD find Regis 2: Optional[com.siapti.service.registrasimatakuliah.model.RegistrasiMatakuliah@26781eca]
[TRACE] 15-07-2019 01:22:30.030 SERVICE-REGISTRASI-MATAKULIAH - Service ADD Kode Matakuliah and Nim exist
[TRACE] 15-07-2019 01:22:30.030 SERVICE-REGISTRASI-MATAKULIAH - Masuk Error Code: SIA-06-300

[TRACE] 15-07-2019 01:22:33.033 CONTROLLER-REGISTRASI-MATAKULIAH - ADD
[TRACE] 15-07-2019 01:22:33.033 SERVICE-REGISTRASI-MATAKULIAH - Service ADD
[TRACE] 15-07-2019 01:22:33.033 SERVICE-REGISTRASI-MATAKULIAH - Service ADD Regis Kode Kelas : TIA100A Kode Matkul : TIA100 Nim : 11192
[TRACE] 15-07-2019 01:22:33.033 SERVICE-REGISTRASI-MATAKULIAH - Service ADD find Regis: Optional[com.siapti.service.registrasimatakuliah.model.RegistrasiMatakuliah@2ff2329f]
[TRACE] 15-07-2019 01:22:33.033 SERVICE-REGISTRASI-MATAKULIAH - Service ADD find Regis 2: Optional[com.siapti.service.registrasimatakuliah.model.RegistrasiMatakuliah@2ff2329f]
[TRACE] 15-07-2019 01:22:33.033 SERVICE-REGISTRASI-MATAKULIAH - Service ADD Regis Kode and Nim exist
[TRACE] 15-07-2019 01:22:33.033 SERVICE-REGISTRASI-MATAKULIAH - Masuk Error Code: SIA-01-300

[TRACE] 15-07-2019 05:39:14.014 CONTROLLER-REGISTRASI-MATAKULIAH - ADD
[TRACE] 15-07-2019 05:39:14.014 SERVICE-REGISTRASI-MATAKULIAH - Service ADD
[TRACE] 15-07-2019 05:39:14.014 SERVICE-REGISTRASI-MATAKULIAH - Service ADD Regis Kode Kelas : TIA100B Kode Matkul : TIA100 Nim : 11192
[TRACE] 15-07-2019 05:39:15.015 SERVICE-REGISTRASI-MATAKULIAH - Service ADD find Regis: Optional.empty
[TRACE] 15-07-2019 05:39:16.016 SERVICE-REGISTRASI-MATAKULIAH - Service ADD find Regis 2: Optional[com.siapti.service.registrasimatakuliah.model.RegistrasiMatakuliah@141fb735]
[TRACE] 15-07-2019 05:39:16.016 SERVICE-REGISTRASI-MATAKULIAH - Service ADD Kode Matakuliah and Nim exist
[TRACE] 15-07-2019 05:39:16.016 SERVICE-REGISTRASI-MATAKULIAH - Masuk Error Code: SIA-06-300

[TRACE] 15-07-2019 05:39:20.020 CONTROLLER-REGISTRASI-MATAKULIAH - ADD
[TRACE] 15-07-2019 05:39:20.020 SERVICE-REGISTRASI-MATAKULIAH - Service ADD
[TRACE] 15-07-2019 05:39:20.020 SERVICE-REGISTRASI-MATAKULIAH - Service ADD Regis Kode Kelas : TIA103A Kode Matkul : TIA103 Nim : 11192
[TRACE] 15-07-2019 05:39:20.020 SERVICE-REGISTRASI-MATAKULIAH - Service ADD find Regis: Optional[com.siapti.service.registrasimatakuliah.model.RegistrasiMatakuliah@7fb21576]
[TRACE] 15-07-2019 05:39:20.020 SERVICE-REGISTRASI-MATAKULIAH - Service ADD find Regis 2: Optional[com.siapti.service.registrasimatakuliah.model.RegistrasiMatakuliah@7fb21576]
[TRACE] 15-07-2019 05:39:20.020 SERVICE-REGISTRASI-MATAKULIAH - Service ADD Regis Kode and Nim exist
[TRACE] 15-07-2019 05:39:20.020 SERVICE-REGISTRASI-MATAKULIAH - Masuk Error Code: SIA-01-300

[TRACE] 15-07-2019 05:39:23.023 CONTROLLER-REGISTRASI-MATAKULIAH - ADD
[TRACE] 15-07-2019 05:39:23.023 SERVICE-REGISTRASI-MATAKULIAH - Service ADD
[TRACE] 15-07-2019 05:39:23.023 SERVICE-REGISTRASI-MATAKULIAH - Service ADD Regis Kode Kelas : TIA100E Kode Matkul : TIA100 Nim : 11192
[TRACE] 15-07-2019 05:39:23.023 SERVICE-REGISTRASI-MATAKULIAH - Service ADD find Regis: Optional.empty
[TRACE] 15-07-2019 05:39:23.023 SERVICE-REGISTRASI-MATAKULIAH - Service ADD find Regis 2: Optional[com.siapti.service.registrasimatakuliah.model.RegistrasiMatakuliah@199d029d]
[TRACE] 15-07-2019 05:39:23.023 SERVICE-REGISTRASI-MATAKULIAH - Service ADD Kode Matakuliah and Nim exist
[TRACE] 15-07-2019 05:39:23.023 SERVICE-REGISTRASI-MATAKULIAH - Masuk Error Code: SIA-06-300

[TRACE] 15-07-2019 05:40:26.026 CONTROLLER-REGISTRASI-MATAKULIAH - ADD
[TRACE] 15-07-2019 05:40:26.026 SERVICE-REGISTRASI-MATAKULIAH - Service ADD
[TRACE] 15-07-2019 05:40:26.026 SERVICE-REGISTRASI-MATAKULIAH - Service ADD Regis Kode Kelas : TIA100B Kode Matkul : TIA100 Nim : 11192
[TRACE] 15-07-2019 05:40:26.026 SERVICE-REGISTRASI-MATAKULIAH - Service ADD find Regis: Optional.empty
[TRACE] 15-07-2019 05:40:27.027 SERVICE-REGISTRASI-MATAKULIAH - Service ADD find Regis 2: Optional[com.siapti.service.registrasimatakuliah.model.RegistrasiMatakuliah@21014245]
[TRACE] 15-07-2019 05:40:27.027 SERVICE-REGISTRASI-MATAKULIAH - Service ADD Kode Matakuliah and Nim exist
[TRACE] 15-07-2019 05:40:27.027 SERVICE-REGISTRASI-MATAKULIAH - Masuk Error Code: SIA-06-300

[TRACE] 15-07-2019 05:40:29.029 CONTROLLER-REGISTRASI-MATAKULIAH - ADD
[TRACE] 15-07-2019 05:40:29.029 SERVICE-REGISTRASI-MATAKULIAH - Service ADD
[TRACE] 15-07-2019 05:40:29.029 SERVICE-REGISTRASI-MATAKULIAH - Service ADD Regis Kode Kelas : TIA100B Kode Matkul : TIA100 Nim : 11192
[TRACE] 15-07-2019 05:40:29.029 SERVICE-REGISTRASI-MATAKULIAH - Service ADD find Regis: Optional.empty
[TRACE] 15-07-2019 05:40:29.029 SERVICE-REGISTRASI-MATAKULIAH - Service ADD find Regis 2: Optional[com.siapti.service.registrasimatakuliah.model.RegistrasiMatakuliah@adb4a68]
[TRACE] 15-07-2019 05:40:29.029 SERVICE-REGISTRASI-MATAKULIAH - Service ADD Kode Matakuliah and Nim exist
[TRACE] 15-07-2019 05:40:29.029 SERVICE-REGISTRASI-MATAKULIAH - Masuk Error Code: SIA-06-300

[TRACE] 15-07-2019 05:40:31.031 CONTROLLER-REGISTRASI-MATAKULIAH - ADD
[TRACE] 15-07-2019 05:40:31.031 SERVICE-REGISTRASI-MATAKULIAH - Service ADD
[TRACE] 15-07-2019 05:40:31.031 SERVICE-REGISTRASI-MATAKULIAH - Service ADD Regis Kode Kelas : TIA103A Kode Matkul : TIA103 Nim : 11192
[TRACE] 15-07-2019 05:40:31.031 SERVICE-REGISTRASI-MATAKULIAH - Service ADD find Regis: Optional[com.siapti.service.registrasimatakuliah.model.RegistrasiMatakuliah@75a3235c]
[TRACE] 15-07-2019 05:40:31.031 SERVICE-REGISTRASI-MATAKULIAH - Service ADD find Regis 2: Optional[com.siapti.service.registrasimatakuliah.model.RegistrasiMatakuliah@75a3235c]
[TRACE] 15-07-2019 05:40:31.031 SERVICE-REGISTRASI-MATAKULIAH - Service ADD Regis Kode and Nim exist
[TRACE] 15-07-2019 05:40:31.031 SERVICE-REGISTRASI-MATAKULIAH - Masuk Error Code: SIA-01-300

[TRACE] 15-07-2019 05:40:56.056 CONTROLLER-REGISTRASI-MATAKULIAH - ADD
[TRACE] 15-07-2019 05:40:56.056 SERVICE-REGISTRASI-MATAKULIAH - Service ADD
[TRACE] 15-07-2019 05:40:56.056 SERVICE-REGISTRASI-MATAKULIAH - Service ADD Regis Kode Kelas : TIA100D Kode Matkul : TIA100 Nim : 11192
[TRACE] 15-07-2019 05:40:56.056 SERVICE-REGISTRASI-MATAKULIAH - Service ADD find Regis: Optional.empty
[TRACE] 15-07-2019 05:40:56.056 SERVICE-REGISTRASI-MATAKULIAH - Service ADD find Regis 2: Optional[com.siapti.service.registrasimatakuliah.model.RegistrasiMatakuliah@583301d9]
[TRACE] 15-07-2019 05:40:56.056 SERVICE-REGISTRASI-MATAKULIAH - Service ADD Kode Matakuliah and Nim exist
[TRACE] 15-07-2019 05:40:56.056 SERVICE-REGISTRASI-MATAKULIAH - Masuk Error Code: SIA-06-300

[TRACE] 15-07-2019 05:41:34.034 CONTROLLER-REGISTRASI-MATAKULIAH - ADD
[TRACE] 15-07-2019 05:41:34.034 SERVICE-REGISTRASI-MATAKULIAH - Service ADD
[TRACE] 15-07-2019 05:41:34.034 SERVICE-REGISTRASI-MATAKULIAH - Service ADD Regis Kode Kelas : TIA100D Kode Matkul : TIA100 Nim : 11192
[TRACE] 15-07-2019 05:41:34.034 SERVICE-REGISTRASI-MATAKULIAH - Service ADD find Regis: Optional.empty
[TRACE] 15-07-2019 05:41:34.034 SERVICE-REGISTRASI-MATAKULIAH - Service ADD find Regis 2: Optional[com.siapti.service.registrasimatakuliah.model.RegistrasiMatakuliah@7a442777]
[TRACE] 15-07-2019 05:41:34.034 SERVICE-REGISTRASI-MATAKULIAH - Service ADD Kode Matakuliah and Nim exist
[TRACE] 15-07-2019 05:41:34.034 SERVICE-REGISTRASI-MATAKULIAH - Masuk Error Code: SIA-06-300

[TRACE] 15-07-2019 05:42:18.018 CONTROLLER-REGISTRASI-MATAKULIAH - ADD
[TRACE] 15-07-2019 05:42:18.018 SERVICE-REGISTRASI-MATAKULIAH - Service ADD
[TRACE] 15-07-2019 05:42:18.018 SERVICE-REGISTRASI-MATAKULIAH - Service ADD Regis Kode Kelas : TIA100B Kode Matkul : TIA100 Nim : 11192
[TRACE] 15-07-2019 05:42:18.018 SERVICE-REGISTRASI-MATAKULIAH - Service ADD find Regis: Optional.empty
[TRACE] 15-07-2019 05:42:18.018 SERVICE-REGISTRASI-MATAKULIAH - Service ADD find Regis 2: Optional[com.siapti.service.registrasimatakuliah.model.RegistrasiMatakuliah@55f5a8d4]
[TRACE] 15-07-2019 05:42:18.018 SERVICE-REGISTRASI-MATAKULIAH - Service ADD Kode Matakuliah and Nim exist
[TRACE] 15-07-2019 05:42:18.018 SERVICE-REGISTRASI-MATAKULIAH - Masuk Error Code: SIA-06-300

[TRACE] 15-07-2019 05:42:39.039 CONTROLLER-REGISTRASI-MATAKULIAH - ADD
[TRACE] 15-07-2019 05:42:39.039 SERVICE-REGISTRASI-MATAKULIAH - Service ADD
[TRACE] 15-07-2019 05:42:39.039 SERVICE-REGISTRASI-MATAKULIAH - Service ADD Regis Kode Kelas : TIA100B Kode Matkul : TIA100 Nim : 11192
[TRACE] 15-07-2019 05:42:39.039 SERVICE-REGISTRASI-MATAKULIAH - Service ADD find Regis: Optional.empty
[TRACE] 15-07-2019 05:42:39.039 SERVICE-REGISTRASI-MATAKULIAH - Service ADD find Regis 2: Optional[com.siapti.service.registrasimatakuliah.model.RegistrasiMatakuliah@5c63b41d]
[TRACE] 15-07-2019 05:42:39.039 SERVICE-REGISTRASI-MATAKULIAH - Service ADD Kode Matakuliah and Nim exist
[TRACE] 15-07-2019 05:42:39.039 SERVICE-REGISTRASI-MATAKULIAH - Masuk Error Code: SIA-06-300

[TRACE] 15-07-2019 05:42:41.041 CONTROLLER-REGISTRASI-MATAKULIAH - ADD
[TRACE] 15-07-2019 05:42:41.041 SERVICE-REGISTRASI-MATAKULIAH - Service ADD
[TRACE] 15-07-2019 05:42:41.041 SERVICE-REGISTRASI-MATAKULIAH - Service ADD Regis Kode Kelas : TIA100C Kode Matkul : TIA100 Nim : 11192
[TRACE] 15-07-2019 05:42:41.041 SERVICE-REGISTRASI-MATAKULIAH - Service ADD find Regis: Optional.empty
[TRACE] 15-07-2019 05:42:41.041 SERVICE-REGISTRASI-MATAKULIAH - Service ADD find Regis 2: Optional[com.siapti.service.registrasimatakuliah.model.RegistrasiMatakuliah@631fb4b1]
[TRACE] 15-07-2019 05:42:41.041 SERVICE-REGISTRASI-MATAKULIAH - Service ADD Kode Matakuliah and Nim exist
[TRACE] 15-07-2019 05:42:41.041 SERVICE-REGISTRASI-MATAKULIAH - Masuk Error Code: SIA-06-300

[TRACE] 15-07-2019 05:42:44.044 CONTROLLER-REGISTRASI-MATAKULIAH - ADD
[TRACE] 15-07-2019 05:42:44.044 SERVICE-REGISTRASI-MATAKULIAH - Service ADD
[TRACE] 15-07-2019 05:42:44.044 SERVICE-REGISTRASI-MATAKULIAH - Service ADD Regis Kode Kelas : TIA100C Kode Matkul : TIA100 Nim : 11192
[TRACE] 15-07-2019 05:42:44.044 SERVICE-REGISTRASI-MATAKULIAH - Service ADD find Regis: Optional.empty
[TRACE] 15-07-2019 05:42:44.044 SERVICE-REGISTRASI-MATAKULIAH - Service ADD find Regis 2: Optional[com.siapti.service.registrasimatakuliah.model.RegistrasiMatakuliah@746034eb]
[TRACE] 15-07-2019 05:42:44.044 SERVICE-REGISTRASI-MATAKULIAH - Service ADD Kode Matakuliah and Nim exist
[TRACE] 15-07-2019 05:42:44.044 SERVICE-REGISTRASI-MATAKULIAH - Masuk Error Code: SIA-06-300

[TRACE] 23-07-2019 12:02:27.027 CONTROLLER-REGISTRASI-MATAKULIAH - ADD
[TRACE] 23-07-2019 12:02:27.027 SERVICE-REGISTRASI-MATAKULIAH - Service ADD
[TRACE] 23-07-2019 12:02:27.027 SERVICE-REGISTRASI-MATAKULIAH - Service ADD Regis Kode Kelas : TIA100B Kode Matkul : TIA100 Nim : 11191
[TRACE] 23-07-2019 12:02:32.032 SERVICE-REGISTRASI-MATAKULIAH - Service ADD find Regis: Optional.empty
[TRACE] 23-07-2019 12:02:33.033 SERVICE-REGISTRASI-MATAKULIAH - Service ADD find Regis 2: Optional.empty
[TRACE] 23-07-2019 12:02:33.033 SERVICE-REGISTRASI-MATAKULIAH - Service ADD Regis Kode and Nim not exist
[TRACE] 23-07-2019 12:02:33.033 SERVICE-REGISTRASI-MATAKULIAH - Repo ADD Registrasi Matakuliah Mhs : TIA100B
[TRACE] 23-07-2019 12:02:33.033 SERVICE-REGISTRASI-MATAKULIAH - Repo ADD Registrasi Matakuliah Mhs : 11191
[TRACE] 23-07-2019 12:02:37.037 SERVICE-REGISTRASI-MATAKULIAH - Success ADD
[TRACE] 23-07-2019 12:02:37.037 SERVICE-REGISTRASI-MATAKULIAH - Masuk Error Code: SIA-01-200

[TRACE] 23-07-2019 12:02:49.049 CONTROLLER-REGISTRASI-MATAKULIAH - ADD
[TRACE] 23-07-2019 12:02:49.049 SERVICE-REGISTRASI-MATAKULIAH - Service ADD
[TRACE] 23-07-2019 12:02:49.049 SERVICE-REGISTRASI-MATAKULIAH - Service ADD Regis Kode Kelas : TIA100A Kode Matkul : TIA100 Nim : 11191
[TRACE] 23-07-2019 12:02:49.049 SERVICE-REGISTRASI-MATAKULIAH - Service ADD find Regis: Optional.empty
[TRACE] 23-07-2019 12:02:50.050 SERVICE-REGISTRASI-MATAKULIAH - Service ADD find Regis 2: Optional[com.siapti.service.registrasimatakuliah.model.RegistrasiMatakuliah@426fef75]
[TRACE] 23-07-2019 12:02:50.050 SERVICE-REGISTRASI-MATAKULIAH - Service ADD Kode Matakuliah and Nim exist
[TRACE] 23-07-2019 12:02:50.050 SERVICE-REGISTRASI-MATAKULIAH - Masuk Error Code: SIA-06-300

[TRACE] 23-07-2019 12:03:22.022 CONTROLLER-REGISTRASI-MATAKULIAH - ADD
[TRACE] 23-07-2019 12:03:22.022 SERVICE-REGISTRASI-MATAKULIAH - Service ADD
[TRACE] 23-07-2019 12:03:22.022 SERVICE-REGISTRASI-MATAKULIAH - Service ADD Regis Kode Kelas : TIA101A Kode Matkul : TIA101 Nim : 11191
[TRACE] 23-07-2019 12:03:22.022 SERVICE-REGISTRASI-MATAKULIAH - Service ADD find Regis: Optional.empty
[TRACE] 23-07-2019 12:03:22.022 SERVICE-REGISTRASI-MATAKULIAH - Service ADD find Regis 2: Optional.empty
[TRACE] 23-07-2019 12:03:22.022 SERVICE-REGISTRASI-MATAKULIAH - Service ADD Regis Kode and Nim not exist
[TRACE] 23-07-2019 12:03:22.022 SERVICE-REGISTRASI-MATAKULIAH - Repo ADD Registrasi Matakuliah Mhs : TIA101A
[TRACE] 23-07-2019 12:03:22.022 SERVICE-REGISTRASI-MATAKULIAH - Repo ADD Registrasi Matakuliah Mhs : 11191
[TRACE] 23-07-2019 12:03:23.023 SERVICE-REGISTRASI-MATAKULIAH - Success ADD
[TRACE] 23-07-2019 12:03:23.023 SERVICE-REGISTRASI-MATAKULIAH - Masuk Error Code: SIA-01-200

[TRACE] 23-07-2019 12:03:52.052 CONTROLLER-REGISTRASI-MATAKULIAH - ADD
[TRACE] 23-07-2019 12:03:52.052 SERVICE-REGISTRASI-MATAKULIAH - Service ADD
[TRACE] 23-07-2019 12:03:52.052 SERVICE-REGISTRASI-MATAKULIAH - Service ADD Regis Kode Kelas : TIA104A Kode Matkul : TIA104 Nim : 11191
[TRACE] 23-07-2019 12:03:52.052 SERVICE-REGISTRASI-MATAKULIAH - Service ADD find Regis: Optional.empty
[TRACE] 23-07-2019 12:03:52.052 SERVICE-REGISTRASI-MATAKULIAH - Service ADD find Regis 2: Optional.empty
[TRACE] 23-07-2019 12:03:52.052 SERVICE-REGISTRASI-MATAKULIAH - Service ADD Regis Kode and Nim not exist
[TRACE] 23-07-2019 12:03:52.052 SERVICE-REGISTRASI-MATAKULIAH - Repo ADD Registrasi Matakuliah Mhs : TIA104A
[TRACE] 23-07-2019 12:03:52.052 SERVICE-REGISTRASI-MATAKULIAH - Repo ADD Registrasi Matakuliah Mhs : 11191
[TRACE] 23-07-2019 12:03:53.053 SERVICE-REGISTRASI-MATAKULIAH - Success ADD
[TRACE] 23-07-2019 12:03:53.053 SERVICE-REGISTRASI-MATAKULIAH - Masuk Error Code: SIA-01-200

[TRACE] 23-07-2019 12:04:01.001 CONTROLLER-REGISTRASI-MATAKULIAH - ADD
[TRACE] 23-07-2019 12:04:01.001 SERVICE-REGISTRASI-MATAKULIAH - Service ADD
[TRACE] 23-07-2019 12:04:01.001 SERVICE-REGISTRASI-MATAKULIAH - Service ADD Regis Kode Kelas : TIA102A Kode Matkul : TIA102 Nim : 11191
[TRACE] 23-07-2019 12:04:01.001 SERVICE-REGISTRASI-MATAKULIAH - Service ADD find Regis: Optional.empty
[TRACE] 23-07-2019 12:04:01.001 SERVICE-REGISTRASI-MATAKULIAH - Service ADD find Regis 2: Optional.empty
[TRACE] 23-07-2019 12:04:01.001 SERVICE-REGISTRASI-MATAKULIAH - Service ADD Regis Kode and Nim not exist
[TRACE] 23-07-2019 12:04:01.001 SERVICE-REGISTRASI-MATAKULIAH - Repo ADD Registrasi Matakuliah Mhs : TIA102A
[TRACE] 23-07-2019 12:04:01.001 SERVICE-REGISTRASI-MATAKULIAH - Repo ADD Registrasi Matakuliah Mhs : 11191
[TRACE] 23-07-2019 12:04:01.001 SERVICE-REGISTRASI-MATAKULIAH - Success ADD
[TRACE] 23-07-2019 12:04:01.001 SERVICE-REGISTRASI-MATAKULIAH - Masuk Error Code: SIA-01-200

[TRACE] 23-07-2019 12:04:16.016 CONTROLLER-REGISTRASI-MATAKULIAH - ADD
[TRACE] 23-07-2019 12:04:16.016 SERVICE-REGISTRASI-MATAKULIAH - Service ADD
[TRACE] 23-07-2019 12:04:16.016 SERVICE-REGISTRASI-MATAKULIAH - Service ADD Regis Kode Kelas : TIA101A Kode Matkul : TIA101 Nim : 11192
[TRACE] 23-07-2019 12:04:16.016 SERVICE-REGISTRASI-MATAKULIAH - Service ADD find Regis: Optional.empty
[TRACE] 23-07-2019 12:04:16.016 SERVICE-REGISTRASI-MATAKULIAH - Service ADD find Regis 2: Optional.empty
[TRACE] 23-07-2019 12:04:16.016 SERVICE-REGISTRASI-MATAKULIAH - Service ADD Regis Kode and Nim not exist
[TRACE] 23-07-2019 12:04:16.016 SERVICE-REGISTRASI-MATAKULIAH - Repo ADD Registrasi Matakuliah Mhs : TIA101A
[TRACE] 23-07-2019 12:04:16.016 SERVICE-REGISTRASI-MATAKULIAH - Repo ADD Registrasi Matakuliah Mhs : 11192
[TRACE] 23-07-2019 12:04:16.016 SERVICE-REGISTRASI-MATAKULIAH - Success ADD
[TRACE] 23-07-2019 12:04:16.016 SERVICE-REGISTRASI-MATAKULIAH - Masuk Error Code: SIA-01-200

[TRACE] 23-07-2019 12:04:18.018 CONTROLLER-REGISTRASI-MATAKULIAH - ADD
[TRACE] 23-07-2019 12:04:18.018 SERVICE-REGISTRASI-MATAKULIAH - Service ADD
[TRACE] 23-07-2019 12:04:18.018 SERVICE-REGISTRASI-MATAKULIAH - Service ADD Regis Kode Kelas : TIA104A Kode Matkul : TIA104 Nim : 11192
[TRACE] 23-07-2019 12:04:18.018 SERVICE-REGISTRASI-MATAKULIAH - Service ADD find Regis: Optional.empty
[TRACE] 23-07-2019 12:04:18.018 SERVICE-REGISTRASI-MATAKULIAH - Service ADD find Regis 2: Optional.empty
[TRACE] 23-07-2019 12:04:18.018 SERVICE-REGISTRASI-MATAKULIAH - Service ADD Regis Kode and Nim not exist
[TRACE] 23-07-2019 12:04:18.018 SERVICE-REGISTRASI-MATAKULIAH - Repo ADD Registrasi Matakuliah Mhs : TIA104A
[TRACE] 23-07-2019 12:04:18.018 SERVICE-REGISTRASI-MATAKULIAH - Repo ADD Registrasi Matakuliah Mhs : 11192
[TRACE] 23-07-2019 12:04:18.018 SERVICE-REGISTRASI-MATAKULIAH - Success ADD
[TRACE] 23-07-2019 12:04:18.018 SERVICE-REGISTRASI-MATAKULIAH - Masuk Error Code: SIA-01-200

[TRACE] 23-07-2019 12:04:22.022 CONTROLLER-REGISTRASI-MATAKULIAH - ADD
[TRACE] 23-07-2019 12:04:22.022 SERVICE-REGISTRASI-MATAKULIAH - Service ADD
[TRACE] 23-07-2019 12:04:22.022 SERVICE-REGISTRASI-MATAKULIAH - Service ADD Regis Kode Kelas : TIA100B Kode Matkul : TIA100 Nim : 11192
[TRACE] 23-07-2019 12:04:22.022 SERVICE-REGISTRASI-MATAKULIAH - Service ADD find Regis: Optional.empty
[TRACE] 23-07-2019 12:04:22.022 SERVICE-REGISTRASI-MATAKULIAH - Service ADD find Regis 2: Optional.empty
[TRACE] 23-07-2019 12:04:22.022 SERVICE-REGISTRASI-MATAKULIAH - Service ADD Regis Kode and Nim not exist
[TRACE] 23-07-2019 12:04:22.022 SERVICE-REGISTRASI-MATAKULIAH - Repo ADD Registrasi Matakuliah Mhs : TIA100B
[TRACE] 23-07-2019 12:04:22.022 SERVICE-REGISTRASI-MATAKULIAH - Repo ADD Registrasi Matakuliah Mhs : 11192
[TRACE] 23-07-2019 12:04:22.022 SERVICE-REGISTRASI-MATAKULIAH - Success ADD
[TRACE] 23-07-2019 12:04:22.022 SERVICE-REGISTRASI-MATAKULIAH - Masuk Error Code: SIA-01-200

[TRACE] 23-07-2019 12:04:56.056 CONTROLLER-REGISTRASI-MATAKULIAH - ADD
[TRACE] 23-07-2019 12:04:56.056 SERVICE-REGISTRASI-MATAKULIAH - Service ADD
[TRACE] 23-07-2019 12:04:56.056 SERVICE-REGISTRASI-MATAKULIAH - Service ADD Regis Kode Kelas : TIA100B Kode Matkul : TIA100 Nim : 11193
[TRACE] 23-07-2019 12:04:56.056 SERVICE-REGISTRASI-MATAKULIAH - Service ADD find Regis: Optional.empty
[TRACE] 23-07-2019 12:04:56.056 SERVICE-REGISTRASI-MATAKULIAH - Service ADD find Regis 2: Optional.empty
[TRACE] 23-07-2019 12:04:56.056 SERVICE-REGISTRASI-MATAKULIAH - Service ADD Regis Kode and Nim not exist
[TRACE] 23-07-2019 12:04:56.056 SERVICE-REGISTRASI-MATAKULIAH - Repo ADD Registrasi Matakuliah Mhs : TIA100B
[TRACE] 23-07-2019 12:04:56.056 SERVICE-REGISTRASI-MATAKULIAH - Repo ADD Registrasi Matakuliah Mhs : 11193
[TRACE] 23-07-2019 12:04:56.056 SERVICE-REGISTRASI-MATAKULIAH - Success ADD
[TRACE] 23-07-2019 12:04:56.056 SERVICE-REGISTRASI-MATAKULIAH - Masuk Error Code: SIA-01-200

[TRACE] 23-07-2019 12:04:58.058 CONTROLLER-REGISTRASI-MATAKULIAH - ADD
[TRACE] 23-07-2019 12:04:58.058 SERVICE-REGISTRASI-MATAKULIAH - Service ADD
[TRACE] 23-07-2019 12:04:58.058 SERVICE-REGISTRASI-MATAKULIAH - Service ADD Regis Kode Kelas : TIA104A Kode Matkul : TIA104 Nim : 11193
[TRACE] 23-07-2019 12:04:58.058 SERVICE-REGISTRASI-MATAKULIAH - Service ADD find Regis: Optional.empty
[TRACE] 23-07-2019 12:04:58.058 SERVICE-REGISTRASI-MATAKULIAH - Service ADD find Regis 2: Optional.empty
[TRACE] 23-07-2019 12:04:58.058 SERVICE-REGISTRASI-MATAKULIAH - Service ADD Regis Kode and Nim not exist
[TRACE] 23-07-2019 12:04:58.058 SERVICE-REGISTRASI-MATAKULIAH - Repo ADD Registrasi Matakuliah Mhs : TIA104A
[TRACE] 23-07-2019 12:04:58.058 SERVICE-REGISTRASI-MATAKULIAH - Repo ADD Registrasi Matakuliah Mhs : 11193
[TRACE] 23-07-2019 12:04:58.058 SERVICE-REGISTRASI-MATAKULIAH - Success ADD
[TRACE] 23-07-2019 12:04:58.058 SERVICE-REGISTRASI-MATAKULIAH - Masuk Error Code: SIA-01-200

[TRACE] 23-07-2019 12:04:59.059 CONTROLLER-REGISTRASI-MATAKULIAH - ADD
[TRACE] 23-07-2019 12:04:59.059 SERVICE-REGISTRASI-MATAKULIAH - Service ADD
[TRACE] 23-07-2019 12:04:59.059 SERVICE-REGISTRASI-MATAKULIAH - Service ADD Regis Kode Kelas : TIA102A Kode Matkul : TIA102 Nim : 11193
[TRACE] 23-07-2019 12:04:59.059 SERVICE-REGISTRASI-MATAKULIAH - Service ADD find Regis: Optional.empty
[TRACE] 23-07-2019 12:04:59.059 SERVICE-REGISTRASI-MATAKULIAH - Service ADD find Regis 2: Optional.empty
[TRACE] 23-07-2019 12:04:59.059 SERVICE-REGISTRASI-MATAKULIAH - Service ADD Regis Kode and Nim not exist
[TRACE] 23-07-2019 12:04:59.059 SERVICE-REGISTRASI-MATAKULIAH - Repo ADD Registrasi Matakuliah Mhs : TIA102A
[TRACE] 23-07-2019 12:04:59.059 SERVICE-REGISTRASI-MATAKULIAH - Repo ADD Registrasi Matakuliah Mhs : 11193
[TRACE] 23-07-2019 12:04:59.059 SERVICE-REGISTRASI-MATAKULIAH - Success ADD
[TRACE] 23-07-2019 12:04:59.059 SERVICE-REGISTRASI-MATAKULIAH - Masuk Error Code: SIA-01-200

[TRACE] 23-07-2019 12:05:32.032 CONTROLLER-REGISTRASI-MATAKULIAH - ADD
[TRACE] 23-07-2019 12:05:32.032 SERVICE-REGISTRASI-MATAKULIAH - Service ADD
[TRACE] 23-07-2019 12:05:32.032 SERVICE-REGISTRASI-MATAKULIAH - Service ADD Regis Kode Kelas : TIA101A Kode Matkul : TIA101 Nim : 11194
[TRACE] 23-07-2019 12:05:32.032 SERVICE-REGISTRASI-MATAKULIAH - Service ADD find Regis: Optional.empty
[TRACE] 23-07-2019 12:05:32.032 SERVICE-REGISTRASI-MATAKULIAH - Service ADD find Regis 2: Optional.empty
[TRACE] 23-07-2019 12:05:32.032 SERVICE-REGISTRASI-MATAKULIAH - Service ADD Regis Kode and Nim not exist
[TRACE] 23-07-2019 12:05:32.032 SERVICE-REGISTRASI-MATAKULIAH - Repo ADD Registrasi Matakuliah Mhs : TIA101A
[TRACE] 23-07-2019 12:05:32.032 SERVICE-REGISTRASI-MATAKULIAH - Repo ADD Registrasi Matakuliah Mhs : 11194
[TRACE] 23-07-2019 12:05:32.032 SERVICE-REGISTRASI-MATAKULIAH - Success ADD
[TRACE] 23-07-2019 12:05:32.032 SERVICE-REGISTRASI-MATAKULIAH - Masuk Error Code: SIA-01-200

[TRACE] 23-07-2019 12:05:34.034 CONTROLLER-REGISTRASI-MATAKULIAH - ADD
[TRACE] 23-07-2019 12:05:34.034 SERVICE-REGISTRASI-MATAKULIAH - Service ADD
[TRACE] 23-07-2019 12:05:34.034 SERVICE-REGISTRASI-MATAKULIAH - Service ADD Regis Kode Kelas : TIA104A Kode Matkul : TIA104 Nim : 11194
[TRACE] 23-07-2019 12:05:34.034 SERVICE-REGISTRASI-MATAKULIAH - Service ADD find Regis: Optional.empty
[TRACE] 23-07-2019 12:05:34.034 SERVICE-REGISTRASI-MATAKULIAH - Service ADD find Regis 2: Optional.empty
[TRACE] 23-07-2019 12:05:34.034 SERVICE-REGISTRASI-MATAKULIAH - Service ADD Regis Kode and Nim not exist
[TRACE] 23-07-2019 12:05:34.034 SERVICE-REGISTRASI-MATAKULIAH - Repo ADD Registrasi Matakuliah Mhs : TIA104A
[TRACE] 23-07-2019 12:05:34.034 SERVICE-REGISTRASI-MATAKULIAH - Repo ADD Registrasi Matakuliah Mhs : 11194
[TRACE] 23-07-2019 12:05:34.034 SERVICE-REGISTRASI-MATAKULIAH - Success ADD
[TRACE] 23-07-2019 12:05:34.034 SERVICE-REGISTRASI-MATAKULIAH - Masuk Error Code: SIA-01-200

[TRACE] 23-07-2019 12:05:35.035 CONTROLLER-REGISTRASI-MATAKULIAH - ADD
[TRACE] 23-07-2019 12:05:35.035 SERVICE-REGISTRASI-MATAKULIAH - Service ADD
[TRACE] 23-07-2019 12:05:35.035 SERVICE-REGISTRASI-MATAKULIAH - Service ADD Regis Kode Kelas : TIA102A Kode Matkul : TIA102 Nim : 11194
[TRACE] 23-07-2019 12:05:35.035 SERVICE-REGISTRASI-MATAKULIAH - Service ADD find Regis: Optional.empty
[TRACE] 23-07-2019 12:05:35.035 SERVICE-REGISTRASI-MATAKULIAH - Service ADD find Regis 2: Optional.empty
[TRACE] 23-07-2019 12:05:35.035 SERVICE-REGISTRASI-MATAKULIAH - Service ADD Regis Kode and Nim not exist
[TRACE] 23-07-2019 12:05:35.035 SERVICE-REGISTRASI-MATAKULIAH - Repo ADD Registrasi Matakuliah Mhs : TIA102A
[TRACE] 23-07-2019 12:05:35.035 SERVICE-REGISTRASI-MATAKULIAH - Repo ADD Registrasi Matakuliah Mhs : 11194
[TRACE] 23-07-2019 12:05:36.036 SERVICE-REGISTRASI-MATAKULIAH - Success ADD
[TRACE] 23-07-2019 12:05:36.036 SERVICE-REGISTRASI-MATAKULIAH - Masuk Error Code: SIA-01-200

[TRACE] 29-07-2019 01:58:25.025 CONTROLLER-REGISTRASI-MATAKULIAH - ADD
[TRACE] 29-07-2019 01:58:25.025 SERVICE-REGISTRASI-MATAKULIAH - Service ADD
[TRACE] 29-07-2019 01:58:25.025 SERVICE-REGISTRASI-MATAKULIAH - Service ADD Regis Kode Kelas : TIA102A Kode Matkul : TIA102 Nim : 11191
[TRACE] 29-07-2019 01:58:25.025 SERVICE-REGISTRASI-MATAKULIAH - Service ADD find Regis: Optional[com.siapti.service.registrasimatakuliah.model.RegistrasiMatakuliah@742f520f]
[TRACE] 29-07-2019 01:58:26.026 SERVICE-REGISTRASI-MATAKULIAH - Service ADD find Regis 2: Optional[com.siapti.service.registrasimatakuliah.model.RegistrasiMatakuliah@742f520f]
[TRACE] 29-07-2019 01:58:26.026 SERVICE-REGISTRASI-MATAKULIAH - Service ADD Regis Kode and Nim exist
[TRACE] 29-07-2019 01:58:26.026 SERVICE-REGISTRASI-MATAKULIAH - Masuk Error Code: SIA-01-300

[TRACE] 29-07-2019 02:00:52.052 CONTROLLER-REGISTRASI-MATAKULIAH - ADD
[TRACE] 29-07-2019 02:00:52.052 SERVICE-REGISTRASI-MATAKULIAH - Service ADD
[TRACE] 29-07-2019 02:00:52.052 SERVICE-REGISTRASI-MATAKULIAH - Service ADD Regis Kode Kelas : TIA102A Kode Matkul : TIA102 Nim : 11191
[TRACE] 29-07-2019 02:00:52.052 SERVICE-REGISTRASI-MATAKULIAH - Service ADD find Regis: Optional.empty
[TRACE] 29-07-2019 02:00:52.052 SERVICE-REGISTRASI-MATAKULIAH - Service ADD find Regis 2: Optional.empty
[TRACE] 29-07-2019 02:00:52.052 SERVICE-REGISTRASI-MATAKULIAH - Service ADD Regis Kode and Nim not exist
[TRACE] 29-07-2019 02:00:52.052 SERVICE-REGISTRASI-MATAKULIAH - Repo ADD Registrasi Matakuliah Mhs : TIA102A
[TRACE] 29-07-2019 02:00:52.052 SERVICE-REGISTRASI-MATAKULIAH - Repo ADD Registrasi Matakuliah Mhs : 11191
[TRACE] 29-07-2019 02:00:52.052 SERVICE-REGISTRASI-MATAKULIAH - Success ADD
[TRACE] 29-07-2019 02:00:52.052 SERVICE-REGISTRASI-MATAKULIAH - Masuk Error Code: SIA-01-200
