
[TRACE] 01-07-2019 03:25:22.022 CONTROLLER-STAFF - FIND ALL Header Client : siapti Param Pageable : Page request [number: 0, size 10, sort: nip: ASC]

[TRACE] 01-07-2019 03:25:44.044 CONTROLLER-STAFF - ADD
[TRACE] 01-07-2019 03:25:44.044 SERVICE-STAFF - Service ADD
[TRACE] 01-07-2019 03:25:44.044 SERVICE-STAFF - Service ADD : $2a$10$mCXAS0EHOLDWDOkiIfOdoOrL.rv7PpuZ0eB3IXUiK.A880ihyyL66
[TRACE] 01-07-2019 03:25:44.044 SERVICE-STAFF - Service ADD : null
[TRACE] 01-07-2019 03:25:44.044 SERVICE-STAFF - Service ADD NIP : 1001
[TRACE] 01-07-2019 03:25:44.044 SERVICE-STAFF - Service ADD find : Optional.empty
[TRACE] 01-07-2019 03:25:44.044 SERVICE-STAFF - Service ADD NIP not exist

[TRACE] 01-07-2019 03:25:47.047 CONTROLLER-STAFF - FIND ALL Header Client : siapti Param Pageable : Page request [number: 0, size 10, sort: nip: ASC]

[TRACE] 01-07-2019 03:27:13.013 CONTROLLER-STAFF - FIND ALL Header Client : siapti Param Pageable : Page request [number: 0, size 10, sort: nip: ASC]

[TRACE] 01-07-2019 03:27:35.035 CONTROLLER-STAFF - ADD
[TRACE] 01-07-2019 03:27:35.035 SERVICE-STAFF - Service ADD
[TRACE] 01-07-2019 03:27:35.035 SERVICE-STAFF - Service ADD : $2a$10$K2OZzgpUbFI5HzBY3nuCX.87QYapg8Nmd/ysvMj88MYJ47DKDCoWG
[TRACE] 01-07-2019 03:27:35.035 SERVICE-STAFF - Service ADD : 09-12-1974
[TRACE] 01-07-2019 03:27:35.035 SERVICE-STAFF - Service ADD NIP : 1001
[TRACE] 01-07-2019 03:27:35.035 SERVICE-STAFF - Service ADD find : Optional.empty
[TRACE] 01-07-2019 03:27:35.035 SERVICE-STAFF - Service ADD NIP not exist

[TRACE] 01-07-2019 03:28:16.016 CONTROLLER-STAFF - FIND ALL Header Client : siapti Param Pageable : Page request [number: 0, size 10, sort: nip: ASC]

[TRACE] 01-07-2019 03:29:49.049 CONTROLLER-STAFF - ADD
[TRACE] 01-07-2019 03:29:49.049 SERVICE-STAFF - Service ADD
[TRACE] 01-07-2019 03:29:49.049 SERVICE-STAFF - Service ADD : $2a$10$quTDPENOMdzVJpRrgyAXje4dmSllQ1rMKl0KWUiHoT58eKPCWPnHS
[TRACE] 01-07-2019 03:29:49.049 SERVICE-STAFF - Service ADD : 1974-12-03
[TRACE] 01-07-2019 03:29:49.049 SERVICE-STAFF - Service ADD NIP : 1001
[TRACE] 01-07-2019 03:29:49.049 SERVICE-STAFF - Service ADD find : Optional.empty
[TRACE] 01-07-2019 03:29:49.049 SERVICE-STAFF - Service ADD NIP not exist
[TRACE] 01-07-2019 03:29:49.049 SERVICE-STAFF - Success ADD
[TRACE] 01-07-2019 03:29:49.049 SERVICE-STAFF - Success AFter Add

[TRACE] 01-07-2019 03:30:31.031 CONTROLLER-STAFF - ADD
[TRACE] 01-07-2019 03:30:31.031 SERVICE-STAFF - Service ADD
[TRACE] 01-07-2019 03:30:31.031 SERVICE-STAFF - Service ADD : $2a$10$o30ET2krzTlK3pDJo2HaNe6mP5WTIHVR/95R6VDlVI1WGdBk2DaMW
[TRACE] 01-07-2019 03:30:31.031 SERVICE-STAFF - Service ADD : 1992-12-09
[TRACE] 01-07-2019 03:30:31.031 SERVICE-STAFF - Service ADD NIP : 1002
[TRACE] 01-07-2019 03:30:31.031 SERVICE-STAFF - Service ADD find : Optional.empty
[TRACE] 01-07-2019 03:30:31.031 SERVICE-STAFF - Service ADD NIP not exist
[TRACE] 01-07-2019 03:30:32.032 SERVICE-STAFF - Success ADD
[TRACE] 01-07-2019 03:30:32.032 SERVICE-STAFF - Success AFter Add

[TRACE] 01-07-2019 03:30:35.035 CONTROLLER-STAFF - FIND ALL Header Client : siapti Param Pageable : Page request [number: 0, size 10, sort: nip: ASC]

[TRACE] 01-07-2019 03:30:57.057 CONTROLLER-STAFF - FIND ALL Header Client : siapti Param Pageable : Page request [number: 0, size 10, sort: nip: ASC]

[TRACE] 01-07-2019 03:31:07.007 CONTROLLER-STAFF - FIND ALL Header Client : siapti Param Pageable : Page request [number: 0, size 10, sort: nip: ASC]

[TRACE] 01-07-2019 03:31:47.047 CONTROLLER-STAFF - ADD
[TRACE] 01-07-2019 03:31:47.047 SERVICE-STAFF - Service ADD
[TRACE] 01-07-2019 03:31:47.047 SERVICE-STAFF - Service ADD : $2a$10$SZLskZp2J/D9jIojszFAiOI10fL.f0cwPROmpeyesvpOgNUYl1dk6
[TRACE] 01-07-2019 03:31:47.047 SERVICE-STAFF - Service ADD : 1977-12-13
[TRACE] 01-07-2019 03:31:47.047 SERVICE-STAFF - Service ADD NIP : 1003
[TRACE] 01-07-2019 03:31:47.047 SERVICE-STAFF - Service ADD find : Optional.empty
[TRACE] 01-07-2019 03:31:47.047 SERVICE-STAFF - Service ADD NIP not exist
[TRACE] 01-07-2019 03:31:47.047 SERVICE-STAFF - Success ADD
[TRACE] 01-07-2019 03:31:47.047 SERVICE-STAFF - Success AFter Add

[TRACE] 01-07-2019 03:31:49.049 CONTROLLER-STAFF - FIND ALL Header Client : siapti Param Pageable : Page request [number: 0, size 10, sort: nip: ASC]

[TRACE] 01-07-2019 03:31:51.051 CONTROLLER-STAFF - DETAIL Header Client : siapti Param Nip : 1003
[TRACE] 01-07-2019 03:31:51.051 SERVICE-STAFF - DETAIL
[INFO ] 01-07-2019 03:31:51.051 SERVICE-STAFF - DETAIL SUKSES

[TRACE] 01-07-2019 03:31:58.058 CONTROLLER-STAFF - DETAIL Header Client : siapti Param Nip : 1003
[TRACE] 01-07-2019 03:31:58.058 SERVICE-STAFF - DETAIL
[INFO ] 01-07-2019 03:31:58.058 SERVICE-STAFF - DETAIL SUKSES

[TRACE] 01-07-2019 03:32:02.002 CONTROLLER-STAFF - DETAIL Header Client : siapti Param Nip : 1003
[TRACE] 01-07-2019 03:32:02.002 SERVICE-STAFF - DETAIL
[INFO ] 01-07-2019 03:32:02.002 SERVICE-STAFF - DETAIL SUKSES

[TRACE] 01-07-2019 03:33:33.033 CONTROLLER-STAFF - FIND ALL Header Client : siapti Param Pageable : Page request [number: 0, size 10, sort: nip: ASC]

[TRACE] 01-07-2019 03:34:14.014 CONTROLLER-STAFF - ADD
[TRACE] 01-07-2019 03:34:14.014 SERVICE-STAFF - Service ADD
[TRACE] 01-07-2019 03:34:14.014 SERVICE-STAFF - Service ADD : $2a$10$Zs2SB2ZIAT4a5tfjCsCdWenLJLSneoInRRBsH2gdx9iHLZ2N/DHxy
[TRACE] 01-07-2019 03:34:14.014 SERVICE-STAFF - Service ADD : 1974-03-12
[TRACE] 01-07-2019 03:34:14.014 SERVICE-STAFF - Service ADD NIP : 1004
[TRACE] 01-07-2019 03:34:14.014 SERVICE-STAFF - Service ADD find : Optional.empty
[TRACE] 01-07-2019 03:34:14.014 SERVICE-STAFF - Service ADD NIP not exist
[TRACE] 01-07-2019 03:34:14.014 SERVICE-STAFF - Success ADD
[TRACE] 01-07-2019 03:34:14.014 SERVICE-STAFF - Success AFter Add

[TRACE] 01-07-2019 03:34:19.019 CONTROLLER-STAFF - FIND ALL Header Client : siapti Param Pageable : Page request [number: 0, size 10, sort: nip: ASC]

[TRACE] 01-07-2019 03:35:33.033 CONTROLLER-STAFF - ADD
[TRACE] 01-07-2019 03:35:33.033 SERVICE-STAFF - Service ADD
[TRACE] 01-07-2019 03:35:33.033 SERVICE-STAFF - Service ADD : $2a$10$HdwpBxb3vLSq49aAxlAJiu.I6JMgSDB.8HSuKp6uF.UHXoUgDQmP2
[TRACE] 01-07-2019 03:35:33.033 SERVICE-STAFF - Service ADD : 1992-12-18
[TRACE] 01-07-2019 03:35:33.033 SERVICE-STAFF - Service ADD NIP : 1005
[TRACE] 01-07-2019 03:35:33.033 SERVICE-STAFF - Service ADD find : Optional.empty
[TRACE] 01-07-2019 03:35:33.033 SERVICE-STAFF - Service ADD NIP not exist
[TRACE] 01-07-2019 03:35:33.033 SERVICE-STAFF - Success ADD
[TRACE] 01-07-2019 03:35:33.033 SERVICE-STAFF - Success AFter Add

[TRACE] 01-07-2019 03:35:36.036 CONTROLLER-STAFF - FIND ALL Header Client : siapti Param Pageable : Page request [number: 0, size 10, sort: nip: ASC]

[TRACE] 01-07-2019 03:36:02.002 CONTROLLER-STAFF - FIND ALL Header Client : siapti Param Pageable : Page request [number: 0, size 10, sort: nip: ASC]

[TRACE] 01-07-2019 03:36:29.029 CONTROLLER-STAFF - FIND ALL Header Client : siapti Param Pageable : Page request [number: 0, size 10, sort: nip: ASC]

[TRACE] 01-07-2019 03:40:16.016 CONTROLLER-STAFF - ADD
[TRACE] 01-07-2019 03:40:16.016 SERVICE-STAFF - Service ADD
[TRACE] 01-07-2019 03:40:16.016 SERVICE-STAFF - Service ADD : $2a$10$dFYRtsV9rE61s4CJnKATX.CMAWpDwPExK3CvJdKSvHKYrjmUUkuRy
[TRACE] 01-07-2019 03:40:16.016 SERVICE-STAFF - Service ADD : 1981-05-12
[TRACE] 01-07-2019 03:40:16.016 SERVICE-STAFF - Service ADD NIP : 1006
[TRACE] 01-07-2019 03:40:16.016 SERVICE-STAFF - Service ADD find : Optional.empty
[TRACE] 01-07-2019 03:40:16.016 SERVICE-STAFF - Service ADD NIP not exist
[TRACE] 01-07-2019 03:40:16.016 SERVICE-STAFF - Success ADD
[TRACE] 01-07-2019 03:40:16.016 SERVICE-STAFF - Success AFter Add

[TRACE] 01-07-2019 03:40:58.058 CONTROLLER-STAFF - ADD
[TRACE] 01-07-2019 03:40:58.058 SERVICE-STAFF - Service ADD
[TRACE] 01-07-2019 03:40:58.058 SERVICE-STAFF - Service ADD : $2a$10$AlxdTgM9UdpNPthd8RA3uuHGZRy/C1.eo6GeG99K2fU8DYikxwFhq
[TRACE] 01-07-2019 03:40:58.058 SERVICE-STAFF - Service ADD : 1980-03-29
[TRACE] 01-07-2019 03:40:58.058 SERVICE-STAFF - Service ADD NIP : 1007
[TRACE] 01-07-2019 03:40:58.058 SERVICE-STAFF - Service ADD find : Optional.empty
[TRACE] 01-07-2019 03:40:58.058 SERVICE-STAFF - Service ADD NIP not exist
[TRACE] 01-07-2019 03:40:58.058 SERVICE-STAFF - Success ADD
[TRACE] 01-07-2019 03:40:58.058 SERVICE-STAFF - Success AFter Add

[TRACE] 01-07-2019 03:41:39.039 CONTROLLER-STAFF - ADD
[TRACE] 01-07-2019 03:41:39.039 SERVICE-STAFF - Service ADD
[TRACE] 01-07-2019 03:41:39.039 SERVICE-STAFF - Service ADD : $2a$10$vU5cM3jjXckzg/pKIETtiuFN/WI1ROIqxS0YUtA1gEYp2Rk8FQca6
[TRACE] 01-07-2019 03:41:39.039 SERVICE-STAFF - Service ADD : 1984-12-10
[TRACE] 01-07-2019 03:41:39.039 SERVICE-STAFF - Service ADD NIP : 1008
[TRACE] 01-07-2019 03:41:39.039 SERVICE-STAFF - Service ADD find : Optional.empty
[TRACE] 01-07-2019 03:41:39.039 SERVICE-STAFF - Service ADD NIP not exist
[TRACE] 01-07-2019 03:41:39.039 SERVICE-STAFF - Success ADD
[TRACE] 01-07-2019 03:41:39.039 SERVICE-STAFF - Success AFter Add

[TRACE] 01-07-2019 03:42:50.050 CONTROLLER-STAFF - ADD
[TRACE] 01-07-2019 03:42:50.050 SERVICE-STAFF - Service ADD
[TRACE] 01-07-2019 03:42:50.050 SERVICE-STAFF - Service ADD : $2a$10$/jdqUaF0JXXnhURQW49NJuFMqpvHcDZXRUKs.UtAEmqIE4E2sryYa
[TRACE] 01-07-2019 03:42:50.050 SERVICE-STAFF - Service ADD : 1980-12-09
[TRACE] 01-07-2019 03:42:50.050 SERVICE-STAFF - Service ADD NIP : 1009
[TRACE] 01-07-2019 03:42:50.050 SERVICE-STAFF - Service ADD find : Optional.empty
[TRACE] 01-07-2019 03:42:50.050 SERVICE-STAFF - Service ADD NIP not exist
[TRACE] 01-07-2019 03:42:50.050 SERVICE-STAFF - Success ADD
[TRACE] 01-07-2019 03:42:50.050 SERVICE-STAFF - Success AFter Add

[TRACE] 01-07-2019 03:43:38.038 CONTROLLER-STAFF - ADD
[TRACE] 01-07-2019 03:43:38.038 SERVICE-STAFF - Service ADD
[TRACE] 01-07-2019 03:43:38.038 SERVICE-STAFF - Service ADD : $2a$10$M5j2hUhxu5vywmzxKfvj0em0IUOpJGLUShEB7/KlQANo9vwlyCd3W
[TRACE] 01-07-2019 03:43:38.038 SERVICE-STAFF - Service ADD : 1984-09-18
[TRACE] 01-07-2019 03:43:38.038 SERVICE-STAFF - Service ADD NIP : 1010
[TRACE] 01-07-2019 03:43:38.038 SERVICE-STAFF - Service ADD find : Optional.empty
[TRACE] 01-07-2019 03:43:38.038 SERVICE-STAFF - Service ADD NIP not exist
[TRACE] 01-07-2019 03:43:38.038 SERVICE-STAFF - Success ADD
[TRACE] 01-07-2019 03:43:38.038 SERVICE-STAFF - Success AFter Add

[TRACE] 01-07-2019 03:43:40.040 CONTROLLER-STAFF - FIND ALL Header Client : siapti Param Pageable : Page request [number: 0, size 10, sort: nip: ASC]

[TRACE] 01-07-2019 03:43:42.042 CONTROLLER-STAFF - FIND ALL Header Client : siapti Param Pageable : Page request [number: 1, size 10, sort: nip: ASC]

[TRACE] 01-07-2019 03:43:45.045 CONTROLLER-STAFF - FIND ALL Header Client : siapti Param Pageable : Page request [number: 0, size 10, sort: nip: ASC]

[TRACE] 01-07-2019 03:44:48.048 CONTROLLER-STAFF - ADD
[TRACE] 01-07-2019 03:44:48.048 SERVICE-STAFF - Service ADD
[TRACE] 01-07-2019 03:44:48.048 SERVICE-STAFF - Service ADD : $2a$10$9cpakgqGYZiM9ETI6P804.YIxO2ies/2bOPTY8TFvVMalU9PTRBgi
[TRACE] 01-07-2019 03:44:48.048 SERVICE-STAFF - Service ADD : 1985-05-25
[TRACE] 01-07-2019 03:44:48.048 SERVICE-STAFF - Service ADD NIP : 1011
[TRACE] 01-07-2019 03:44:48.048 SERVICE-STAFF - Service ADD find : Optional.empty
[TRACE] 01-07-2019 03:44:48.048 SERVICE-STAFF - Service ADD NIP not exist
[TRACE] 01-07-2019 03:44:48.048 SERVICE-STAFF - Success ADD
[TRACE] 01-07-2019 03:44:48.048 SERVICE-STAFF - Success AFter Add

[TRACE] 01-07-2019 03:45:27.027 CONTROLLER-STAFF - ADD
[TRACE] 01-07-2019 03:45:27.027 SERVICE-STAFF - Service ADD
[TRACE] 01-07-2019 03:45:27.027 SERVICE-STAFF - Service ADD : $2a$10$FnO1/HLyYpGGtzLH53JLBeL96.jUXb4vRXBTwRjf.HOZyh1b9BcKG
[TRACE] 01-07-2019 03:45:27.027 SERVICE-STAFF - Service ADD : 1982-12-06
[TRACE] 01-07-2019 03:45:27.027 SERVICE-STAFF - Service ADD NIP : 1012
[TRACE] 01-07-2019 03:45:27.027 SERVICE-STAFF - Service ADD find : Optional.empty
[TRACE] 01-07-2019 03:45:27.027 SERVICE-STAFF - Service ADD NIP not exist
[TRACE] 01-07-2019 03:45:28.028 SERVICE-STAFF - Success ADD
[TRACE] 01-07-2019 03:45:28.028 SERVICE-STAFF - Success AFter Add

[TRACE] 01-07-2019 03:46:17.017 CONTROLLER-STAFF - ADD
[TRACE] 01-07-2019 03:46:17.017 SERVICE-STAFF - Service ADD
[TRACE] 01-07-2019 03:46:17.017 SERVICE-STAFF - Service ADD : $2a$10$W4dGLVZO6d6VqkQSEhiiz./q/Sa7ndhUSYDq3ggfnFyBieTxOFW4K
[TRACE] 01-07-2019 03:46:17.017 SERVICE-STAFF - Service ADD : 1976-05-11
[TRACE] 01-07-2019 03:46:17.017 SERVICE-STAFF - Service ADD NIP : 1013
[TRACE] 01-07-2019 03:46:17.017 SERVICE-STAFF - Service ADD find : Optional.empty
[TRACE] 01-07-2019 03:46:17.017 SERVICE-STAFF - Service ADD NIP not exist
[TRACE] 01-07-2019 03:46:17.017 SERVICE-STAFF - Success ADD
[TRACE] 01-07-2019 03:46:17.017 SERVICE-STAFF - Success AFter Add

[TRACE] 01-07-2019 03:47:03.003 CONTROLLER-STAFF - ADD
[TRACE] 01-07-2019 03:47:03.003 SERVICE-STAFF - Service ADD
[TRACE] 01-07-2019 03:47:03.003 SERVICE-STAFF - Service ADD : $2a$10$Y1Zn/k2RUTjHm5r0rP.UkOLyTtDOdTyvw4pGbZXMJOUJA438QkYPi
[TRACE] 01-07-2019 03:47:03.003 SERVICE-STAFF - Service ADD : 1982-08-24
[TRACE] 01-07-2019 03:47:03.003 SERVICE-STAFF - Service ADD NIP : 1014
[TRACE] 01-07-2019 03:47:03.003 SERVICE-STAFF - Service ADD find : Optional.empty
[TRACE] 01-07-2019 03:47:03.003 SERVICE-STAFF - Service ADD NIP not exist
[TRACE] 01-07-2019 03:47:03.003 SERVICE-STAFF - Success ADD
[TRACE] 01-07-2019 03:47:03.003 SERVICE-STAFF - Success AFter Add

[TRACE] 01-07-2019 03:47:36.036 CONTROLLER-STAFF - ADD
[TRACE] 01-07-2019 03:47:36.036 SERVICE-STAFF - Service ADD
[TRACE] 01-07-2019 03:47:36.036 SERVICE-STAFF - Service ADD : $2a$10$QA4wM8bGhLvuSWljpmfEnOimSK60CbITItkXGi.GFDl9/cqiA40lC
[TRACE] 01-07-2019 03:47:36.036 SERVICE-STAFF - Service ADD : 1980-12-17
[TRACE] 01-07-2019 03:47:36.036 SERVICE-STAFF - Service ADD NIP : 1015
[TRACE] 01-07-2019 03:47:36.036 SERVICE-STAFF - Service ADD find : Optional.empty
[TRACE] 01-07-2019 03:47:36.036 SERVICE-STAFF - Service ADD NIP not exist
[TRACE] 01-07-2019 03:47:36.036 SERVICE-STAFF - Success ADD
[TRACE] 01-07-2019 03:47:36.036 SERVICE-STAFF - Success AFter Add

[TRACE] 01-07-2019 03:48:30.030 CONTROLLER-STAFF - ADD
[TRACE] 01-07-2019 03:48:30.030 SERVICE-STAFF - Service ADD
[TRACE] 01-07-2019 03:48:30.030 SERVICE-STAFF - Service ADD : $2a$10$1N5FA6qsnSgOdbYCVdmGQeKoXa78hJpoIIeVAFU58e2ASfRuLGb52
[TRACE] 01-07-2019 03:48:30.030 SERVICE-STAFF - Service ADD : 1981-11-22
[TRACE] 01-07-2019 03:48:30.030 SERVICE-STAFF - Service ADD NIP : 1016
[TRACE] 01-07-2019 03:48:30.030 SERVICE-STAFF - Service ADD find : Optional.empty
[TRACE] 01-07-2019 03:48:30.030 SERVICE-STAFF - Service ADD NIP not exist
[TRACE] 01-07-2019 03:48:30.030 SERVICE-STAFF - Success ADD
[TRACE] 01-07-2019 03:48:30.030 SERVICE-STAFF - Success AFter Add

[TRACE] 01-07-2019 03:48:57.057 CONTROLLER-STAFF - ADD
[TRACE] 01-07-2019 03:48:57.057 SERVICE-STAFF - Service ADD
[TRACE] 01-07-2019 03:48:57.057 SERVICE-STAFF - Service ADD : $2a$10$UggItylgm6A17VXavGV6MOhak.cZaypaXgII338qmY5PfywcYWqIC
[TRACE] 01-07-2019 03:48:57.057 SERVICE-STAFF - Service ADD : 1975-06-10
[TRACE] 01-07-2019 03:48:57.057 SERVICE-STAFF - Service ADD NIP : 1017
[TRACE] 01-07-2019 03:48:57.057 SERVICE-STAFF - Service ADD find : Optional.empty
[TRACE] 01-07-2019 03:48:57.057 SERVICE-STAFF - Service ADD NIP not exist
[TRACE] 01-07-2019 03:48:57.057 SERVICE-STAFF - Success ADD
[TRACE] 01-07-2019 03:48:57.057 SERVICE-STAFF - Success AFter Add

[TRACE] 01-07-2019 03:49:35.035 CONTROLLER-STAFF - ADD
[TRACE] 01-07-2019 03:49:35.035 SERVICE-STAFF - Service ADD
[TRACE] 01-07-2019 03:49:35.035 SERVICE-STAFF - Service ADD : $2a$10$fLsY/Iznc1qqnJHO010t.ui.OYpxNHMuCyzEpruPsR/8tBEtHGRa2
[TRACE] 01-07-2019 03:49:35.035 SERVICE-STAFF - Service ADD : 1977-04-09
[TRACE] 01-07-2019 03:49:35.035 SERVICE-STAFF - Service ADD NIP : 1018
[TRACE] 01-07-2019 03:49:35.035 SERVICE-STAFF - Service ADD find : Optional.empty
[TRACE] 01-07-2019 03:49:35.035 SERVICE-STAFF - Service ADD NIP not exist
[TRACE] 01-07-2019 03:49:35.035 SERVICE-STAFF - Success ADD
[TRACE] 01-07-2019 03:49:35.035 SERVICE-STAFF - Success AFter Add

[TRACE] 01-07-2019 03:50:13.013 CONTROLLER-STAFF - ADD
[TRACE] 01-07-2019 03:50:13.013 SERVICE-STAFF - Service ADD
[TRACE] 01-07-2019 03:50:13.013 SERVICE-STAFF - Service ADD : $2a$10$m8Jt1dYj9lJjpV2wEAeOYuuhkf1EwoWDGY1g03v/EgkG68tshkqey
[TRACE] 01-07-2019 03:50:13.013 SERVICE-STAFF - Service ADD : 1980-03-29
[TRACE] 01-07-2019 03:50:13.013 SERVICE-STAFF - Service ADD NIP : 1019
[TRACE] 01-07-2019 03:50:13.013 SERVICE-STAFF - Service ADD find : Optional.empty
[TRACE] 01-07-2019 03:50:13.013 SERVICE-STAFF - Service ADD NIP not exist
[TRACE] 01-07-2019 03:50:13.013 SERVICE-STAFF - Success ADD
[TRACE] 01-07-2019 03:50:13.013 SERVICE-STAFF - Success AFter Add

[TRACE] 01-07-2019 03:50:44.044 CONTROLLER-STAFF - ADD
[TRACE] 01-07-2019 03:50:44.044 SERVICE-STAFF - Service ADD
[TRACE] 01-07-2019 03:50:44.044 SERVICE-STAFF - Service ADD : $2a$10$iRRmnYpynHtsBllbUDteEeSkyzGNjjbRmXsDc935Okss0OnslIk7W
[TRACE] 01-07-2019 03:50:44.044 SERVICE-STAFF - Service ADD : 1980-05-03
[TRACE] 01-07-2019 03:50:44.044 SERVICE-STAFF - Service ADD NIP : 1020
[TRACE] 01-07-2019 03:50:44.044 SERVICE-STAFF - Service ADD find : Optional.empty
[TRACE] 01-07-2019 03:50:44.044 SERVICE-STAFF - Service ADD NIP not exist
[TRACE] 01-07-2019 03:50:44.044 SERVICE-STAFF - Success ADD
[TRACE] 01-07-2019 03:50:44.044 SERVICE-STAFF - Success AFter Add

[TRACE] 01-07-2019 03:51:14.014 CONTROLLER-STAFF - ADD
[TRACE] 01-07-2019 03:51:14.014 SERVICE-STAFF - Service ADD
[TRACE] 01-07-2019 03:51:14.014 SERVICE-STAFF - Service ADD : $2a$10$jhOV06GVolG2lF4vn5nojO2.cStKeN/lWk1XeQtiqVd7ajDP2.0bW
[TRACE] 01-07-2019 03:51:14.014 SERVICE-STAFF - Service ADD : 1983-12-24
[TRACE] 01-07-2019 03:51:14.014 SERVICE-STAFF - Service ADD NIP : 1021
[TRACE] 01-07-2019 03:51:14.014 SERVICE-STAFF - Service ADD find : Optional.empty
[TRACE] 01-07-2019 03:51:14.014 SERVICE-STAFF - Service ADD NIP not exist
[TRACE] 01-07-2019 03:51:14.014 SERVICE-STAFF - Success ADD
[TRACE] 01-07-2019 03:51:14.014 SERVICE-STAFF - Success AFter Add

[TRACE] 01-07-2019 03:51:46.046 CONTROLLER-STAFF - ADD
[TRACE] 01-07-2019 03:51:46.046 SERVICE-STAFF - Service ADD
[TRACE] 01-07-2019 03:51:46.046 SERVICE-STAFF - Service ADD : $2a$10$qfK.Vy./HjbuUUyktS.DFen4zt1vckGJpTqwNEmGywx0cU8KdkmmK
[TRACE] 01-07-2019 03:51:46.046 SERVICE-STAFF - Service ADD : 1980-07-01
[TRACE] 01-07-2019 03:51:46.046 SERVICE-STAFF - Service ADD NIP : 1022
[TRACE] 01-07-2019 03:51:46.046 SERVICE-STAFF - Service ADD find : Optional.empty
[TRACE] 01-07-2019 03:51:46.046 SERVICE-STAFF - Service ADD NIP not exist
[TRACE] 01-07-2019 03:51:47.047 SERVICE-STAFF - Success ADD
[TRACE] 01-07-2019 03:51:47.047 SERVICE-STAFF - Success AFter Add

[TRACE] 01-07-2019 03:52:14.014 CONTROLLER-STAFF - ADD
[TRACE] 01-07-2019 03:52:14.014 SERVICE-STAFF - Service ADD
[TRACE] 01-07-2019 03:52:14.014 SERVICE-STAFF - Service ADD : $2a$10$VuD/Jq/PmToAfdlVWijp5OZlYixevtOyZ07RRHB7QB7YGNN9aLkM6
[TRACE] 01-07-2019 03:52:14.014 SERVICE-STAFF - Service ADD : 1975-06-21
[TRACE] 01-07-2019 03:52:14.014 SERVICE-STAFF - Service ADD NIP : 1023
[TRACE] 01-07-2019 03:52:14.014 SERVICE-STAFF - Service ADD find : Optional.empty
[TRACE] 01-07-2019 03:52:14.014 SERVICE-STAFF - Service ADD NIP not exist
[TRACE] 01-07-2019 03:52:15.015 SERVICE-STAFF - Success ADD
[TRACE] 01-07-2019 03:52:15.015 SERVICE-STAFF - Success AFter Add

[TRACE] 01-07-2019 03:52:37.037 CONTROLLER-STAFF - ADD
[TRACE] 01-07-2019 03:52:37.037 SERVICE-STAFF - Service ADD
[TRACE] 01-07-2019 03:52:37.037 SERVICE-STAFF - Service ADD : $2a$10$DPUvwiEo3iHdruNnRW89B.lnYiMKVW.airQNg6f7vyZzGMrSj2pqa
[TRACE] 01-07-2019 03:52:37.037 SERVICE-STAFF - Service ADD : 1984-12-04
[TRACE] 01-07-2019 03:52:37.037 SERVICE-STAFF - Service ADD NIP : 1024
[TRACE] 01-07-2019 03:52:37.037 SERVICE-STAFF - Service ADD find : Optional.empty
[TRACE] 01-07-2019 03:52:37.037 SERVICE-STAFF - Service ADD NIP not exist
[TRACE] 01-07-2019 03:52:37.037 SERVICE-STAFF - Success ADD
[TRACE] 01-07-2019 03:52:37.037 SERVICE-STAFF - Success AFter Add

[TRACE] 01-07-2019 03:53:15.015 CONTROLLER-STAFF - ADD
[TRACE] 01-07-2019 03:53:15.015 SERVICE-STAFF - Service ADD
[TRACE] 01-07-2019 03:53:15.015 SERVICE-STAFF - Service ADD : $2a$10$P6cRyMqNe9syBljyYFTP5.GLCz5oXW/Pw5gK8za0V/FWuuAStQOj.
[TRACE] 01-07-2019 03:53:15.015 SERVICE-STAFF - Service ADD : 1980-12-05
[TRACE] 01-07-2019 03:53:15.015 SERVICE-STAFF - Service ADD NIP : 1025
[TRACE] 01-07-2019 03:53:15.015 SERVICE-STAFF - Service ADD find : Optional.empty
[TRACE] 01-07-2019 03:53:15.015 SERVICE-STAFF - Service ADD NIP not exist
[TRACE] 01-07-2019 03:53:16.016 SERVICE-STAFF - Success ADD
[TRACE] 01-07-2019 03:53:16.016 SERVICE-STAFF - Success AFter Add

[TRACE] 01-07-2019 03:53:19.019 CONTROLLER-STAFF - FIND ALL Header Client : siapti Param Pageable : Page request [number: 0, size 10, sort: nip: ASC]

[TRACE] 01-07-2019 03:54:20.020 CONTROLLER-STAFF - ADD
[TRACE] 01-07-2019 03:54:20.020 SERVICE-STAFF - Service ADD
[TRACE] 01-07-2019 03:54:20.020 SERVICE-STAFF - Service ADD : $2a$10$QJcDOUcIS5Z9aM4hwLyuvOrn1ag3RV3RyyN.LgeTUrqj6RoEZ28YK
[TRACE] 01-07-2019 03:54:20.020 SERVICE-STAFF - Service ADD : 1980-04-01
[TRACE] 01-07-2019 03:54:20.020 SERVICE-STAFF - Service ADD NIP : 1026
[TRACE] 01-07-2019 03:54:20.020 SERVICE-STAFF - Service ADD find : Optional.empty
[TRACE] 01-07-2019 03:54:20.020 SERVICE-STAFF - Service ADD NIP not exist

[TRACE] 01-07-2019 03:54:40.040 CONTROLLER-STAFF - ADD
[TRACE] 01-07-2019 03:54:40.040 SERVICE-STAFF - Service ADD
[TRACE] 01-07-2019 03:54:40.040 SERVICE-STAFF - Service ADD : $2a$10$6BIHThT05ruBtIxW2TmaeeGBV1jiBta.Huoas9ZVbErd5CSZkBVuS
[TRACE] 01-07-2019 03:54:40.040 SERVICE-STAFF - Service ADD : 1977-12-01
[TRACE] 01-07-2019 03:54:40.040 SERVICE-STAFF - Service ADD NIP : 1026
[TRACE] 01-07-2019 03:54:40.040 SERVICE-STAFF - Service ADD find : Optional.empty
[TRACE] 01-07-2019 03:54:40.040 SERVICE-STAFF - Service ADD NIP not exist
[TRACE] 01-07-2019 03:54:40.040 SERVICE-STAFF - Success ADD
[TRACE] 01-07-2019 03:54:40.040 SERVICE-STAFF - Success AFter Add

[TRACE] 01-07-2019 03:55:09.009 CONTROLLER-STAFF - ADD
[TRACE] 01-07-2019 03:55:09.009 SERVICE-STAFF - Service ADD
[TRACE] 01-07-2019 03:55:09.009 SERVICE-STAFF - Service ADD : $2a$10$AcoOfVxi4P5xFRx/qFHNO.HMGWS98rq203rpwDrTo/H3jG8D6cM5W
[TRACE] 01-07-2019 03:55:09.009 SERVICE-STAFF - Service ADD : 1979-12-12
[TRACE] 01-07-2019 03:55:09.009 SERVICE-STAFF - Service ADD NIP : 1027
[TRACE] 01-07-2019 03:55:09.009 SERVICE-STAFF - Service ADD find : Optional.empty
[TRACE] 01-07-2019 03:55:09.009 SERVICE-STAFF - Service ADD NIP not exist
[TRACE] 01-07-2019 03:55:09.009 SERVICE-STAFF - Success ADD
[TRACE] 01-07-2019 03:55:09.009 SERVICE-STAFF - Success AFter Add

[TRACE] 01-07-2019 03:55:39.039 CONTROLLER-STAFF - ADD
[TRACE] 01-07-2019 03:55:39.039 SERVICE-STAFF - Service ADD
[TRACE] 01-07-2019 03:55:39.039 SERVICE-STAFF - Service ADD : $2a$10$pleSuoX/LAJGV2ySCGU2SOdtivr2DgoopXPb2/hYWnPm8wIUs8kQS
[TRACE] 01-07-2019 03:55:39.039 SERVICE-STAFF - Service ADD : 1992-12-08
[TRACE] 01-07-2019 03:55:39.039 SERVICE-STAFF - Service ADD NIP : 1028
[TRACE] 01-07-2019 03:55:39.039 SERVICE-STAFF - Service ADD find : Optional.empty
[TRACE] 01-07-2019 03:55:39.039 SERVICE-STAFF - Service ADD NIP not exist
[TRACE] 01-07-2019 03:55:39.039 SERVICE-STAFF - Success ADD
[TRACE] 01-07-2019 03:55:39.039 SERVICE-STAFF - Success AFter Add

[TRACE] 01-07-2019 03:56:14.014 CONTROLLER-STAFF - ADD
[TRACE] 01-07-2019 03:56:14.014 SERVICE-STAFF - Service ADD
[TRACE] 01-07-2019 03:56:14.014 SERVICE-STAFF - Service ADD : $2a$10$LbrJFmxDOJhzGXkSmYmlBu35jL0/1V25iuxtIqwUhbiUn7gKFLLE2
[TRACE] 01-07-2019 03:56:14.014 SERVICE-STAFF - Service ADD : 1989-08-22
[TRACE] 01-07-2019 03:56:14.014 SERVICE-STAFF - Service ADD NIP : 1029
[TRACE] 01-07-2019 03:56:14.014 SERVICE-STAFF - Service ADD find : Optional.empty
[TRACE] 01-07-2019 03:56:14.014 SERVICE-STAFF - Service ADD NIP not exist
[TRACE] 01-07-2019 03:56:14.014 SERVICE-STAFF - Success ADD
[TRACE] 01-07-2019 03:56:14.014 SERVICE-STAFF - Success AFter Add

[TRACE] 01-07-2019 03:56:48.048 CONTROLLER-STAFF - ADD
[TRACE] 01-07-2019 03:56:48.048 SERVICE-STAFF - Service ADD
[TRACE] 01-07-2019 03:56:48.048 SERVICE-STAFF - Service ADD : $2a$10$1GAEJxJLKTsAieXFdmQ.pOzp7qdzQg12A1RiHlqs8vWVMz8kwis8a
[TRACE] 01-07-2019 03:56:48.048 SERVICE-STAFF - Service ADD : 1985-12-09
[TRACE] 01-07-2019 03:56:48.048 SERVICE-STAFF - Service ADD NIP : 1030
[TRACE] 01-07-2019 03:56:48.048 SERVICE-STAFF - Service ADD find : Optional.empty
[TRACE] 01-07-2019 03:56:48.048 SERVICE-STAFF - Service ADD NIP not exist
[TRACE] 01-07-2019 03:56:48.048 SERVICE-STAFF - Success ADD
[TRACE] 01-07-2019 03:56:48.048 SERVICE-STAFF - Success AFter Add

[TRACE] 01-07-2019 03:57:09.009 CONTROLLER-STAFF - ADD
[TRACE] 01-07-2019 03:57:09.009 SERVICE-STAFF - Service ADD
[TRACE] 01-07-2019 03:57:09.009 SERVICE-STAFF - Service ADD : $2a$10$tm3c7ctEvtPrB4Y012XJLedTPFE4g7yR29kJHoTXS/mj7dFLqe3Ru
[TRACE] 01-07-2019 03:57:09.009 SERVICE-STAFF - Service ADD : 1985-08-16
[TRACE] 01-07-2019 03:57:09.009 SERVICE-STAFF - Service ADD NIP : 1031
[TRACE] 01-07-2019 03:57:09.009 SERVICE-STAFF - Service ADD find : Optional.empty
[TRACE] 01-07-2019 03:57:09.009 SERVICE-STAFF - Service ADD NIP not exist
[TRACE] 01-07-2019 03:57:09.009 SERVICE-STAFF - Success ADD
[TRACE] 01-07-2019 03:57:09.009 SERVICE-STAFF - Success AFter Add

[TRACE] 01-07-2019 03:57:50.050 CONTROLLER-STAFF - ADD
[TRACE] 01-07-2019 03:57:50.050 SERVICE-STAFF - Service ADD
[TRACE] 01-07-2019 03:57:50.050 SERVICE-STAFF - Service ADD : $2a$10$ym/KZ6NXj1sfzLn6bbuLXehFeDuxIH6CYvIWX3JnSuKiwW.ZBs.2y
[TRACE] 01-07-2019 03:57:50.050 SERVICE-STAFF - Service ADD : 1989-08-22
[TRACE] 01-07-2019 03:57:50.050 SERVICE-STAFF - Service ADD NIP : 1032
[TRACE] 01-07-2019 03:57:50.050 SERVICE-STAFF - Service ADD find : Optional.empty
[TRACE] 01-07-2019 03:57:50.050 SERVICE-STAFF - Service ADD NIP not exist
[TRACE] 01-07-2019 03:57:50.050 SERVICE-STAFF - Success ADD
[TRACE] 01-07-2019 03:57:50.050 SERVICE-STAFF - Success AFter Add

[TRACE] 01-07-2019 03:58:15.015 CONTROLLER-STAFF - ADD
[TRACE] 01-07-2019 03:58:15.015 SERVICE-STAFF - Service ADD
[TRACE] 01-07-2019 03:58:15.015 SERVICE-STAFF - Service ADD : $2a$10$0Xpy/3xKB.UBIHyllPmzoeIomKae1QUpqGunQ3pI8h8ndXH5zN/vW
[TRACE] 01-07-2019 03:58:15.015 SERVICE-STAFF - Service ADD : 1986-03-01
[TRACE] 01-07-2019 03:58:15.015 SERVICE-STAFF - Service ADD NIP : 1033
[TRACE] 01-07-2019 03:58:15.015 SERVICE-STAFF - Service ADD find : Optional.empty
[TRACE] 01-07-2019 03:58:15.015 SERVICE-STAFF - Service ADD NIP not exist
[TRACE] 01-07-2019 03:58:15.015 SERVICE-STAFF - Success ADD
[TRACE] 01-07-2019 03:58:15.015 SERVICE-STAFF - Success AFter Add

[TRACE] 01-07-2019 03:59:06.006 CONTROLLER-STAFF - ADD
[TRACE] 01-07-2019 03:59:06.006 SERVICE-STAFF - Service ADD
[TRACE] 01-07-2019 03:59:06.006 SERVICE-STAFF - Service ADD : $2a$10$Ui6ewzRbU4cRKZIZiksrUuExneDUpa44a3SPKupBkuyDnYjYoUWP2
[TRACE] 01-07-2019 03:59:06.006 SERVICE-STAFF - Service ADD : 1973-04-21
[TRACE] 01-07-2019 03:59:06.006 SERVICE-STAFF - Service ADD NIP : 1034
[TRACE] 01-07-2019 03:59:06.006 SERVICE-STAFF - Service ADD find : Optional.empty
[TRACE] 01-07-2019 03:59:06.006 SERVICE-STAFF - Service ADD NIP not exist
[TRACE] 01-07-2019 03:59:06.006 SERVICE-STAFF - Success ADD
[TRACE] 01-07-2019 03:59:06.006 SERVICE-STAFF - Success AFter Add

[TRACE] 01-07-2019 04:00:05.005 CONTROLLER-STAFF - ADD
[TRACE] 01-07-2019 04:00:05.005 SERVICE-STAFF - Service ADD
[TRACE] 01-07-2019 04:00:05.005 SERVICE-STAFF - Service ADD : $2a$10$0NBSVwAaICEiNq/hD3pagODyuGkVPk3xcnpzEC36SEmU7F5pq9Jl6
[TRACE] 01-07-2019 04:00:05.005 SERVICE-STAFF - Service ADD : 1983-12-10
[TRACE] 01-07-2019 04:00:05.005 SERVICE-STAFF - Service ADD NIP : 1035
[TRACE] 01-07-2019 04:00:05.005 SERVICE-STAFF - Service ADD find : Optional.empty
[TRACE] 01-07-2019 04:00:05.005 SERVICE-STAFF - Service ADD NIP not exist
[TRACE] 01-07-2019 04:00:05.005 SERVICE-STAFF - Success ADD
[TRACE] 01-07-2019 04:00:05.005 SERVICE-STAFF - Success AFter Add

[TRACE] 01-07-2019 04:00:37.037 CONTROLLER-STAFF - ADD
[TRACE] 01-07-2019 04:00:37.037 SERVICE-STAFF - Service ADD
[TRACE] 01-07-2019 04:00:37.037 SERVICE-STAFF - Service ADD : $2a$10$YA5y6iPwU2pNEDHCnj.Y3uLJVCsnc/uzpjmMG.QxqwQKCihoVNIDC
[TRACE] 01-07-2019 04:00:37.037 SERVICE-STAFF - Service ADD : 1976-12-08
[TRACE] 01-07-2019 04:00:37.037 SERVICE-STAFF - Service ADD NIP : 1036
[TRACE] 01-07-2019 04:00:37.037 SERVICE-STAFF - Service ADD find : Optional.empty
[TRACE] 01-07-2019 04:00:37.037 SERVICE-STAFF - Service ADD NIP not exist
[TRACE] 01-07-2019 04:00:38.038 SERVICE-STAFF - Success ADD
[TRACE] 01-07-2019 04:00:38.038 SERVICE-STAFF - Success AFter Add

[TRACE] 01-07-2019 04:02:17.017 CONTROLLER-STAFF - ADD
[TRACE] 01-07-2019 04:02:17.017 SERVICE-STAFF - Service ADD
[TRACE] 01-07-2019 04:02:17.017 SERVICE-STAFF - Service ADD : $2a$10$KrBnyPdZWT.kKckGUB1nA.2gs31xwJYgO8Gx7iE/n7fKD7wheNI0a
[TRACE] 01-07-2019 04:02:17.017 SERVICE-STAFF - Service ADD : 1980-08-12
[TRACE] 01-07-2019 04:02:17.017 SERVICE-STAFF - Service ADD NIP : 1037
[TRACE] 01-07-2019 04:02:17.017 SERVICE-STAFF - Service ADD find : Optional.empty
[TRACE] 01-07-2019 04:02:17.017 SERVICE-STAFF - Service ADD NIP not exist
[TRACE] 01-07-2019 04:02:17.017 SERVICE-STAFF - Success ADD
[TRACE] 01-07-2019 04:02:17.017 SERVICE-STAFF - Success AFter Add

[TRACE] 01-07-2019 04:02:55.055 CONTROLLER-STAFF - ADD
[TRACE] 01-07-2019 04:02:55.055 SERVICE-STAFF - Service ADD
[TRACE] 01-07-2019 04:02:55.055 SERVICE-STAFF - Service ADD : $2a$10$XUunhIZVTJHcX45DLsDnWOMzZLYNGA7PBKigGYJ10KKwQBGK.sczi
[TRACE] 01-07-2019 04:02:55.055 SERVICE-STAFF - Service ADD : 1980-02-29
[TRACE] 01-07-2019 04:02:55.055 SERVICE-STAFF - Service ADD NIP : 1038
[TRACE] 01-07-2019 04:02:55.055 SERVICE-STAFF - Service ADD find : Optional.empty
[TRACE] 01-07-2019 04:02:55.055 SERVICE-STAFF - Service ADD NIP not exist
[TRACE] 01-07-2019 04:02:55.055 SERVICE-STAFF - Success ADD
[TRACE] 01-07-2019 04:02:55.055 SERVICE-STAFF - Success AFter Add

[TRACE] 01-07-2019 04:03:44.044 CONTROLLER-STAFF - ADD
[TRACE] 01-07-2019 04:03:44.044 SERVICE-STAFF - Service ADD
[TRACE] 01-07-2019 04:03:44.044 SERVICE-STAFF - Service ADD : $2a$10$rqvo3zzQ3A1jru3AplQE6.D7D4aIxnceSE1v9NO7tGuRzkIQTlDoy
[TRACE] 01-07-2019 04:03:44.044 SERVICE-STAFF - Service ADD : 1981-09-25
[TRACE] 01-07-2019 04:03:44.044 SERVICE-STAFF - Service ADD NIP : 1039
[TRACE] 01-07-2019 04:03:44.044 SERVICE-STAFF - Service ADD find : Optional.empty
[TRACE] 01-07-2019 04:03:44.044 SERVICE-STAFF - Service ADD NIP not exist
[TRACE] 01-07-2019 04:03:44.044 SERVICE-STAFF - Success ADD
[TRACE] 01-07-2019 04:03:44.044 SERVICE-STAFF - Success AFter Add

[TRACE] 01-07-2019 04:04:05.005 CONTROLLER-STAFF - FIND ALL Header Client : siapti Param Pageable : Page request [number: 0, size 10, sort: nip: ASC]

[TRACE] 01-07-2019 04:04:09.009 CONTROLLER-STAFF - FIND ALL Header Client : siapti Param Pageable : Page request [number: 3, size 10, sort: nip: ASC]

[TRACE] 01-07-2019 04:04:30.030 CONTROLLER-STAFF - ADD
[TRACE] 01-07-2019 04:04:30.030 SERVICE-STAFF - Service ADD
[TRACE] 01-07-2019 04:04:30.030 SERVICE-STAFF - Service ADD : $2a$10$TMxllIUVbwrHRAsJu8ypEe41aKA.agWOIsZrCfkPDx1/9QRaax1YG
[TRACE] 01-07-2019 04:04:30.030 SERVICE-STAFF - Service ADD : 1979-12-12
[TRACE] 01-07-2019 04:04:30.030 SERVICE-STAFF - Service ADD NIP : 1040
[TRACE] 01-07-2019 04:04:30.030 SERVICE-STAFF - Service ADD find : Optional.empty
[TRACE] 01-07-2019 04:04:30.030 SERVICE-STAFF - Service ADD NIP not exist
[TRACE] 01-07-2019 04:04:30.030 SERVICE-STAFF - Success ADD
[TRACE] 01-07-2019 04:04:30.030 SERVICE-STAFF - Success AFter Add

[TRACE] 01-07-2019 04:04:55.055 CONTROLLER-STAFF - ADD
[TRACE] 01-07-2019 04:04:55.055 SERVICE-STAFF - Service ADD
[TRACE] 01-07-2019 04:04:55.055 SERVICE-STAFF - Service ADD : $2a$10$.dyF7fwQ0HZ/VdPqjcAyTejBX4YjXHC3EYC/mMgTvU6/ZuEskG25O
[TRACE] 01-07-2019 04:04:55.055 SERVICE-STAFF - Service ADD : 1983-05-07
[TRACE] 01-07-2019 04:04:55.055 SERVICE-STAFF - Service ADD NIP : 1041
[TRACE] 01-07-2019 04:04:55.055 SERVICE-STAFF - Service ADD find : Optional.empty
[TRACE] 01-07-2019 04:04:55.055 SERVICE-STAFF - Service ADD NIP not exist
[TRACE] 01-07-2019 04:04:55.055 SERVICE-STAFF - Success ADD
[TRACE] 01-07-2019 04:04:55.055 SERVICE-STAFF - Success AFter Add

[TRACE] 01-07-2019 04:05:36.036 CONTROLLER-STAFF - ADD
[TRACE] 01-07-2019 04:05:36.036 SERVICE-STAFF - Service ADD
[TRACE] 01-07-2019 04:05:36.036 SERVICE-STAFF - Service ADD : $2a$10$Q6MwPIn6XTe4fyCRNvW5qOg31Kfis98NVJTV4PQ3iwpjIpF6hLNLK
[TRACE] 01-07-2019 04:05:36.036 SERVICE-STAFF - Service ADD : 1983-04-24
[TRACE] 01-07-2019 04:05:36.036 SERVICE-STAFF - Service ADD NIP : 1042
[TRACE] 01-07-2019 04:05:36.036 SERVICE-STAFF - Service ADD find : Optional.empty
[TRACE] 01-07-2019 04:05:36.036 SERVICE-STAFF - Service ADD NIP not exist
[TRACE] 01-07-2019 04:05:36.036 SERVICE-STAFF - Success ADD
[TRACE] 01-07-2019 04:05:36.036 SERVICE-STAFF - Success AFter Add

[TRACE] 01-07-2019 04:06:20.020 CONTROLLER-STAFF - ADD
[TRACE] 01-07-2019 04:06:20.020 SERVICE-STAFF - Service ADD
[TRACE] 01-07-2019 04:06:20.020 SERVICE-STAFF - Service ADD : $2a$10$uzVjU90XOEx0kD8fBqU12eJDkoC2VuaojnoY5Wp12kVAm46M6feja
[TRACE] 01-07-2019 04:06:20.020 SERVICE-STAFF - Service ADD : 1980-06-28
[TRACE] 01-07-2019 04:06:20.020 SERVICE-STAFF - Service ADD NIP : 1043
[TRACE] 01-07-2019 04:06:20.020 SERVICE-STAFF - Service ADD find : Optional.empty
[TRACE] 01-07-2019 04:06:20.020 SERVICE-STAFF - Service ADD NIP not exist
[TRACE] 01-07-2019 04:06:20.020 SERVICE-STAFF - Success ADD
[TRACE] 01-07-2019 04:06:20.020 SERVICE-STAFF - Success AFter Add

[TRACE] 01-07-2019 04:07:26.026 CONTROLLER-STAFF - ADD
[TRACE] 01-07-2019 04:07:26.026 SERVICE-STAFF - Service ADD
[TRACE] 01-07-2019 04:07:26.026 SERVICE-STAFF - Service ADD : $2a$10$.5ReHJkD5N3ElpHNMOF9seMTefrDNC4YOolG/xXWrBDi6STOh63uW
[TRACE] 01-07-2019 04:07:26.026 SERVICE-STAFF - Service ADD : 1969-11-30
[TRACE] 01-07-2019 04:07:26.026 SERVICE-STAFF - Service ADD NIP : 1044
[TRACE] 01-07-2019 04:07:26.026 SERVICE-STAFF - Service ADD find : Optional.empty
[TRACE] 01-07-2019 04:07:26.026 SERVICE-STAFF - Service ADD NIP not exist
[TRACE] 01-07-2019 04:07:26.026 SERVICE-STAFF - Success ADD
[TRACE] 01-07-2019 04:07:26.026 SERVICE-STAFF - Success AFter Add

[TRACE] 01-07-2019 04:08:15.015 CONTROLLER-STAFF - ADD
[TRACE] 01-07-2019 04:08:15.015 SERVICE-STAFF - Service ADD
[TRACE] 01-07-2019 04:08:15.015 SERVICE-STAFF - Service ADD : $2a$10$fHunS1wrkmZKVIdudEJoD.v12o1UO0YEBqxcagqcucohsfA.YegwC
[TRACE] 01-07-2019 04:08:15.015 SERVICE-STAFF - Service ADD : 1978-11-25
[TRACE] 01-07-2019 04:08:15.015 SERVICE-STAFF - Service ADD NIP : 1045
[TRACE] 01-07-2019 04:08:15.015 SERVICE-STAFF - Service ADD find : Optional.empty
[TRACE] 01-07-2019 04:08:15.015 SERVICE-STAFF - Service ADD NIP not exist
[TRACE] 01-07-2019 04:08:15.015 SERVICE-STAFF - Success ADD
[TRACE] 01-07-2019 04:08:15.015 SERVICE-STAFF - Success AFter Add

[TRACE] 01-07-2019 04:08:45.045 CONTROLLER-STAFF - ADD
[TRACE] 01-07-2019 04:08:45.045 SERVICE-STAFF - Service ADD
[TRACE] 01-07-2019 04:08:45.045 SERVICE-STAFF - Service ADD : $2a$10$2y2M9dtfhr.EfAuhpCAcqucln0QlHDxaYOFt5OnXCYXSi.7/hYAni
[TRACE] 01-07-2019 04:08:45.045 SERVICE-STAFF - Service ADD : 1982-01-17
[TRACE] 01-07-2019 04:08:45.045 SERVICE-STAFF - Service ADD NIP : 1046
[TRACE] 01-07-2019 04:08:45.045 SERVICE-STAFF - Service ADD find : Optional.empty
[TRACE] 01-07-2019 04:08:45.045 SERVICE-STAFF - Service ADD NIP not exist

[TRACE] 01-07-2019 04:09:38.038 CONTROLLER-STAFF - ADD
[TRACE] 01-07-2019 04:09:38.038 SERVICE-STAFF - Service ADD
[TRACE] 01-07-2019 04:09:38.038 SERVICE-STAFF - Service ADD : $2a$10$.eenotaW8Iem9FHaLzEqsOlnwbrmavGj00l/tdY01cB.aZsp9jM26
[TRACE] 01-07-2019 04:09:38.038 SERVICE-STAFF - Service ADD : 1982-01-17
[TRACE] 01-07-2019 04:09:38.038 SERVICE-STAFF - Service ADD NIP : 1046
[TRACE] 01-07-2019 04:09:38.038 SERVICE-STAFF - Service ADD find : Optional.empty
[TRACE] 01-07-2019 04:09:38.038 SERVICE-STAFF - Service ADD NIP not exist
[TRACE] 01-07-2019 04:09:38.038 SERVICE-STAFF - Success ADD
[TRACE] 01-07-2019 04:09:38.038 SERVICE-STAFF - Success AFter Add

[TRACE] 01-07-2019 04:10:42.042 CONTROLLER-STAFF - ADD
[TRACE] 01-07-2019 04:10:42.042 SERVICE-STAFF - Service ADD
[TRACE] 01-07-2019 04:10:42.042 SERVICE-STAFF - Service ADD : $2a$10$BDP2dr2vHtGbtWR6KH7JKechRItPjKKCbDKg/FlNd.Rd6iJ8D/i1a
[TRACE] 01-07-2019 04:10:42.042 SERVICE-STAFF - Service ADD : 1985-08-24
[TRACE] 01-07-2019 04:10:42.042 SERVICE-STAFF - Service ADD NIP : 1047
[TRACE] 01-07-2019 04:10:42.042 SERVICE-STAFF - Service ADD find : Optional.empty
[TRACE] 01-07-2019 04:10:42.042 SERVICE-STAFF - Service ADD NIP not exist

[TRACE] 01-07-2019 04:11:05.005 CONTROLLER-STAFF - ADD
[TRACE] 01-07-2019 04:11:05.005 SERVICE-STAFF - Service ADD
[TRACE] 01-07-2019 04:11:05.005 SERVICE-STAFF - Service ADD : $2a$10$Xz3z6OVdxsKSQzD9X9.D4.D9odRze53dD5/gDGSqz3Y.Bomp/uPZG
[TRACE] 01-07-2019 04:11:05.005 SERVICE-STAFF - Service ADD : 1984-08-21
[TRACE] 01-07-2019 04:11:05.005 SERVICE-STAFF - Service ADD NIP : 1047
[TRACE] 01-07-2019 04:11:05.005 SERVICE-STAFF - Service ADD find : Optional.empty
[TRACE] 01-07-2019 04:11:05.005 SERVICE-STAFF - Service ADD NIP not exist
[TRACE] 01-07-2019 04:11:05.005 SERVICE-STAFF - Success ADD
[TRACE] 01-07-2019 04:11:05.005 SERVICE-STAFF - Success AFter Add

[TRACE] 01-07-2019 04:11:34.034 CONTROLLER-STAFF - ADD
[TRACE] 01-07-2019 04:11:34.034 SERVICE-STAFF - Service ADD
[TRACE] 01-07-2019 04:11:34.034 SERVICE-STAFF - Service ADD : $2a$10$5hBBG4ZFfO3meeLGt.Zo.ud4QUMXZbYp/XYiCgqn4fJ8fT.TfEkSm
[TRACE] 01-07-2019 04:11:34.034 SERVICE-STAFF - Service ADD : 1982-06-19
[TRACE] 01-07-2019 04:11:34.034 SERVICE-STAFF - Service ADD NIP : 1048
[TRACE] 01-07-2019 04:11:34.034 SERVICE-STAFF - Service ADD find : Optional.empty
[TRACE] 01-07-2019 04:11:34.034 SERVICE-STAFF - Service ADD NIP not exist
[TRACE] 01-07-2019 04:11:34.034 SERVICE-STAFF - Success ADD
[TRACE] 01-07-2019 04:11:34.034 SERVICE-STAFF - Success AFter Add

[TRACE] 01-07-2019 04:12:15.015 CONTROLLER-STAFF - ADD
[TRACE] 01-07-2019 04:12:15.015 SERVICE-STAFF - Service ADD
[TRACE] 01-07-2019 04:12:15.015 SERVICE-STAFF - Service ADD : $2a$10$me/NyTZ5QBo7pOzkpAh/EeYoGhC.eEouM9n0fYVu/GXWIpcEdsZl.
[TRACE] 01-07-2019 04:12:15.015 SERVICE-STAFF - Service ADD : 1981-01-30
[TRACE] 01-07-2019 04:12:15.015 SERVICE-STAFF - Service ADD NIP : 1049
[TRACE] 01-07-2019 04:12:15.015 SERVICE-STAFF - Service ADD find : Optional.empty
[TRACE] 01-07-2019 04:12:15.015 SERVICE-STAFF - Service ADD NIP not exist
[TRACE] 01-07-2019 04:12:15.015 SERVICE-STAFF - Success ADD
[TRACE] 01-07-2019 04:12:15.015 SERVICE-STAFF - Success AFter Add

[TRACE] 01-07-2019 04:12:51.051 CONTROLLER-STAFF - ADD
[TRACE] 01-07-2019 04:12:51.051 SERVICE-STAFF - Service ADD
[TRACE] 01-07-2019 04:12:51.051 SERVICE-STAFF - Service ADD : $2a$10$.pnZD0irYKeYmqrKqCHKROrFTbMGHk/Nm8ivzKQHLtNNrqIgyO/Mm
[TRACE] 01-07-2019 04:12:51.051 SERVICE-STAFF - Service ADD : 1984-12-11
[TRACE] 01-07-2019 04:12:51.051 SERVICE-STAFF - Service ADD NIP : 1050
[TRACE] 01-07-2019 04:12:51.051 SERVICE-STAFF - Service ADD find : Optional.empty
[TRACE] 01-07-2019 04:12:51.051 SERVICE-STAFF - Service ADD NIP not exist
[TRACE] 01-07-2019 04:12:51.051 SERVICE-STAFF - Success ADD
[TRACE] 01-07-2019 04:12:51.051 SERVICE-STAFF - Success AFter Add

[TRACE] 01-07-2019 04:13:03.003 CONTROLLER-STAFF - FIND ALL Header Client : siapti Param Pageable : Page request [number: 0, size 10, sort: nip: ASC]

[TRACE] 01-07-2019 04:13:23.023 CONTROLLER-STAFF - FIND ALL Header Client : siapti Param Pageable : Page request [number: 1, size 10, sort: nip: ASC]

[TRACE] 01-07-2019 04:13:28.028 CONTROLLER-STAFF - FIND ALL Header Client : siapti Param Pageable : Page request [number: 2, size 10, sort: nip: ASC]

[TRACE] 01-07-2019 04:13:29.029 CONTROLLER-STAFF - FIND ALL Header Client : siapti Param Pageable : Page request [number: 3, size 10, sort: nip: ASC]

[TRACE] 01-07-2019 04:13:30.030 CONTROLLER-STAFF - FIND ALL Header Client : siapti Param Pageable : Page request [number: 4, size 10, sort: nip: ASC]

[TRACE] 01-07-2019 04:15:11.011 CONTROLLER-STAFF - FIND ALL Header Client : siapti Param Pageable : Page request [number: 3, size 10, sort: nip: ASC]

[TRACE] 01-07-2019 04:15:11.011 CONTROLLER-STAFF - FIND ALL Header Client : siapti Param Pageable : Page request [number: 2, size 10, sort: nip: ASC]

[TRACE] 01-07-2019 04:15:12.012 CONTROLLER-STAFF - FIND ALL Header Client : siapti Param Pageable : Page request [number: 1, size 10, sort: nip: ASC]

[TRACE] 01-07-2019 04:15:13.013 CONTROLLER-STAFF - FIND ALL Header Client : siapti Param Pageable : Page request [number: 0, size 10, sort: nip: ASC]

[TRACE] 03-07-2019 10:18:18.018 CONTROLLER-STAFF - FIND ALL Header Client : siapti Param Pageable : Page request [number: 0, size 10, sort: nip: ASC]

[TRACE] 03-07-2019 10:18:26.026 CONTROLLER-STAFF - FIND ALL Header Client : siapti Param Pageable : Page request [number: 5, size 10, sort: nip: ASC]

[TRACE] 03-07-2019 10:18:28.028 CONTROLLER-STAFF - FIND ALL Header Client : siapti Param Pageable : Page request [number: 0, size 10, sort: nip: ASC]

[TRACE] 03-07-2019 10:18:29.029 CONTROLLER-STAFF - FIND ALL Header Client : siapti Param Pageable : Page request [number: 2, size 10, sort: nip: ASC]

[TRACE] 03-07-2019 11:18:36.036 CONTROLLER-STAFF - FIND ALL Header Client : siapti Param Pageable : Page request [number: 0, size 10, sort: nip: ASC]

[TRACE] 03-07-2019 11:19:00.000 CONTROLLER-STAFF - FIND ALL Header Client : siapti Param Pageable : Page request [number: 5, size 10, sort: nip: ASC]

[TRACE] 03-07-2019 11:19:02.002 CONTROLLER-STAFF - FIND ALL Header Client : siapti Param Pageable : Page request [number: 0, size 10, sort: nip: ASC]

[TRACE] 03-07-2019 11:19:04.004 CONTROLLER-STAFF - FIND ALL Header Client : siapti Param Pageable : Page request [number: 5, size 10, sort: nip: ASC]

[TRACE] 03-07-2019 11:19:06.006 CONTROLLER-STAFF - FIND ALL Header Client : siapti Param Pageable : Page request [number: 0, size 10, sort: nip: ASC]

[TRACE] 04-07-2019 10:00:28.028 CONTROLLER-STAFF - FIND ALL Header Client : siapti Param Pageable : Page request [number: 0, size 10, sort: nip: ASC]

[TRACE] 04-07-2019 10:00:30.030 CONTROLLER-STAFF - FIND ALL Header Client : siapti Param Pageable : Page request [number: 5, size 10, sort: nip: ASC]

[TRACE] 04-07-2019 10:00:31.031 CONTROLLER-STAFF - FIND ALL Header Client : siapti Param Pageable : Page request [number: 6, size 10, sort: nip: ASC]

[TRACE] 04-07-2019 10:00:32.032 CONTROLLER-STAFF - FIND ALL Header Client : siapti Param Pageable : Page request [number: 7, size 10, sort: nip: ASC]

[TRACE] 04-07-2019 10:00:33.033 CONTROLLER-STAFF - FIND ALL Header Client : siapti Param Pageable : Page request [number: 8, size 10, sort: nip: ASC]

[TRACE] 04-07-2019 10:00:34.034 CONTROLLER-STAFF - FIND ALL Header Client : siapti Param Pageable : Page request [number: 9, size 10, sort: nip: ASC]

[TRACE] 04-07-2019 10:00:35.035 CONTROLLER-STAFF - FIND ALL Header Client : siapti Param Pageable : Page request [number: 10, size 10, sort: nip: ASC]

[TRACE] 04-07-2019 10:00:36.036 CONTROLLER-STAFF - FIND ALL Header Client : siapti Param Pageable : Page request [number: 2, size 10, sort: nip: ASC]

[TRACE] 04-07-2019 10:00:37.037 CONTROLLER-STAFF - FIND ALL Header Client : siapti Param Pageable : Page request [number: 0, size 10, sort: nip: ASC]

[TRACE] 04-07-2019 10:00:38.038 CONTROLLER-STAFF - FIND ALL Header Client : siapti Param Pageable : Page request [number: 0, size 10, sort: nip: ASC]

[TRACE] 04-07-2019 10:00:39.039 CONTROLLER-STAFF - FIND ALL Header Client : siapti Param Pageable : Page request [number: 0, size 10, sort: nip: ASC]

[TRACE] 04-07-2019 10:00:39.039 CONTROLLER-STAFF - FIND ALL Header Client : siapti Param Pageable : Page request [number: 0, size 10, sort: nip: ASC]

[TRACE] 04-07-2019 10:00:39.039 CONTROLLER-STAFF - FIND ALL Header Client : siapti Param Pageable : Page request [number: 0, size 10, sort: nip: ASC]

[TRACE] 04-07-2019 10:00:40.040 CONTROLLER-STAFF - FIND ALL Header Client : siapti Param Pageable : Page request [number: 0, size 10, sort: nip: ASC]

[TRACE] 04-07-2019 10:00:40.040 CONTROLLER-STAFF - FIND ALL Header Client : siapti Param Pageable : Page request [number: 0, size 10, sort: nip: ASC]

[TRACE] 04-07-2019 10:00:40.040 CONTROLLER-STAFF - FIND ALL Header Client : siapti Param Pageable : Page request [number: 0, size 10, sort: nip: ASC]

[TRACE] 04-07-2019 10:01:54.054 CONTROLLER-STAFF - FIND ALL Header Client : siapti Param Pageable : Page request [number: 0, size 10, sort: nip: ASC]

[TRACE] 04-07-2019 10:01:55.055 CONTROLLER-STAFF - FIND ALL Header Client : siapti Param Pageable : Page request [number: 0, size 10, sort: nip: ASC]

[TRACE] 04-07-2019 10:02:05.005 CONTROLLER-STAFF - FIND ALL Header Client : siapti Param Pageable : Page request [number: 0, size 10, sort: nip: ASC]

[TRACE] 04-07-2019 10:02:07.007 CONTROLLER-STAFF - FIND ALL Header Client : siapti Param Pageable : Page request [number: 1, size 10, sort: nip: ASC]

[TRACE] 04-07-2019 10:02:17.017 CONTROLLER-STAFF - FIND ALL Header Client : siapti Param Pageable : Page request [number: 2, size 10, sort: nip: ASC]

[TRACE] 04-07-2019 10:02:17.017 CONTROLLER-STAFF - FIND ALL Header Client : siapti Param Pageable : Page request [number: 3, size 10, sort: nip: ASC]

[TRACE] 04-07-2019 10:02:21.021 CONTROLLER-STAFF - FIND ALL Header Client : siapti Param Pageable : Page request [number: 4, size 10, sort: nip: ASC]

[TRACE] 04-07-2019 10:02:25.025 CONTROLLER-STAFF - FIND ALL Header Client : siapti Param Pageable : Page request [number: 5, size 10, sort: nip: ASC]

[TRACE] 04-07-2019 10:02:27.027 CONTROLLER-STAFF - FIND ALL Header Client : siapti Param Pageable : Page request [number: 6, size 10, sort: nip: ASC]

[TRACE] 04-07-2019 10:02:31.031 CONTROLLER-STAFF - FIND ALL Header Client : siapti Param Pageable : Page request [number: 7, size 10, sort: nip: ASC]

[TRACE] 04-07-2019 10:02:35.035 CONTROLLER-STAFF - FIND ALL Header Client : siapti Param Pageable : Page request [number: 6, size 10, sort: nip: ASC]

[TRACE] 04-07-2019 10:02:36.036 CONTROLLER-STAFF - FIND ALL Header Client : siapti Param Pageable : Page request [number: 5, size 10, sort: nip: ASC]

[TRACE] 04-07-2019 10:03:05.005 CONTROLLER-STAFF - FIND ALL Header Client : siapti Param Pageable : Page request [number: 0, size 10, sort: nip: ASC]

[TRACE] 04-07-2019 10:03:06.006 CONTROLLER-STAFF - FIND ALL Header Client : siapti Param Pageable : Page request [number: 5, size 10, sort: nip: ASC]

[TRACE] 04-07-2019 10:03:08.008 CONTROLLER-STAFF - FIND ALL Header Client : siapti Param Pageable : Page request [number: 6, size 10, sort: nip: ASC]

[TRACE] 04-07-2019 10:03:09.009 CONTROLLER-STAFF - FIND ALL Header Client : siapti Param Pageable : Page request [number: 7, size 10, sort: nip: ASC]

[TRACE] 04-07-2019 10:03:09.009 CONTROLLER-STAFF - FIND ALL Header Client : siapti Param Pageable : Page request [number: 8, size 10, sort: nip: ASC]

[TRACE] 04-07-2019 10:03:09.009 CONTROLLER-STAFF - FIND ALL Header Client : siapti Param Pageable : Page request [number: 9, size 10, sort: nip: ASC]

[TRACE] 04-07-2019 10:03:09.009 CONTROLLER-STAFF - FIND ALL Header Client : siapti Param Pageable : Page request [number: 10, size 10, sort: nip: ASC]

[TRACE] 04-07-2019 10:09:39.039 CONTROLLER-STAFF - FIND ALL Header Client : siapti Param Pageable : Page request [number: 0, size 10, sort: nip: ASC]

[TRACE] 04-07-2019 10:12:32.032 CONTROLLER-STAFF - FIND ALL Header Client : siapti Param Pageable : Page request [number: 0, size 10, sort: nip: ASC]

[TRACE] 20-07-2019 08:30:41.041 CONTROLLER-STAFF - FIND ALL Header Client : siapti Param Pageable : Page request [number: 0, size 10, sort: nip: ASC]

[TRACE] 20-07-2019 08:33:20.020 CONTROLLER-STAFF - FIND ALL Header Client : siapti Param Pageable : Page request [number: 0, size 10, sort: nip: ASC]

[TRACE] 20-07-2019 08:34:35.035 CONTROLLER-STAFF - FIND ALL Header Client : siapti Param Pageable : Page request [number: 0, size 10, sort: nip: ASC]

[TRACE] 20-07-2019 08:37:03.003 CONTROLLER-STAFF - FIND ALL Header Client : siapti Param Pageable : Page request [number: 0, size 10, sort: nip: ASC]

[TRACE] 20-07-2019 08:37:05.005 CONTROLLER-STAFF - FIND ALL Header Client : siapti Param Pageable : Page request [number: 0, size 10, sort: nip: ASC]

[TRACE] 20-07-2019 08:37:22.022 CONTROLLER-STAFF - FIND ALL Header Client : siapti Param Pageable : Page request [number: 0, size 10, sort: nip: ASC]

[TRACE] 20-07-2019 08:38:01.001 CONTROLLER-STAFF - FIND ALL Header Client : siapti Param Pageable : Page request [number: 0, size 10, sort: nip: ASC]

[TRACE] 20-07-2019 08:38:10.010 CONTROLLER-STAFF - FIND ALL Header Client : siapti Param Pageable : Page request [number: 0, size 10, sort: nip: ASC]

[TRACE] 20-07-2019 08:38:12.012 CONTROLLER-STAFF - FIND ALL Header Client : siapti Param Pageable : Page request [number: 0, size 10, sort: nip: ASC]

[TRACE] 20-07-2019 08:38:12.012 CONTROLLER-STAFF - FIND ALL Header Client : siapti Param Pageable : Page request [number: 0, size 10, sort: nip: ASC]

[TRACE] 20-07-2019 08:38:43.043 CONTROLLER-STAFF - FIND ALL Header Client : siapti Param Pageable : Page request [number: 0, size 10, sort: nip: ASC]

[TRACE] 20-07-2019 08:39:01.001 CONTROLLER-STAFF - FIND ALL Header Client : siapti Param Pageable : Page request [number: 0, size 10, sort: nip: ASC]

[TRACE] 20-07-2019 08:39:03.003 CONTROLLER-STAFF - FIND ALL Header Client : siapti Param Pageable : Page request [number: 0, size 10, sort: nip: ASC]

[TRACE] 20-07-2019 08:39:30.030 CONTROLLER-STAFF - ADD
[TRACE] 20-07-2019 08:39:30.030 SERVICE-STAFF - Service ADD
[TRACE] 20-07-2019 08:39:30.030 SERVICE-STAFF - Service ADD : $2a$10$CHzx5n.dFxSxAa6egeVz/OPU7VrtPs.FYGYN5C9gggyxZ5A5cPlHa
[TRACE] 20-07-2019 08:39:30.030 SERVICE-STAFF - Service ADD : 1992-12-02
[TRACE] 20-07-2019 08:39:30.030 SERVICE-STAFF - Service ADD NIP : 1051
[TRACE] 20-07-2019 08:39:30.030 SERVICE-STAFF - Service ADD find : Optional.empty
[TRACE] 20-07-2019 08:39:30.030 SERVICE-STAFF - Service ADD NIP not exist
[TRACE] 20-07-2019 08:39:32.032 SERVICE-STAFF - Success ADD
[TRACE] 20-07-2019 08:39:32.032 SERVICE-STAFF - Success AFter Add

[TRACE] 20-07-2019 08:39:34.034 CONTROLLER-STAFF - FIND ALL Header Client : siapti Param Pageable : Page request [number: 0, size 10, sort: nip: ASC]

[TRACE] 20-07-2019 08:39:35.035 CONTROLLER-STAFF - FIND ALL Header Client : siapti Param Pageable : Page request [number: 5, size 10, sort: nip: ASC]

[TRACE] 20-07-2019 08:39:37.037 CONTROLLER-STAFF - FIND ALL Header Client : siapti Param Pageable : Page request [number: 0, size 10, sort: nip: ASC]

[TRACE] 20-07-2019 08:40:31.031 CONTROLLER-STAFF - FIND ALL Header Client : siapti Param Pageable : Page request [number: 0, size 10, sort: nip: ASC]

[TRACE] 20-07-2019 08:41:14.014 CONTROLLER-STAFF - FIND ALL Header Client : siapti Param Pageable : Page request [number: 0, size 10, sort: nip: ASC]

[TRACE] 20-07-2019 08:50:22.022 CONTROLLER-STAFF - FIND ALL Header Client : siapti Param Pageable : Page request [number: 0, size 10, sort: nip: ASC]

[TRACE] 20-07-2019 08:50:22.022 CONTROLLER-STAFF - FIND ALL Header Client : siapti Param Pageable : Page request [number: 0, size 10, sort: nip: ASC]

[TRACE] 20-07-2019 08:50:22.022 CONTROLLER-STAFF - FIND ALL Header Client : siapti Param Pageable : Page request [number: 0, size 10, sort: nip: ASC]

[TRACE] 20-07-2019 08:50:38.038 CONTROLLER-STAFF - FIND ALL Header Client : siapti Param Pageable : Page request [number: 0, size 10, sort: nip: ASC]

[TRACE] 20-07-2019 08:52:10.010 CONTROLLER-STAFF - FIND ALL Header Client : siapti Param Pageable : Page request [number: 0, size 10, sort: nip: ASC]

[TRACE] 20-07-2019 08:52:23.023 CONTROLLER-STAFF - FIND ALL Header Client : siapti Param Pageable : Page request [number: 0, size 10, sort: nip: ASC]
